{"C:\\Users\\nayen\\frontend-finanzas\\src\\components\\categories\\CategoryForm.jsx": {"path":"C:\\Users\\nayen\\frontend-finanzas\\src\\components\\categories\\CategoryForm.jsx","statementMap":{"0":{"start":{"line":11,"column":32},"end":{"line":15,"column":null}},"1":{"start":{"line":17,"column":4},"end":{"line":25,"column":null}},"2":{"start":{"line":18,"column":8},"end":{"line":24,"column":null}},"3":{"start":{"line":19,"column":12},"end":{"line":23,"column":null}},"4":{"start":{"line":27,"column":25},"end":{"line":30,"column":null}},"5":{"start":{"line":28,"column":32},"end":{"line":28,"column":null}},"6":{"start":{"line":29,"column":8},"end":{"line":29,"column":null}},"7":{"start":{"line":29,"column":29},"end":{"line":29,"column":56}},"8":{"start":{"line":32,"column":25},"end":{"line":35,"column":null}},"9":{"start":{"line":33,"column":8},"end":{"line":33,"column":null}},"10":{"start":{"line":34,"column":8},"end":{"line":34,"column":null}},"11":{"start":{"line":37,"column":4},"end":{"line":99,"column":null}},"12":{"start":{"line":49,"column":33},"end":{"line":49,"column":null}}},"fnMap":{"0":{"name":"CategoryForm","decl":{"start":{"line":5,"column":24},"end":{"line":5,"column":37}},"loc":{"start":{"line":10,"column":3},"end":{"line":101,"column":null}},"line":10},"1":{"name":"(anonymous_1)","decl":{"start":{"line":17,"column":14},"end":{"line":17,"column":20}},"loc":{"start":{"line":17,"column":20},"end":{"line":25,"column":7}},"line":17},"2":{"name":"(anonymous_2)","decl":{"start":{"line":27,"column":25},"end":{"line":27,"column":26}},"loc":{"start":{"line":27,"column":32},"end":{"line":30,"column":null}},"line":27},"3":{"name":"(anonymous_3)","decl":{"start":{"line":29,"column":20},"end":{"line":29,"column":29}},"loc":{"start":{"line":29,"column":29},"end":{"line":29,"column":56}},"line":29},"4":{"name":"(anonymous_4)","decl":{"start":{"line":32,"column":25},"end":{"line":32,"column":26}},"loc":{"start":{"line":32,"column":32},"end":{"line":35,"column":null}},"line":32},"5":{"name":"(anonymous_5)","decl":{"start":{"line":49,"column":26},"end":{"line":49,"column":27}},"loc":{"start":{"line":49,"column":33},"end":{"line":49,"column":null}},"line":49}},"branchMap":{"0":{"loc":{"start":{"line":6,"column":4},"end":{"line":6,"column":null}},"type":"default-arg","locations":[{"start":{"line":6,"column":18},"end":{"line":6,"column":null}}],"line":6},"1":{"loc":{"start":{"line":9,"column":4},"end":{"line":9,"column":null}},"type":"default-arg","locations":[{"start":{"line":9,"column":16},"end":{"line":9,"column":null}}],"line":9},"2":{"loc":{"start":{"line":18,"column":8},"end":{"line":24,"column":null}},"type":"if","locations":[{"start":{"line":18,"column":8},"end":{"line":24,"column":null}},{"start":{},"end":{}}],"line":18},"3":{"loc":{"start":{"line":20,"column":22},"end":{"line":20,"column":null}},"type":"binary-expr","locations":[{"start":{"line":20,"column":22},"end":{"line":20,"column":42}},{"start":{"line":20,"column":42},"end":{"line":20,"column":64}},{"start":{"line":20,"column":64},"end":{"line":20,"column":null}}],"line":20},"4":{"loc":{"start":{"line":21,"column":23},"end":{"line":21,"column":null}},"type":"cond-expr","locations":[{"start":{"line":21,"column":90},"end":{"line":21,"column":101}},{"start":{"line":21,"column":101},"end":{"line":21,"column":null}}],"line":21},"5":{"loc":{"start":{"line":21,"column":23},"end":{"line":21,"column":90}},"type":"binary-expr","locations":[{"start":{"line":21,"column":23},"end":{"line":21,"column":56}},{"start":{"line":21,"column":56},"end":{"line":21,"column":90}}],"line":21},"6":{"loc":{"start":{"line":22,"column":23},"end":{"line":22,"column":null}},"type":"binary-expr","locations":[{"start":{"line":22,"column":23},"end":{"line":22,"column":44}},{"start":{"line":22,"column":44},"end":{"line":22,"column":null}}],"line":22},"7":{"loc":{"start":{"line":41,"column":21},"end":{"line":41,"column":null}},"type":"cond-expr","locations":[{"start":{"line":41,"column":35},"end":{"line":41,"column":56}},{"start":{"line":41,"column":56},"end":{"line":41,"column":null}}],"line":41},"8":{"loc":{"start":{"line":96,"column":21},"end":{"line":96,"column":null}},"type":"cond-expr","locations":[{"start":{"line":96,"column":33},"end":{"line":96,"column":51}},{"start":{"line":96,"column":51},"end":{"line":96,"column":null}}],"line":96},"9":{"loc":{"start":{"line":96,"column":51},"end":{"line":96,"column":null}},"type":"cond-expr","locations":[{"start":{"line":96,"column":65},"end":{"line":96,"column":80}},{"start":{"line":96,"column":80},"end":{"line":96,"column":null}}],"line":96}},"s":{"0":13,"1":13,"2":7,"3":2,"4":13,"5":4,"6":4,"7":4,"8":13,"9":3,"10":3,"11":13,"12":3},"f":{"0":13,"1":7,"2":4,"3":4,"4":3,"5":3},"b":{"0":[13],"1":[13],"2":[2,5],"3":[2,1,0],"4":[0,2],"5":[2,2],"6":[2,1],"7":[5,8],"8":[1,12],"9":[5,7]},"meta":{"lastBranch":10,"lastFunction":6,"lastStatement":13,"seen":{"f:5:24:5:37":0,"b:6:18:6:Infinity":0,"b:9:16:9:Infinity":1,"s:11:32:15:Infinity":0,"s:17:4:25:Infinity":1,"f:17:14:17:20":1,"b:18:8:24:Infinity:undefined:undefined:undefined:undefined":2,"s:18:8:24:Infinity":2,"s:19:12:23:Infinity":3,"b:20:22:20:42:20:42:20:64:20:64:20:Infinity":3,"b:21:90:21:101:21:101:21:Infinity":4,"b:21:23:21:56:21:56:21:90":5,"b:22:23:22:44:22:44:22:Infinity":6,"s:27:25:30:Infinity":4,"f:27:25:27:26":2,"s:28:32:28:Infinity":5,"s:29:8:29:Infinity":6,"f:29:20:29:29":3,"s:29:29:29:56":7,"s:32:25:35:Infinity":8,"f:32:25:32:26":4,"s:33:8:33:Infinity":9,"s:34:8:34:Infinity":10,"s:37:4:99:Infinity":11,"b:41:35:41:56:41:56:41:Infinity":7,"f:49:26:49:27":5,"s:49:33:49:Infinity":12,"b:96:33:96:51:96:51:96:Infinity":8,"b:96:65:96:80:96:80:96:Infinity":9}}}
,"C:\\Users\\nayen\\frontend-finanzas\\src\\components\\categories\\CategoryList.jsx": {"path":"C:\\Users\\nayen\\frontend-finanzas\\src\\components\\categories\\CategoryList.jsx","statementMap":{"0":{"start":{"line":6,"column":4},"end":{"line":13,"column":null}},"1":{"start":{"line":7,"column":8},"end":{"line":11,"column":null}},"2":{"start":{"line":15,"column":4},"end":{"line":65,"column":null}},"3":{"start":{"line":18,"column":16},"end":{"line":63,"column":null}},"4":{"start":{"line":49,"column":43},"end":{"line":49,"column":null}},"5":{"start":{"line":56,"column":43},"end":{"line":56,"column":null}}},"fnMap":{"0":{"name":"CategoryList","decl":{"start":{"line":5,"column":24},"end":{"line":5,"column":37}},"loc":{"start":{"line":5,"column":71},"end":{"line":67,"column":null}},"line":5},"1":{"name":"(anonymous_1)","decl":{"start":{"line":17,"column":28},"end":{"line":17,"column":29}},"loc":{"start":{"line":18,"column":16},"end":{"line":63,"column":null}},"line":18},"2":{"name":"(anonymous_2)","decl":{"start":{"line":49,"column":37},"end":{"line":49,"column":43}},"loc":{"start":{"line":49,"column":43},"end":{"line":49,"column":null}},"line":49},"3":{"name":"(anonymous_3)","decl":{"start":{"line":56,"column":37},"end":{"line":56,"column":43}},"loc":{"start":{"line":56,"column":43},"end":{"line":56,"column":null}},"line":56}},"branchMap":{"0":{"loc":{"start":{"line":6,"column":4},"end":{"line":13,"column":null}},"type":"if","locations":[{"start":{"line":6,"column":4},"end":{"line":13,"column":null}},{"start":{},"end":{}}],"line":6},"1":{"loc":{"start":{"line":6,"column":8},"end":{"line":6,"column":48}},"type":"binary-expr","locations":[{"start":{"line":6,"column":8},"end":{"line":6,"column":23}},{"start":{"line":6,"column":23},"end":{"line":6,"column":48}}],"line":6},"2":{"loc":{"start":{"line":25,"column":54},"end":{"line":25,"column":82}},"type":"binary-expr","locations":[{"start":{"line":25,"column":54},"end":{"line":25,"column":72}},{"start":{"line":25,"column":72},"end":{"line":25,"column":82}}],"line":25},"3":{"loc":{"start":{"line":27,"column":30},"end":{"line":27,"column":71}},"type":"binary-expr","locations":[{"start":{"line":27,"column":30},"end":{"line":27,"column":47}},{"start":{"line":27,"column":47},"end":{"line":27,"column":66}},{"start":{"line":27,"column":66},"end":{"line":27,"column":71}}],"line":27},"4":{"loc":{"start":{"line":30,"column":73},"end":{"line":30,"column":106}},"type":"binary-expr","locations":[{"start":{"line":30,"column":73},"end":{"line":30,"column":90}},{"start":{"line":30,"column":90},"end":{"line":30,"column":106}}],"line":30},"5":{"loc":{"start":{"line":32,"column":34},"end":{"line":41,"column":null}},"type":"cond-expr","locations":[{"start":{"line":33,"column":36},"end":{"line":36,"column":null}},{"start":{"line":38,"column":36},"end":{"line":41,"column":null}}],"line":32},"6":{"loc":{"start":{"line":32,"column":34},"end":{"line":32,"column":null}},"type":"binary-expr","locations":[{"start":{"line":32,"column":34},"end":{"line":32,"column":64}},{"start":{"line":32,"column":64},"end":{"line":32,"column":null}}],"line":32},"7":{"loc":{"start":{"line":19,"column":25},"end":{"line":19,"column":null}},"type":"binary-expr","locations":[{"start":{"line":19,"column":25},"end":{"line":19,"column":50}},{"start":{"line":19,"column":50},"end":{"line":19,"column":65}},{"start":{"line":19,"column":65},"end":{"line":19,"column":null}}],"line":19}},"s":{"0":8,"1":3,"2":5,"3":6,"4":1,"5":1},"f":{"0":8,"1":6,"2":1,"3":1},"b":{"0":[3,5],"1":[8,8],"2":[6,6],"3":[6,6,0],"4":[6,6],"5":[1,5],"6":[6,6],"7":[6,0,0]},"meta":{"lastBranch":8,"lastFunction":4,"lastStatement":6,"seen":{"f:5:24:5:37":0,"b:6:4:13:Infinity:undefined:undefined:undefined:undefined":0,"s:6:4:13:Infinity":0,"b:6:8:6:23:6:23:6:48":1,"s:7:8:11:Infinity":1,"s:15:4:65:Infinity":2,"f:17:28:17:29":1,"s:18:16:63:Infinity":3,"b:25:54:25:72:25:72:25:82":2,"b:27:30:27:47:27:47:27:66:27:66:27:71":3,"b:30:73:30:90:30:90:30:106":4,"b:33:36:36:Infinity:38:36:41:Infinity":5,"b:32:34:32:64:32:64:32:Infinity":6,"f:49:37:49:43":2,"s:49:43:49:Infinity":4,"f:56:37:56:43":3,"s:56:43:56:Infinity":5,"b:19:25:19:50:19:50:19:65:19:65:19:Infinity":7}}}
,"C:\\Users\\nayen\\frontend-finanzas\\src\\components\\chat\\ChatInput.jsx": {"path":"C:\\Users\\nayen\\frontend-finanzas\\src\\components\\chat\\ChatInput.jsx","statementMap":{"0":{"start":{"line":4,"column":18},"end":{"line":35,"column":null}},"1":{"start":{"line":5,"column":24},"end":{"line":5,"column":null}},"2":{"start":{"line":7,"column":25},"end":{"line":12,"column":null}},"3":{"start":{"line":8,"column":8},"end":{"line":8,"column":null}},"4":{"start":{"line":9,"column":8},"end":{"line":9,"column":null}},"5":{"start":{"line":9,"column":26},"end":{"line":9,"column":null}},"6":{"start":{"line":10,"column":8},"end":{"line":10,"column":null}},"7":{"start":{"line":11,"column":8},"end":{"line":11,"column":null}},"8":{"start":{"line":14,"column":4},"end":{"line":33,"column":null}},"9":{"start":{"line":21,"column":33},"end":{"line":21,"column":null}}},"fnMap":{"0":{"name":"(anonymous_0)","decl":{"start":{"line":4,"column":18},"end":{"line":4,"column":19}},"loc":{"start":{"line":4,"column":34},"end":{"line":35,"column":null}},"line":4},"1":{"name":"(anonymous_1)","decl":{"start":{"line":7,"column":25},"end":{"line":7,"column":26}},"loc":{"start":{"line":7,"column":32},"end":{"line":12,"column":null}},"line":7},"2":{"name":"(anonymous_2)","decl":{"start":{"line":21,"column":26},"end":{"line":21,"column":27}},"loc":{"start":{"line":21,"column":33},"end":{"line":21,"column":null}},"line":21}},"branchMap":{"0":{"loc":{"start":{"line":9,"column":8},"end":{"line":9,"column":null}},"type":"if","locations":[{"start":{"line":9,"column":8},"end":{"line":9,"column":null}},{"start":{},"end":{}}],"line":9}},"s":{"0":1,"1":12,"2":12,"3":2,"4":2,"5":0,"6":2,"7":2,"8":12,"9":2},"f":{"0":12,"1":2,"2":2},"b":{"0":[0,2]},"meta":{"lastBranch":1,"lastFunction":3,"lastStatement":10,"seen":{"s:4:18:35:Infinity":0,"f:4:18:4:19":0,"s:5:24:5:Infinity":1,"s:7:25:12:Infinity":2,"f:7:25:7:26":1,"s:8:8:8:Infinity":3,"b:9:8:9:Infinity:undefined:undefined:undefined:undefined":0,"s:9:8:9:Infinity":4,"s:9:26:9:Infinity":5,"s:10:8:10:Infinity":6,"s:11:8:11:Infinity":7,"s:14:4:33:Infinity":8,"f:21:26:21:27":2,"s:21:33:21:Infinity":9}}}
,"C:\\Users\\nayen\\frontend-finanzas\\src\\components\\chat\\ChatWindow.jsx": {"path":"C:\\Users\\nayen\\frontend-finanzas\\src\\components\\chat\\ChatWindow.jsx","statementMap":{"0":{"start":{"line":4,"column":19},"end":{"line":21,"column":null}},"1":{"start":{"line":5,"column":8},"end":{"line":5,"column":null}},"2":{"start":{"line":7,"column":2},"end":{"line":9,"column":null}},"3":{"start":{"line":8,"column":4},"end":{"line":8,"column":null}},"4":{"start":{"line":11,"column":2},"end":{"line":19,"column":null}},"5":{"start":{"line":15,"column":10},"end":{"line":15,"column":null}}},"fnMap":{"0":{"name":"(anonymous_0)","decl":{"start":{"line":4,"column":19},"end":{"line":4,"column":20}},"loc":{"start":{"line":4,"column":37},"end":{"line":21,"column":null}},"line":4},"1":{"name":"(anonymous_1)","decl":{"start":{"line":7,"column":12},"end":{"line":7,"column":18}},"loc":{"start":{"line":7,"column":18},"end":{"line":9,"column":5}},"line":7},"2":{"name":"(anonymous_2)","decl":{"start":{"line":14,"column":22},"end":{"line":14,"column":23}},"loc":{"start":{"line":15,"column":10},"end":{"line":15,"column":null}},"line":15}},"branchMap":{},"s":{"0":1,"1":10,"2":10,"3":7,"4":10,"5":16},"f":{"0":10,"1":7,"2":16},"b":{},"meta":{"lastBranch":0,"lastFunction":3,"lastStatement":6,"seen":{"s:4:19:21:Infinity":0,"f:4:19:4:20":0,"s:5:8:5:Infinity":1,"s:7:2:9:Infinity":2,"f:7:12:7:18":1,"s:8:4:8:Infinity":3,"s:11:2:19:Infinity":4,"f:14:22:14:23":2,"s:15:10:15:Infinity":5}}}
,"C:\\Users\\nayen\\frontend-finanzas\\src\\components\\chat\\MessageBubble.jsx": {"path":"C:\\Users\\nayen\\frontend-finanzas\\src\\components\\chat\\MessageBubble.jsx","statementMap":{"0":{"start":{"line":1,"column":22},"end":{"line":16,"column":null}},"1":{"start":{"line":2,"column":17},"end":{"line":2,"column":null}},"2":{"start":{"line":4,"column":2},"end":{"line":14,"column":null}}},"fnMap":{"0":{"name":"(anonymous_0)","decl":{"start":{"line":1,"column":22},"end":{"line":1,"column":23}},"loc":{"start":{"line":1,"column":39},"end":{"line":16,"column":null}},"line":1}},"branchMap":{"0":{"loc":{"start":{"line":5,"column":28},"end":{"line":5,"column":68}},"type":"cond-expr","locations":[{"start":{"line":5,"column":37},"end":{"line":5,"column":53}},{"start":{"line":5,"column":53},"end":{"line":5,"column":68}}],"line":5},"1":{"loc":{"start":{"line":7,"column":92},"end":{"line":9,"column":null}},"type":"cond-expr","locations":[{"start":{"line":8,"column":14},"end":{"line":8,"column":null}},{"start":{"line":9,"column":14},"end":{"line":9,"column":null}}],"line":7}},"s":{"0":1,"1":16,"2":16},"f":{"0":16},"b":{"0":[4,12],"1":[4,12]},"meta":{"lastBranch":2,"lastFunction":1,"lastStatement":3,"seen":{"s:1:22:16:Infinity":0,"f:1:22:1:23":0,"s:2:17:2:Infinity":1,"s:4:2:14:Infinity":2,"b:5:37:5:53:5:53:5:68":0,"b:8:14:8:Infinity:9:14:9:Infinity":1}}}
,"C:\\Users\\nayen\\frontend-finanzas\\src\\components\\dashboard\\SavingsGoals.jsx": {"path":"C:\\Users\\nayen\\frontend-finanzas\\src\\components\\dashboard\\SavingsGoals.jsx","statementMap":{"0":{"start":{"line":5,"column":21},"end":{"line":153,"column":null}},"1":{"start":{"line":6,"column":26},"end":{"line":6,"column":null}},"2":{"start":{"line":7,"column":30},"end":{"line":7,"column":null}},"3":{"start":{"line":8,"column":32},"end":{"line":8,"column":null}},"4":{"start":{"line":9,"column":30},"end":{"line":9,"column":null}},"5":{"start":{"line":11,"column":4},"end":{"line":13,"column":null}},"6":{"start":{"line":12,"column":8},"end":{"line":12,"column":null}},"7":{"start":{"line":15,"column":22},"end":{"line":24,"column":null}},"8":{"start":{"line":16,"column":8},"end":{"line":23,"column":null}},"9":{"start":{"line":17,"column":29},"end":{"line":17,"column":null}},"10":{"start":{"line":18,"column":12},"end":{"line":18,"column":null}},"11":{"start":{"line":20,"column":12},"end":{"line":20,"column":null}},"12":{"start":{"line":22,"column":12},"end":{"line":22,"column":null}},"13":{"start":{"line":26,"column":25},"end":{"line":37,"column":null}},"14":{"start":{"line":27,"column":8},"end":{"line":27,"column":null}},"15":{"start":{"line":28,"column":8},"end":{"line":36,"column":null}},"16":{"start":{"line":29,"column":12},"end":{"line":29,"column":null}},"17":{"start":{"line":30,"column":12},"end":{"line":30,"column":null}},"18":{"start":{"line":31,"column":12},"end":{"line":31,"column":null}},"19":{"start":{"line":32,"column":12},"end":{"line":32,"column":null}},"20":{"start":{"line":34,"column":12},"end":{"line":34,"column":null}},"21":{"start":{"line":35,"column":12},"end":{"line":35,"column":null}},"22":{"start":{"line":39,"column":25},"end":{"line":47,"column":null}},"23":{"start":{"line":40,"column":8},"end":{"line":40,"column":null}},"24":{"start":{"line":40,"column":69},"end":{"line":40,"column":null}},"25":{"start":{"line":41,"column":8},"end":{"line":46,"column":null}},"26":{"start":{"line":42,"column":12},"end":{"line":42,"column":null}},"27":{"start":{"line":43,"column":12},"end":{"line":43,"column":null}},"28":{"start":{"line":45,"column":12},"end":{"line":45,"column":null}},"29":{"start":{"line":49,"column":30},"end":{"line":53,"column":null}},"30":{"start":{"line":50,"column":8},"end":{"line":50,"column":null}},"31":{"start":{"line":50,"column":37},"end":{"line":50,"column":null}},"32":{"start":{"line":51,"column":26},"end":{"line":51,"column":null}},"33":{"start":{"line":52,"column":8},"end":{"line":52,"column":null}},"34":{"start":{"line":55,"column":4},"end":{"line":151,"column":null}},"35":{"start":{"line":63,"column":35},"end":{"line":63,"column":null}},"36":{"start":{"line":79,"column":45},"end":{"line":79,"column":null}},"37":{"start":{"line":87,"column":45},"end":{"line":87,"column":null}},"38":{"start":{"line":99,"column":47},"end":{"line":99,"column":null}},"39":{"start":{"line":119,"column":41},"end":{"line":119,"column":null}},"40":{"start":{"line":120,"column":24},"end":{"line":146,"column":null}},"41":{"start":{"line":130,"column":55},"end":{"line":130,"column":null}}},"fnMap":{"0":{"name":"(anonymous_0)","decl":{"start":{"line":5,"column":21},"end":{"line":5,"column":27}},"loc":{"start":{"line":5,"column":27},"end":{"line":153,"column":null}},"line":5},"1":{"name":"(anonymous_1)","decl":{"start":{"line":11,"column":14},"end":{"line":11,"column":20}},"loc":{"start":{"line":11,"column":20},"end":{"line":13,"column":7}},"line":11},"2":{"name":"(anonymous_2)","decl":{"start":{"line":15,"column":22},"end":{"line":15,"column":34}},"loc":{"start":{"line":15,"column":34},"end":{"line":24,"column":null}},"line":15},"3":{"name":"(anonymous_3)","decl":{"start":{"line":26,"column":25},"end":{"line":26,"column":32}},"loc":{"start":{"line":26,"column":38},"end":{"line":37,"column":null}},"line":26},"4":{"name":"(anonymous_4)","decl":{"start":{"line":39,"column":25},"end":{"line":39,"column":32}},"loc":{"start":{"line":39,"column":39},"end":{"line":47,"column":null}},"line":39},"5":{"name":"(anonymous_5)","decl":{"start":{"line":49,"column":30},"end":{"line":49,"column":31}},"loc":{"start":{"line":49,"column":51},"end":{"line":53,"column":null}},"line":49},"6":{"name":"(anonymous_6)","decl":{"start":{"line":63,"column":29},"end":{"line":63,"column":35}},"loc":{"start":{"line":63,"column":35},"end":{"line":63,"column":null}},"line":63},"7":{"name":"(anonymous_7)","decl":{"start":{"line":79,"column":38},"end":{"line":79,"column":39}},"loc":{"start":{"line":79,"column":45},"end":{"line":79,"column":null}},"line":79},"8":{"name":"(anonymous_8)","decl":{"start":{"line":87,"column":38},"end":{"line":87,"column":39}},"loc":{"start":{"line":87,"column":45},"end":{"line":87,"column":null}},"line":87},"9":{"name":"(anonymous_9)","decl":{"start":{"line":99,"column":41},"end":{"line":99,"column":47}},"loc":{"start":{"line":99,"column":47},"end":{"line":99,"column":null}},"line":99},"10":{"name":"(anonymous_10)","decl":{"start":{"line":118,"column":30},"end":{"line":118,"column":31}},"loc":{"start":{"line":118,"column":40},"end":{"line":148,"column":21}},"line":118},"11":{"name":"(anonymous_11)","decl":{"start":{"line":130,"column":49},"end":{"line":130,"column":55}},"loc":{"start":{"line":130,"column":55},"end":{"line":130,"column":null}},"line":130}},"branchMap":{"0":{"loc":{"start":{"line":40,"column":8},"end":{"line":40,"column":null}},"type":"if","locations":[{"start":{"line":40,"column":8},"end":{"line":40,"column":null}},{"start":{},"end":{}}],"line":40},"1":{"loc":{"start":{"line":50,"column":8},"end":{"line":50,"column":null}},"type":"if","locations":[{"start":{"line":50,"column":8},"end":{"line":50,"column":null}},{"start":{},"end":{}}],"line":50},"2":{"loc":{"start":{"line":50,"column":12},"end":{"line":50,"column":37}},"type":"binary-expr","locations":[{"start":{"line":50,"column":12},"end":{"line":50,"column":23}},{"start":{"line":50,"column":23},"end":{"line":50,"column":37}}],"line":50},"3":{"loc":{"start":{"line":71,"column":13},"end":{"line":106,"column":null}},"type":"binary-expr","locations":[{"start":{"line":71,"column":13},"end":{"line":71,"column":null}},{"start":{"line":72,"column":16},"end":{"line":106,"column":null}}],"line":71},"4":{"loc":{"start":{"line":110,"column":17},"end":{"line":148,"column":null}},"type":"cond-expr","locations":[{"start":{"line":111,"column":20},"end":{"line":111,"column":null}},{"start":{"line":112,"column":20},"end":{"line":148,"column":null}}],"line":110},"5":{"loc":{"start":{"line":112,"column":20},"end":{"line":148,"column":null}},"type":"cond-expr","locations":[{"start":{"line":113,"column":20},"end":{"line":116,"column":null}},{"start":{"line":118,"column":20},"end":{"line":148,"column":null}}],"line":112},"6":{"loc":{"start":{"line":126,"column":53},"end":{"line":126,"column":75}},"type":"binary-expr","locations":[{"start":{"line":126,"column":53},"end":{"line":126,"column":74}},{"start":{"line":126,"column":74},"end":{"line":126,"column":75}}],"line":126}},"s":{"0":2,"1":11,"2":11,"3":11,"4":11,"5":11,"6":4,"7":11,"8":5,"9":5,"10":5,"11":0,"12":5,"13":11,"14":1,"15":1,"16":1,"17":1,"18":1,"19":1,"20":0,"21":0,"22":11,"23":0,"24":0,"25":0,"26":0,"27":0,"28":0,"29":11,"30":1,"31":0,"32":1,"33":1,"34":11,"35":1,"36":1,"37":1,"38":0,"39":1,"40":1,"41":0},"f":{"0":11,"1":4,"2":5,"3":1,"4":0,"5":1,"6":1,"7":1,"8":1,"9":0,"10":1,"11":0},"b":{"0":[0,0],"1":[0,1],"2":[1,1],"3":[11,3],"4":[7,4],"5":[3,1],"6":[1,0]},"meta":{"lastBranch":7,"lastFunction":12,"lastStatement":42,"seen":{"s:5:21:153:Infinity":0,"f:5:21:5:27":0,"s:6:26:6:Infinity":1,"s:7:30:7:Infinity":2,"s:8:32:8:Infinity":3,"s:9:30:9:Infinity":4,"s:11:4:13:Infinity":5,"f:11:14:11:20":1,"s:12:8:12:Infinity":6,"s:15:22:24:Infinity":7,"f:15:22:15:34":2,"s:16:8:23:Infinity":8,"s:17:29:17:Infinity":9,"s:18:12:18:Infinity":10,"s:20:12:20:Infinity":11,"s:22:12:22:Infinity":12,"s:26:25:37:Infinity":13,"f:26:25:26:32":3,"s:27:8:27:Infinity":14,"s:28:8:36:Infinity":15,"s:29:12:29:Infinity":16,"s:30:12:30:Infinity":17,"s:31:12:31:Infinity":18,"s:32:12:32:Infinity":19,"s:34:12:34:Infinity":20,"s:35:12:35:Infinity":21,"s:39:25:47:Infinity":22,"f:39:25:39:32":4,"b:40:8:40:Infinity:undefined:undefined:undefined:undefined":0,"s:40:8:40:Infinity":23,"s:40:69:40:Infinity":24,"s:41:8:46:Infinity":25,"s:42:12:42:Infinity":26,"s:43:12:43:Infinity":27,"s:45:12:45:Infinity":28,"s:49:30:53:Infinity":29,"f:49:30:49:31":5,"b:50:8:50:Infinity:undefined:undefined:undefined:undefined":1,"s:50:8:50:Infinity":30,"b:50:12:50:23:50:23:50:37":2,"s:50:37:50:Infinity":31,"s:51:26:51:Infinity":32,"s:52:8:52:Infinity":33,"s:55:4:151:Infinity":34,"f:63:29:63:35":6,"s:63:35:63:Infinity":35,"b:71:13:71:Infinity:72:16:106:Infinity":3,"f:79:38:79:39":7,"s:79:45:79:Infinity":36,"f:87:38:87:39":8,"s:87:45:87:Infinity":37,"f:99:41:99:47":9,"s:99:47:99:Infinity":38,"b:111:20:111:Infinity:112:20:148:Infinity":4,"b:113:20:116:Infinity:118:20:148:Infinity":5,"f:118:30:118:31":10,"s:119:41:119:Infinity":39,"s:120:24:146:Infinity":40,"b:126:53:126:74:126:74:126:75":6,"f:130:49:130:55":11,"s:130:55:130:Infinity":41}}}
,"C:\\Users\\nayen\\frontend-finanzas\\src\\components\\ui\\Button.jsx": {"path":"C:\\Users\\nayen\\frontend-finanzas\\src\\components\\ui\\Button.jsx","statementMap":{"0":{"start":{"line":3,"column":15},"end":{"line":33,"column":null}},"1":{"start":{"line":12,"column":4},"end":{"line":12,"column":null}},"2":{"start":{"line":14,"column":19},"end":{"line":21,"column":null}},"3":{"start":{"line":23,"column":2},"end":{"line":31,"column":null}}},"fnMap":{"0":{"name":"(anonymous_0)","decl":{"start":{"line":3,"column":15},"end":{"line":3,"column":16}},"loc":{"start":{"line":10,"column":6},"end":{"line":33,"column":null}},"line":10}},"branchMap":{"0":{"loc":{"start":{"line":6,"column":2},"end":{"line":6,"column":null}},"type":"default-arg","locations":[{"start":{"line":6,"column":9},"end":{"line":6,"column":null}}],"line":6},"1":{"loc":{"start":{"line":7,"column":2},"end":{"line":7,"column":null}},"type":"default-arg","locations":[{"start":{"line":7,"column":12},"end":{"line":7,"column":null}}],"line":7},"2":{"loc":{"start":{"line":8,"column":2},"end":{"line":8,"column":null}},"type":"default-arg","locations":[{"start":{"line":8,"column":14},"end":{"line":8,"column":null}}],"line":8},"3":{"loc":{"start":{"line":9,"column":2},"end":{"line":9,"column":null}},"type":"default-arg","locations":[{"start":{"line":9,"column":13},"end":{"line":9,"column":null}}],"line":9}},"s":{"0":4,"1":81,"2":81,"3":81},"f":{"0":81},"b":{"0":[81],"1":[81],"2":[81],"3":[81]},"meta":{"lastBranch":4,"lastFunction":1,"lastStatement":4,"seen":{"s:3:15:33:Infinity":0,"f:3:15:3:16":0,"b:6:9:6:Infinity":0,"b:7:12:7:Infinity":1,"b:8:14:8:Infinity":2,"b:9:13:9:Infinity":3,"s:12:4:12:Infinity":1,"s:14:19:21:Infinity":2,"s:23:2:31:Infinity":3}}}
,"C:\\Users\\nayen\\frontend-finanzas\\src\\components\\ui\\Card.jsx": {"path":"C:\\Users\\nayen\\frontend-finanzas\\src\\components\\ui\\Card.jsx","statementMap":{"0":{"start":{"line":3,"column":13},"end":{"line":16,"column":null}},"1":{"start":{"line":4,"column":2},"end":{"line":14,"column":null}}},"fnMap":{"0":{"name":"(anonymous_0)","decl":{"start":{"line":3,"column":13},"end":{"line":3,"column":14}},"loc":{"start":{"line":3,"column":54},"end":{"line":16,"column":null}},"line":3}},"branchMap":{"0":{"loc":{"start":{"line":3,"column":33},"end":{"line":3,"column":48}},"type":"default-arg","locations":[{"start":{"line":3,"column":45},"end":{"line":3,"column":48}}],"line":3},"1":{"loc":{"start":{"line":8,"column":7},"end":{"line":11,"column":null}},"type":"binary-expr","locations":[{"start":{"line":8,"column":7},"end":{"line":8,"column":null}},{"start":{"line":9,"column":8},"end":{"line":11,"column":null}}],"line":8}},"s":{"0":2,"1":37},"f":{"0":37},"b":{"0":[37],"1":[37,0]},"meta":{"lastBranch":2,"lastFunction":1,"lastStatement":2,"seen":{"s:3:13:16:Infinity":0,"f:3:13:3:14":0,"b:3:45:3:48":0,"s:4:2:14:Infinity":1,"b:8:7:8:Infinity:9:8:11:Infinity":1}}}
,"C:\\Users\\nayen\\frontend-finanzas\\src\\components\\ui\\Input.jsx": {"path":"C:\\Users\\nayen\\frontend-finanzas\\src\\components\\ui\\Input.jsx","statementMap":{"0":{"start":{"line":3,"column":14},"end":{"line":36,"column":null}},"1":{"start":{"line":13,"column":2},"end":{"line":34,"column":null}}},"fnMap":{"0":{"name":"(anonymous_0)","decl":{"start":{"line":3,"column":14},"end":{"line":3,"column":15}},"loc":{"start":{"line":12,"column":6},"end":{"line":36,"column":null}},"line":12}},"branchMap":{"0":{"loc":{"start":{"line":6,"column":2},"end":{"line":6,"column":null}},"type":"default-arg","locations":[{"start":{"line":6,"column":9},"end":{"line":6,"column":null}}],"line":6},"1":{"loc":{"start":{"line":10,"column":2},"end":{"line":10,"column":null}},"type":"default-arg","locations":[{"start":{"line":10,"column":13},"end":{"line":10,"column":null}}],"line":10},"2":{"loc":{"start":{"line":11,"column":2},"end":{"line":11,"column":null}},"type":"default-arg","locations":[{"start":{"line":11,"column":13},"end":{"line":11,"column":null}}],"line":11},"3":{"loc":{"start":{"line":15,"column":7},"end":{"line":21,"column":null}},"type":"binary-expr","locations":[{"start":{"line":15,"column":7},"end":{"line":15,"column":null}},{"start":{"line":16,"column":8},"end":{"line":21,"column":null}}],"line":15}},"s":{"0":4,"1":106},"f":{"0":106},"b":{"0":[106],"1":[106],"2":[106],"3":[106,106]},"meta":{"lastBranch":4,"lastFunction":1,"lastStatement":2,"seen":{"s:3:14:36:Infinity":0,"f:3:14:3:15":0,"b:6:9:6:Infinity":0,"b:10:13:10:Infinity":1,"b:11:13:11:Infinity":2,"s:13:2:34:Infinity":1,"b:15:7:15:Infinity:16:8:21:Infinity":3}}}
,"C:\\Users\\nayen\\frontend-finanzas\\src\\context\\AuthContext.jsx": {"path":"C:\\Users\\nayen\\frontend-finanzas\\src\\context\\AuthContext.jsx","statementMap":{"0":{"start":{"line":7,"column":6},"end":{"line":7,"column":null}},"1":{"start":{"line":9,"column":28},"end":{"line":130,"column":null}},"2":{"start":{"line":10,"column":22},"end":{"line":10,"column":null}},"3":{"start":{"line":11,"column":28},"end":{"line":11,"column":null}},"4":{"start":{"line":16,"column":2},"end":{"line":34,"column":null}},"5":{"start":{"line":17,"column":21},"end":{"line":31,"column":null}},"6":{"start":{"line":18,"column":20},"end":{"line":18,"column":null}},"7":{"start":{"line":19,"column":24},"end":{"line":19,"column":null}},"8":{"start":{"line":21,"column":6},"end":{"line":28,"column":null}},"9":{"start":{"line":22,"column":8},"end":{"line":27,"column":null}},"10":{"start":{"line":23,"column":10},"end":{"line":23,"column":null}},"11":{"start":{"line":25,"column":10},"end":{"line":25,"column":null}},"12":{"start":{"line":26,"column":10},"end":{"line":26,"column":null}},"13":{"start":{"line":30,"column":6},"end":{"line":30,"column":null}},"14":{"start":{"line":33,"column":4},"end":{"line":33,"column":null}},"15":{"start":{"line":39,"column":16},"end":{"line":67,"column":null}},"16":{"start":{"line":40,"column":4},"end":{"line":40,"column":null}},"17":{"start":{"line":41,"column":4},"end":{"line":66,"column":null}},"18":{"start":{"line":42,"column":6},"end":{"line":42,"column":null}},"19":{"start":{"line":44,"column":23},"end":{"line":47,"column":null}},"20":{"start":{"line":49,"column":40},"end":{"line":49,"column":null}},"21":{"start":{"line":51,"column":6},"end":{"line":51,"column":null}},"22":{"start":{"line":52,"column":6},"end":{"line":52,"column":null}},"23":{"start":{"line":54,"column":6},"end":{"line":54,"column":null}},"24":{"start":{"line":56,"column":6},"end":{"line":56,"column":null}},"25":{"start":{"line":58,"column":6},"end":{"line":58,"column":null}},"26":{"start":{"line":59,"column":6},"end":{"line":63,"column":null}},"27":{"start":{"line":65,"column":6},"end":{"line":65,"column":null}},"28":{"start":{"line":72,"column":19},"end":{"line":97,"column":null}},"29":{"start":{"line":73,"column":4},"end":{"line":73,"column":null}},"30":{"start":{"line":74,"column":4},"end":{"line":96,"column":null}},"31":{"start":{"line":75,"column":6},"end":{"line":75,"column":null}},"32":{"start":{"line":77,"column":23},"end":{"line":81,"column":null}},"33":{"start":{"line":83,"column":6},"end":{"line":86,"column":null}},"34":{"start":{"line":88,"column":6},"end":{"line":88,"column":null}},"35":{"start":{"line":89,"column":6},"end":{"line":93,"column":null}},"36":{"start":{"line":95,"column":6},"end":{"line":95,"column":null}},"37":{"start":{"line":102,"column":17},"end":{"line":106,"column":null}},"38":{"start":{"line":103,"column":4},"end":{"line":103,"column":null}},"39":{"start":{"line":104,"column":4},"end":{"line":104,"column":null}},"40":{"start":{"line":105,"column":4},"end":{"line":105,"column":null}},"41":{"start":{"line":111,"column":19},"end":{"line":113,"column":null}},"42":{"start":{"line":112,"column":4},"end":{"line":112,"column":null}},"43":{"start":{"line":115,"column":2},"end":{"line":128,"column":null}},"44":{"start":{"line":135,"column":23},"end":{"line":141,"column":null}},"45":{"start":{"line":136,"column":8},"end":{"line":136,"column":null}},"46":{"start":{"line":137,"column":2},"end":{"line":139,"column":null}},"47":{"start":{"line":138,"column":4},"end":{"line":138,"column":null}},"48":{"start":{"line":140,"column":2},"end":{"line":140,"column":null}}},"fnMap":{"0":{"name":"(anonymous_0)","decl":{"start":{"line":9,"column":28},"end":{"line":9,"column":29}},"loc":{"start":{"line":9,"column":46},"end":{"line":130,"column":null}},"line":9},"1":{"name":"(anonymous_1)","decl":{"start":{"line":16,"column":12},"end":{"line":16,"column":18}},"loc":{"start":{"line":16,"column":18},"end":{"line":34,"column":5}},"line":16},"2":{"name":"(anonymous_2)","decl":{"start":{"line":17,"column":21},"end":{"line":17,"column":33}},"loc":{"start":{"line":17,"column":33},"end":{"line":31,"column":null}},"line":17},"3":{"name":"(anonymous_3)","decl":{"start":{"line":39,"column":16},"end":{"line":39,"column":23}},"loc":{"start":{"line":39,"column":43},"end":{"line":67,"column":null}},"line":39},"4":{"name":"(anonymous_4)","decl":{"start":{"line":72,"column":19},"end":{"line":72,"column":26}},"loc":{"start":{"line":72,"column":57},"end":{"line":97,"column":null}},"line":72},"5":{"name":"(anonymous_5)","decl":{"start":{"line":102,"column":17},"end":{"line":102,"column":23}},"loc":{"start":{"line":102,"column":23},"end":{"line":106,"column":null}},"line":102},"6":{"name":"(anonymous_6)","decl":{"start":{"line":111,"column":19},"end":{"line":111,"column":31}},"loc":{"start":{"line":111,"column":31},"end":{"line":113,"column":null}},"line":111},"7":{"name":"(anonymous_7)","decl":{"start":{"line":135,"column":23},"end":{"line":135,"column":29}},"loc":{"start":{"line":135,"column":29},"end":{"line":141,"column":null}},"line":135}},"branchMap":{"0":{"loc":{"start":{"line":21,"column":6},"end":{"line":28,"column":null}},"type":"if","locations":[{"start":{"line":21,"column":6},"end":{"line":28,"column":null}},{"start":{},"end":{}}],"line":21},"1":{"loc":{"start":{"line":21,"column":10},"end":{"line":21,"column":30}},"type":"binary-expr","locations":[{"start":{"line":21,"column":10},"end":{"line":21,"column":19}},{"start":{"line":21,"column":19},"end":{"line":21,"column":30}}],"line":21},"2":{"loc":{"start":{"line":58,"column":38},"end":{"line":58,"column":75}},"type":"binary-expr","locations":[{"start":{"line":58,"column":38},"end":{"line":58,"column":62}},{"start":{"line":58,"column":62},"end":{"line":58,"column":75}}],"line":58},"3":{"loc":{"start":{"line":62,"column":10},"end":{"line":62,"column":null}},"type":"binary-expr","locations":[{"start":{"line":62,"column":10},"end":{"line":62,"column":43}},{"start":{"line":62,"column":43},"end":{"line":62,"column":null}}],"line":62},"4":{"loc":{"start":{"line":72,"column":43},"end":{"line":72,"column":57}},"type":"default-arg","locations":[{"start":{"line":72,"column":50},"end":{"line":72,"column":57}}],"line":72},"5":{"loc":{"start":{"line":80,"column":14},"end":{"line":80,"column":null}},"type":"binary-expr","locations":[{"start":{"line":80,"column":14},"end":{"line":80,"column":22}},{"start":{"line":80,"column":22},"end":{"line":80,"column":null}}],"line":80},"6":{"loc":{"start":{"line":88,"column":41},"end":{"line":88,"column":78}},"type":"binary-expr","locations":[{"start":{"line":88,"column":41},"end":{"line":88,"column":65}},{"start":{"line":88,"column":65},"end":{"line":88,"column":78}}],"line":88},"7":{"loc":{"start":{"line":92,"column":10},"end":{"line":92,"column":null}},"type":"binary-expr","locations":[{"start":{"line":92,"column":10},"end":{"line":92,"column":43}},{"start":{"line":92,"column":43},"end":{"line":92,"column":null}}],"line":92},"8":{"loc":{"start":{"line":137,"column":2},"end":{"line":139,"column":null}},"type":"if","locations":[{"start":{"line":137,"column":2},"end":{"line":139,"column":null}},{"start":{},"end":{}}],"line":137}},"s":{"0":6,"1":6,"2":49,"3":49,"4":49,"5":20,"6":20,"7":20,"8":20,"9":13,"10":13,"11":1,"12":1,"13":20,"14":20,"15":49,"16":2,"17":2,"18":2,"19":2,"20":1,"21":1,"22":1,"23":1,"24":1,"25":1,"26":1,"27":2,"28":49,"29":2,"30":2,"31":2,"32":2,"33":1,"34":1,"35":1,"36":2,"37":49,"38":1,"39":1,"40":1,"41":49,"42":0,"43":49,"44":6,"45":87,"46":87,"47":4,"48":82},"f":{"0":49,"1":20,"2":20,"3":2,"4":2,"5":1,"6":0,"7":87},"b":{"0":[13,7],"1":[20,13],"2":[1,0],"3":[1,0],"4":[2],"5":[2,0],"6":[1,0],"7":[1,0],"8":[4,83]},"meta":{"lastBranch":9,"lastFunction":8,"lastStatement":49,"seen":{"s:7:6:7:Infinity":0,"s:9:28:130:Infinity":1,"f:9:28:9:29":0,"s:10:22:10:Infinity":2,"s:11:28:11:Infinity":3,"s:16:2:34:Infinity":4,"f:16:12:16:18":1,"s:17:21:31:Infinity":5,"f:17:21:17:33":2,"s:18:20:18:Infinity":6,"s:19:24:19:Infinity":7,"b:21:6:28:Infinity:undefined:undefined:undefined:undefined":0,"s:21:6:28:Infinity":8,"b:21:10:21:19:21:19:21:30":1,"s:22:8:27:Infinity":9,"s:23:10:23:Infinity":10,"s:25:10:25:Infinity":11,"s:26:10:26:Infinity":12,"s:30:6:30:Infinity":13,"s:33:4:33:Infinity":14,"s:39:16:67:Infinity":15,"f:39:16:39:23":3,"s:40:4:40:Infinity":16,"s:41:4:66:Infinity":17,"s:42:6:42:Infinity":18,"s:44:23:47:Infinity":19,"s:49:40:49:Infinity":20,"s:51:6:51:Infinity":21,"s:52:6:52:Infinity":22,"s:54:6:54:Infinity":23,"s:56:6:56:Infinity":24,"s:58:6:58:Infinity":25,"b:58:38:58:62:58:62:58:75":2,"s:59:6:63:Infinity":26,"b:62:10:62:43:62:43:62:Infinity":3,"s:65:6:65:Infinity":27,"s:72:19:97:Infinity":28,"f:72:19:72:26":4,"b:72:50:72:57":4,"s:73:4:73:Infinity":29,"s:74:4:96:Infinity":30,"s:75:6:75:Infinity":31,"s:77:23:81:Infinity":32,"b:80:14:80:22:80:22:80:Infinity":5,"s:83:6:86:Infinity":33,"s:88:6:88:Infinity":34,"b:88:41:88:65:88:65:88:78":6,"s:89:6:93:Infinity":35,"b:92:10:92:43:92:43:92:Infinity":7,"s:95:6:95:Infinity":36,"s:102:17:106:Infinity":37,"f:102:17:102:23":5,"s:103:4:103:Infinity":38,"s:104:4:104:Infinity":39,"s:105:4:105:Infinity":40,"s:111:19:113:Infinity":41,"f:111:19:111:31":6,"s:112:4:112:Infinity":42,"s:115:2:128:Infinity":43,"s:135:23:141:Infinity":44,"f:135:23:135:29":7,"s:136:8:136:Infinity":45,"b:137:2:139:Infinity:undefined:undefined:undefined:undefined":8,"s:137:2:139:Infinity":46,"s:138:4:138:Infinity":47,"s:140:2:140:Infinity":48}}}
,"C:\\Users\\nayen\\frontend-finanzas\\src\\pages\\Categories.jsx": {"path":"C:\\Users\\nayen\\frontend-finanzas\\src\\pages\\Categories.jsx","statementMap":{"0":{"start":{"line":11,"column":17},"end":{"line":11,"column":null}},"1":{"start":{"line":12,"column":36},"end":{"line":12,"column":null}},"2":{"start":{"line":13,"column":30},"end":{"line":13,"column":null}},"3":{"start":{"line":14,"column":32},"end":{"line":14,"column":null}},"4":{"start":{"line":15,"column":46},"end":{"line":15,"column":null}},"5":{"start":{"line":16,"column":26},"end":{"line":16,"column":null}},"6":{"start":{"line":19,"column":28},"end":{"line":30,"column":null}},"7":{"start":{"line":20,"column":8},"end":{"line":29,"column":null}},"8":{"start":{"line":21,"column":12},"end":{"line":21,"column":null}},"9":{"start":{"line":22,"column":25},"end":{"line":22,"column":null}},"10":{"start":{"line":23,"column":12},"end":{"line":23,"column":null}},"11":{"start":{"line":25,"column":12},"end":{"line":25,"column":null}},"12":{"start":{"line":26,"column":12},"end":{"line":26,"column":null}},"13":{"start":{"line":28,"column":12},"end":{"line":28,"column":null}},"14":{"start":{"line":32,"column":4},"end":{"line":34,"column":null}},"15":{"start":{"line":33,"column":8},"end":{"line":33,"column":null}},"16":{"start":{"line":36,"column":25},"end":{"line":48,"column":null}},"17":{"start":{"line":37,"column":8},"end":{"line":47,"column":null}},"18":{"start":{"line":38,"column":30},"end":{"line":38,"column":null}},"19":{"start":{"line":41,"column":12},"end":{"line":41,"column":null}},"20":{"start":{"line":42,"column":12},"end":{"line":42,"column":null}},"21":{"start":{"line":43,"column":12},"end":{"line":43,"column":null}},"22":{"start":{"line":45,"column":12},"end":{"line":45,"column":null}},"23":{"start":{"line":46,"column":12},"end":{"line":46,"column":null}},"24":{"start":{"line":50,"column":25},"end":{"line":65,"column":null}},"25":{"start":{"line":51,"column":8},"end":{"line":64,"column":null}},"26":{"start":{"line":52,"column":23},"end":{"line":52,"column":null}},"27":{"start":{"line":53,"column":31},"end":{"line":53,"column":null}},"28":{"start":{"line":55,"column":12},"end":{"line":57,"column":null}},"29":{"start":{"line":56,"column":17},"end":{"line":56,"column":null}},"30":{"start":{"line":58,"column":12},"end":{"line":58,"column":null}},"31":{"start":{"line":59,"column":12},"end":{"line":59,"column":null}},"32":{"start":{"line":60,"column":12},"end":{"line":60,"column":null}},"33":{"start":{"line":62,"column":12},"end":{"line":62,"column":null}},"34":{"start":{"line":63,"column":12},"end":{"line":63,"column":null}},"35":{"start":{"line":67,"column":25},"end":{"line":79,"column":null}},"36":{"start":{"line":68,"column":8},"end":{"line":68,"column":null}},"37":{"start":{"line":68,"column":78},"end":{"line":68,"column":null}},"38":{"start":{"line":69,"column":8},"end":{"line":78,"column":null}},"39":{"start":{"line":70,"column":23},"end":{"line":70,"column":null}},"40":{"start":{"line":71,"column":12},"end":{"line":71,"column":null}},"41":{"start":{"line":73,"column":12},"end":{"line":73,"column":null}},"42":{"start":{"line":73,"column":44},"end":{"line":73,"column":89}},"43":{"start":{"line":74,"column":12},"end":{"line":74,"column":null}},"44":{"start":{"line":76,"column":12},"end":{"line":76,"column":null}},"45":{"start":{"line":77,"column":12},"end":{"line":77,"column":null}},"46":{"start":{"line":81,"column":21},"end":{"line":84,"column":null}},"47":{"start":{"line":82,"column":8},"end":{"line":82,"column":null}},"48":{"start":{"line":83,"column":8},"end":{"line":83,"column":null}},"49":{"start":{"line":86,"column":23},"end":{"line":89,"column":null}},"50":{"start":{"line":87,"column":8},"end":{"line":87,"column":null}},"51":{"start":{"line":88,"column":8},"end":{"line":88,"column":null}},"52":{"start":{"line":91,"column":22},"end":{"line":95,"column":null}},"53":{"start":{"line":92,"column":8},"end":{"line":92,"column":null}},"54":{"start":{"line":93,"column":8},"end":{"line":93,"column":null}},"55":{"start":{"line":94,"column":8},"end":{"line":94,"column":null}},"56":{"start":{"line":97,"column":4},"end":{"line":140,"column":null}}},"fnMap":{"0":{"name":"Categories","decl":{"start":{"line":10,"column":24},"end":{"line":10,"column":37}},"loc":{"start":{"line":10,"column":37},"end":{"line":142,"column":null}},"line":10},"1":{"name":"(anonymous_1)","decl":{"start":{"line":19,"column":28},"end":{"line":19,"column":40}},"loc":{"start":{"line":19,"column":40},"end":{"line":30,"column":null}},"line":19},"2":{"name":"(anonymous_2)","decl":{"start":{"line":32,"column":14},"end":{"line":32,"column":20}},"loc":{"start":{"line":32,"column":20},"end":{"line":34,"column":7}},"line":32},"3":{"name":"(anonymous_3)","decl":{"start":{"line":36,"column":25},"end":{"line":36,"column":32}},"loc":{"start":{"line":36,"column":45},"end":{"line":48,"column":null}},"line":36},"4":{"name":"(anonymous_4)","decl":{"start":{"line":50,"column":25},"end":{"line":50,"column":32}},"loc":{"start":{"line":50,"column":45},"end":{"line":65,"column":null}},"line":50},"5":{"name":"(anonymous_5)","decl":{"start":{"line":55,"column":41},"end":{"line":55,"column":null}},"loc":{"start":{"line":56,"column":17},"end":{"line":56,"column":null}},"line":56},"6":{"name":"(anonymous_6)","decl":{"start":{"line":67,"column":25},"end":{"line":67,"column":32}},"loc":{"start":{"line":67,"column":45},"end":{"line":79,"column":null}},"line":67},"7":{"name":"(anonymous_7)","decl":{"start":{"line":73,"column":44},"end":{"line":73,"column":50}},"loc":{"start":{"line":73,"column":44},"end":{"line":73,"column":89}},"line":73},"8":{"name":"(anonymous_8)","decl":{"start":{"line":81,"column":21},"end":{"line":81,"column":22}},"loc":{"start":{"line":81,"column":35},"end":{"line":84,"column":null}},"line":81},"9":{"name":"(anonymous_9)","decl":{"start":{"line":86,"column":23},"end":{"line":86,"column":29}},"loc":{"start":{"line":86,"column":29},"end":{"line":89,"column":null}},"line":86},"10":{"name":"(anonymous_10)","decl":{"start":{"line":91,"column":22},"end":{"line":91,"column":28}},"loc":{"start":{"line":91,"column":28},"end":{"line":95,"column":null}},"line":91}},"branchMap":{"0":{"loc":{"start":{"line":52,"column":23},"end":{"line":52,"column":null}},"type":"binary-expr","locations":[{"start":{"line":52,"column":23},"end":{"line":52,"column":55}},{"start":{"line":52,"column":55},"end":{"line":52,"column":77}},{"start":{"line":52,"column":77},"end":{"line":52,"column":null}}],"line":52},"1":{"loc":{"start":{"line":56,"column":17},"end":{"line":56,"column":null}},"type":"cond-expr","locations":[{"start":{"line":56,"column":63},"end":{"line":56,"column":76}},{"start":{"line":56,"column":76},"end":{"line":56,"column":null}}],"line":56},"2":{"loc":{"start":{"line":68,"column":8},"end":{"line":68,"column":null}},"type":"if","locations":[{"start":{"line":68,"column":8},"end":{"line":68,"column":null}},{"start":{},"end":{}}],"line":68},"3":{"loc":{"start":{"line":70,"column":23},"end":{"line":70,"column":null}},"type":"binary-expr","locations":[{"start":{"line":70,"column":23},"end":{"line":70,"column":48}},{"start":{"line":70,"column":48},"end":{"line":70,"column":63}},{"start":{"line":70,"column":63},"end":{"line":70,"column":null}}],"line":70},"4":{"loc":{"start":{"line":73,"column":50},"end":{"line":73,"column":87}},"type":"binary-expr","locations":[{"start":{"line":73,"column":50},"end":{"line":73,"column":68}},{"start":{"line":73,"column":68},"end":{"line":73,"column":76}},{"start":{"line":73,"column":76},"end":{"line":73,"column":87}}],"line":73},"5":{"loc":{"start":{"line":104,"column":17},"end":{"line":108,"column":null}},"type":"binary-expr","locations":[{"start":{"line":104,"column":17},"end":{"line":104,"column":null}},{"start":{"line":105,"column":20},"end":{"line":108,"column":null}}],"line":104},"6":{"loc":{"start":{"line":112,"column":13},"end":{"line":115,"column":null}},"type":"binary-expr","locations":[{"start":{"line":112,"column":13},"end":{"line":112,"column":null}},{"start":{"line":113,"column":16},"end":{"line":115,"column":null}}],"line":112},"7":{"loc":{"start":{"line":118,"column":13},"end":{"line":138,"column":null}},"type":"cond-expr","locations":[{"start":{"line":119,"column":16},"end":{"line":126,"column":null}},{"start":{"line":128,"column":16},"end":{"line":138,"column":null}}],"line":118},"8":{"loc":{"start":{"line":122,"column":34},"end":{"line":122,"column":null}},"type":"cond-expr","locations":[{"start":{"line":122,"column":52},"end":{"line":122,"column":67}},{"start":{"line":122,"column":67},"end":{"line":122,"column":null}}],"line":122},"9":{"loc":{"start":{"line":129,"column":21},"end":{"line":136,"column":null}},"type":"cond-expr","locations":[{"start":{"line":130,"column":24},"end":{"line":130,"column":null}},{"start":{"line":132,"column":24},"end":{"line":136,"column":null}}],"line":129}},"s":{"0":20,"1":20,"2":20,"3":20,"4":20,"5":20,"6":20,"7":5,"8":5,"9":5,"10":4,"11":1,"12":1,"13":5,"14":20,"15":5,"16":20,"17":1,"18":1,"19":1,"20":1,"21":1,"22":0,"23":0,"24":20,"25":1,"26":1,"27":1,"28":1,"29":1,"30":1,"31":1,"32":1,"33":0,"34":0,"35":20,"36":1,"37":0,"38":1,"39":1,"40":1,"41":1,"42":1,"43":1,"44":0,"45":0,"46":20,"47":1,"48":1,"49":20,"50":1,"51":1,"52":20,"53":0,"54":0,"55":0,"56":20},"f":{"0":20,"1":5,"2":5,"3":1,"4":1,"5":1,"6":1,"7":1,"8":1,"9":1,"10":0},"b":{"0":[1,0,0],"1":[1,0],"2":[0,1],"3":[1,0,0],"4":[1,0,0],"5":[20,18],"6":[20,1],"7":[2,18],"8":[1,1],"9":[10,8]},"meta":{"lastBranch":10,"lastFunction":11,"lastStatement":57,"seen":{"f:10:24:10:37":0,"s:11:17:11:Infinity":0,"s:12:36:12:Infinity":1,"s:13:30:13:Infinity":2,"s:14:32:14:Infinity":3,"s:15:46:15:Infinity":4,"s:16:26:16:Infinity":5,"s:19:28:30:Infinity":6,"f:19:28:19:40":1,"s:20:8:29:Infinity":7,"s:21:12:21:Infinity":8,"s:22:25:22:Infinity":9,"s:23:12:23:Infinity":10,"s:25:12:25:Infinity":11,"s:26:12:26:Infinity":12,"s:28:12:28:Infinity":13,"s:32:4:34:Infinity":14,"f:32:14:32:20":2,"s:33:8:33:Infinity":15,"s:36:25:48:Infinity":16,"f:36:25:36:32":3,"s:37:8:47:Infinity":17,"s:38:30:38:Infinity":18,"s:41:12:41:Infinity":19,"s:42:12:42:Infinity":20,"s:43:12:43:Infinity":21,"s:45:12:45:Infinity":22,"s:46:12:46:Infinity":23,"s:50:25:65:Infinity":24,"f:50:25:50:32":4,"s:51:8:64:Infinity":25,"s:52:23:52:Infinity":26,"b:52:23:52:55:52:55:52:77:52:77:52:Infinity":0,"s:53:31:53:Infinity":27,"s:55:12:57:Infinity":28,"f:55:41:55:Infinity":5,"s:56:17:56:Infinity":29,"b:56:63:56:76:56:76:56:Infinity":1,"s:58:12:58:Infinity":30,"s:59:12:59:Infinity":31,"s:60:12:60:Infinity":32,"s:62:12:62:Infinity":33,"s:63:12:63:Infinity":34,"s:67:25:79:Infinity":35,"f:67:25:67:32":6,"b:68:8:68:Infinity:undefined:undefined:undefined:undefined":2,"s:68:8:68:Infinity":36,"s:68:78:68:Infinity":37,"s:69:8:78:Infinity":38,"s:70:23:70:Infinity":39,"b:70:23:70:48:70:48:70:63:70:63:70:Infinity":3,"s:71:12:71:Infinity":40,"s:73:12:73:Infinity":41,"f:73:44:73:50":7,"s:73:44:73:89":42,"b:73:50:73:68:73:68:73:76:73:76:73:87":4,"s:74:12:74:Infinity":43,"s:76:12:76:Infinity":44,"s:77:12:77:Infinity":45,"s:81:21:84:Infinity":46,"f:81:21:81:22":8,"s:82:8:82:Infinity":47,"s:83:8:83:Infinity":48,"s:86:23:89:Infinity":49,"f:86:23:86:29":9,"s:87:8:87:Infinity":50,"s:88:8:88:Infinity":51,"s:91:22:95:Infinity":52,"f:91:22:91:28":10,"s:92:8:92:Infinity":53,"s:93:8:93:Infinity":54,"s:94:8:94:Infinity":55,"s:97:4:140:Infinity":56,"b:104:17:104:Infinity:105:20:108:Infinity":5,"b:112:13:112:Infinity:113:16:115:Infinity":6,"b:119:16:126:Infinity:128:16:138:Infinity":7,"b:122:52:122:67:122:67:122:Infinity":8,"b:130:24:130:Infinity:132:24:136:Infinity":9}}}
,"C:\\Users\\nayen\\frontend-finanzas\\src\\pages\\Chat.jsx": {"path":"C:\\Users\\nayen\\frontend-finanzas\\src\\pages\\Chat.jsx","statementMap":{"0":{"start":{"line":7,"column":13},"end":{"line":55,"column":null}},"1":{"start":{"line":8,"column":19},"end":{"line":8,"column":null}},"2":{"start":{"line":10,"column":30},"end":{"line":15,"column":null}},"3":{"start":{"line":17,"column":21},"end":{"line":41,"column":null}},"4":{"start":{"line":18,"column":4},"end":{"line":18,"column":null}},"5":{"start":{"line":18,"column":22},"end":{"line":18,"column":null}},"6":{"start":{"line":20,"column":4},"end":{"line":20,"column":null}},"7":{"start":{"line":20,"column":26},"end":{"line":20,"column":68}},"8":{"start":{"line":22,"column":4},"end":{"line":40,"column":null}},"9":{"start":{"line":23,"column":19},"end":{"line":23,"column":null}},"10":{"start":{"line":25,"column":6},"end":{"line":31,"column":null}},"11":{"start":{"line":25,"column":28},"end":{"line":31,"column":7}},"12":{"start":{"line":33,"column":6},"end":{"line":39,"column":null}},"13":{"start":{"line":33,"column":28},"end":{"line":39,"column":7}},"14":{"start":{"line":44,"column":2},"end":{"line":53,"column":null}}},"fnMap":{"0":{"name":"(anonymous_0)","decl":{"start":{"line":7,"column":13},"end":{"line":7,"column":19}},"loc":{"start":{"line":7,"column":19},"end":{"line":55,"column":null}},"line":7},"1":{"name":"(anonymous_1)","decl":{"start":{"line":17,"column":21},"end":{"line":17,"column":28}},"loc":{"start":{"line":17,"column":37},"end":{"line":41,"column":null}},"line":17},"2":{"name":"(anonymous_2)","decl":{"start":{"line":20,"column":16},"end":{"line":20,"column":17}},"loc":{"start":{"line":20,"column":26},"end":{"line":20,"column":68}},"line":20},"3":{"name":"(anonymous_3)","decl":{"start":{"line":25,"column":18},"end":{"line":25,"column":19}},"loc":{"start":{"line":25,"column":28},"end":{"line":31,"column":7}},"line":25},"4":{"name":"(anonymous_4)","decl":{"start":{"line":33,"column":18},"end":{"line":33,"column":19}},"loc":{"start":{"line":33,"column":28},"end":{"line":39,"column":7}},"line":33}},"branchMap":{"0":{"loc":{"start":{"line":18,"column":4},"end":{"line":18,"column":null}},"type":"if","locations":[{"start":{"line":18,"column":4},"end":{"line":18,"column":null}},{"start":{},"end":{}}],"line":18},"1":{"loc":{"start":{"line":29,"column":19},"end":{"line":29,"column":null}},"type":"binary-expr","locations":[{"start":{"line":29,"column":19},"end":{"line":29,"column":36}},{"start":{"line":29,"column":36},"end":{"line":29,"column":null}}],"line":29}},"s":{"0":1,"1":10,"2":10,"3":10,"4":2,"5":0,"6":2,"7":2,"8":2,"9":2,"10":1,"11":1,"12":1,"13":1,"14":10},"f":{"0":10,"1":2,"2":2,"3":1,"4":1},"b":{"0":[0,2],"1":[1,0]},"meta":{"lastBranch":2,"lastFunction":5,"lastStatement":15,"seen":{"s:7:13:55:Infinity":0,"f:7:13:7:19":0,"s:8:19:8:Infinity":1,"s:10:30:15:Infinity":2,"s:17:21:41:Infinity":3,"f:17:21:17:28":1,"b:18:4:18:Infinity:undefined:undefined:undefined:undefined":0,"s:18:4:18:Infinity":4,"s:18:22:18:Infinity":5,"s:20:4:20:Infinity":6,"f:20:16:20:17":2,"s:20:26:20:68":7,"s:22:4:40:Infinity":8,"s:23:19:23:Infinity":9,"s:25:6:31:Infinity":10,"f:25:18:25:19":3,"s:25:28:31:7":11,"b:29:19:29:36:29:36:29:Infinity":1,"s:33:6:39:Infinity":12,"f:33:18:33:19":4,"s:33:28:39:7":13,"s:44:2:53:Infinity":14}}}
,"C:\\Users\\nayen\\frontend-finanzas\\src\\pages\\Dashboard.jsx": {"path":"C:\\Users\\nayen\\frontend-finanzas\\src\\pages\\Dashboard.jsx","statementMap":{"0":{"start":{"line":12,"column":18},"end":{"line":149,"column":null}},"1":{"start":{"line":13,"column":25},"end":{"line":13,"column":null}},"2":{"start":{"line":14,"column":22},"end":{"line":14,"column":null}},"3":{"start":{"line":15,"column":28},"end":{"line":15,"column":null}},"4":{"start":{"line":16,"column":28},"end":{"line":16,"column":null}},"5":{"start":{"line":18,"column":2},"end":{"line":35,"column":null}},"6":{"start":{"line":20,"column":6},"end":{"line":31,"column":null}},"7":{"start":{"line":21,"column":37},"end":{"line":24,"column":null}},"8":{"start":{"line":25,"column":8},"end":{"line":25,"column":null}},"9":{"start":{"line":26,"column":8},"end":{"line":26,"column":null}},"10":{"start":{"line":28,"column":8},"end":{"line":28,"column":null}},"11":{"start":{"line":30,"column":8},"end":{"line":30,"column":null}},"12":{"start":{"line":34,"column":4},"end":{"line":34,"column":null}},"13":{"start":{"line":37,"column":2},"end":{"line":43,"column":null}},"14":{"start":{"line":38,"column":4},"end":{"line":41,"column":null}},"15":{"start":{"line":46,"column":2},"end":{"line":52,"column":null}},"16":{"start":{"line":47,"column":4},"end":{"line":50,"column":null}},"17":{"start":{"line":54,"column":2},"end":{"line":147,"column":null}}},"fnMap":{"0":{"name":"(anonymous_0)","decl":{"start":{"line":12,"column":18},"end":{"line":12,"column":24}},"loc":{"start":{"line":12,"column":24},"end":{"line":149,"column":null}},"line":12},"1":{"name":"(anonymous_1)","decl":{"start":{"line":18,"column":12},"end":{"line":18,"column":18}},"loc":{"start":{"line":18,"column":18},"end":{"line":35,"column":5}},"line":18},"2":{"name":"loadData","decl":{"start":{"line":19,"column":19},"end":{"line":19,"column":30}},"loc":{"start":{"line":19,"column":30},"end":{"line":32,"column":null}},"line":19}},"branchMap":{"0":{"loc":{"start":{"line":37,"column":2},"end":{"line":43,"column":null}},"type":"if","locations":[{"start":{"line":37,"column":2},"end":{"line":43,"column":null}},{"start":{},"end":{}}],"line":37},"1":{"loc":{"start":{"line":46,"column":2},"end":{"line":52,"column":null}},"type":"if","locations":[{"start":{"line":46,"column":2},"end":{"line":52,"column":null}},{"start":{},"end":{}}],"line":46},"2":{"loc":{"start":{"line":60,"column":53},"end":{"line":60,"column":93}},"type":"binary-expr","locations":[{"start":{"line":60,"column":53},"end":{"line":60,"column":83}},{"start":{"line":60,"column":83},"end":{"line":60,"column":93}}],"line":60},"3":{"loc":{"start":{"line":66,"column":32},"end":{"line":66,"column":94}},"type":"binary-expr","locations":[{"start":{"line":66,"column":32},"end":{"line":66,"column":78}},{"start":{"line":66,"column":78},"end":{"line":66,"column":94}}],"line":66},"4":{"loc":{"start":{"line":84,"column":14},"end":{"line":84,"column":null}},"type":"binary-expr","locations":[{"start":{"line":84,"column":14},"end":{"line":84,"column":52}},{"start":{"line":84,"column":52},"end":{"line":84,"column":null}}],"line":84},"5":{"loc":{"start":{"line":97,"column":14},"end":{"line":97,"column":null}},"type":"binary-expr","locations":[{"start":{"line":97,"column":14},"end":{"line":97,"column":50}},{"start":{"line":97,"column":50},"end":{"line":97,"column":null}}],"line":97},"6":{"loc":{"start":{"line":110,"column":14},"end":{"line":110,"column":null}},"type":"binary-expr","locations":[{"start":{"line":110,"column":14},"end":{"line":110,"column":51}},{"start":{"line":110,"column":51},"end":{"line":110,"column":null}}],"line":110},"7":{"loc":{"start":{"line":125,"column":31},"end":{"line":125,"column":62}},"type":"binary-expr","locations":[{"start":{"line":125,"column":31},"end":{"line":125,"column":58}},{"start":{"line":125,"column":58},"end":{"line":125,"column":62}}],"line":125},"8":{"loc":{"start":{"line":133,"column":32},"end":{"line":133,"column":55}},"type":"binary-expr","locations":[{"start":{"line":133,"column":32},"end":{"line":133,"column":52}},{"start":{"line":133,"column":52},"end":{"line":133,"column":55}}],"line":133},"9":{"loc":{"start":{"line":133,"column":65},"end":{"line":133,"column":86}},"type":"binary-expr","locations":[{"start":{"line":133,"column":65},"end":{"line":133,"column":83}},{"start":{"line":133,"column":83},"end":{"line":133,"column":86}}],"line":133}},"s":{"0":1,"1":6,"2":6,"3":6,"4":6,"5":6,"6":2,"7":2,"8":1,"9":1,"10":1,"11":2,"12":2,"13":6,"14":4,"15":2,"16":1,"17":1},"f":{"0":6,"1":2,"2":2},"b":{"0":[4,2],"1":[1,1],"2":[1,0],"3":[6,0],"4":[6,0],"5":[6,0],"6":[6,0],"7":[6,0],"8":[6,0],"9":[6,0]},"meta":{"lastBranch":10,"lastFunction":3,"lastStatement":18,"seen":{"s:12:18:149:Infinity":0,"f:12:18:12:24":0,"s:13:25:13:Infinity":1,"s:14:22:14:Infinity":2,"s:15:28:15:Infinity":3,"s:16:28:16:Infinity":4,"s:18:2:35:Infinity":5,"f:18:12:18:18":1,"f:19:19:19:30":2,"s:20:6:31:Infinity":6,"s:21:37:24:Infinity":7,"s:25:8:25:Infinity":8,"s:26:8:26:Infinity":9,"s:28:8:28:Infinity":10,"s:30:8:30:Infinity":11,"s:34:4:34:Infinity":12,"b:37:2:43:Infinity:undefined:undefined:undefined:undefined":0,"s:37:2:43:Infinity":13,"s:38:4:41:Infinity":14,"b:46:2:52:Infinity:undefined:undefined:undefined:undefined":1,"s:46:2:52:Infinity":15,"s:47:4:50:Infinity":16,"s:54:2:147:Infinity":17,"b:60:53:60:83:60:83:60:93":2,"b:66:32:66:78:66:78:66:94":3,"b:84:14:84:52:84:52:84:Infinity":4,"b:97:14:97:50:97:50:97:Infinity":5,"b:110:14:110:51:110:51:110:Infinity":6,"b:125:31:125:58:125:58:125:62":7,"b:133:32:133:52:133:52:133:55":8,"b:133:65:133:83:133:83:133:86":9}}}
,"C:\\Users\\nayen\\frontend-finanzas\\src\\pages\\Login.jsx": {"path":"C:\\Users\\nayen\\frontend-finanzas\\src\\pages\\Login.jsx","statementMap":{"0":{"start":{"line":10,"column":14},"end":{"line":148,"column":null}},"1":{"start":{"line":11,"column":24},"end":{"line":11,"column":null}},"2":{"start":{"line":12,"column":30},"end":{"line":12,"column":null}},"3":{"start":{"line":13,"column":24},"end":{"line":13,"column":null}},"4":{"start":{"line":14,"column":28},"end":{"line":14,"column":null}},"5":{"start":{"line":15,"column":28},"end":{"line":15,"column":null}},"6":{"start":{"line":17,"column":22},"end":{"line":17,"column":null}},"7":{"start":{"line":18,"column":8},"end":{"line":18,"column":null}},"8":{"start":{"line":19,"column":8},"end":{"line":19,"column":null}},"9":{"start":{"line":21,"column":2},"end":{"line":28,"column":null}},"10":{"start":{"line":23,"column":4},"end":{"line":27,"column":null}},"11":{"start":{"line":24,"column":6},"end":{"line":24,"column":null}},"12":{"start":{"line":26,"column":6},"end":{"line":26,"column":null}},"13":{"start":{"line":35,"column":2},"end":{"line":39,"column":null}},"14":{"start":{"line":36,"column":4},"end":{"line":38,"column":null}},"15":{"start":{"line":37,"column":6},"end":{"line":37,"column":null}},"16":{"start":{"line":44,"column":23},"end":{"line":61,"column":null}},"17":{"start":{"line":45,"column":4},"end":{"line":45,"column":null}},"18":{"start":{"line":46,"column":4},"end":{"line":46,"column":null}},"19":{"start":{"line":47,"column":4},"end":{"line":47,"column":null}},"20":{"start":{"line":48,"column":4},"end":{"line":48,"column":null}},"21":{"start":{"line":50,"column":19},"end":{"line":50,"column":null}},"22":{"start":{"line":52,"column":4},"end":{"line":58,"column":null}},"23":{"start":{"line":53,"column":6},"end":{"line":53,"column":null}},"24":{"start":{"line":54,"column":6},"end":{"line":54,"column":null}},"25":{"start":{"line":56,"column":6},"end":{"line":56,"column":null}},"26":{"start":{"line":57,"column":6},"end":{"line":57,"column":null}},"27":{"start":{"line":60,"column":4},"end":{"line":60,"column":null}},"28":{"start":{"line":63,"column":2},"end":{"line":146,"column":null}},"29":{"start":{"line":85,"column":31},"end":{"line":85,"column":null}},"30":{"start":{"line":96,"column":33},"end":{"line":96,"column":null}}},"fnMap":{"0":{"name":"(anonymous_0)","decl":{"start":{"line":10,"column":14},"end":{"line":10,"column":20}},"loc":{"start":{"line":10,"column":20},"end":{"line":148,"column":null}},"line":10},"1":{"name":"(anonymous_1)","decl":{"start":{"line":21,"column":12},"end":{"line":21,"column":18}},"loc":{"start":{"line":21,"column":18},"end":{"line":28,"column":5}},"line":21},"2":{"name":"(anonymous_2)","decl":{"start":{"line":35,"column":12},"end":{"line":35,"column":18}},"loc":{"start":{"line":35,"column":18},"end":{"line":39,"column":5}},"line":35},"3":{"name":"(anonymous_3)","decl":{"start":{"line":44,"column":23},"end":{"line":44,"column":30}},"loc":{"start":{"line":44,"column":36},"end":{"line":61,"column":null}},"line":44},"4":{"name":"(anonymous_4)","decl":{"start":{"line":85,"column":24},"end":{"line":85,"column":25}},"loc":{"start":{"line":85,"column":31},"end":{"line":85,"column":null}},"line":85},"5":{"name":"(anonymous_5)","decl":{"start":{"line":96,"column":26},"end":{"line":96,"column":27}},"loc":{"start":{"line":96,"column":33},"end":{"line":96,"column":null}},"line":96}},"branchMap":{"0":{"loc":{"start":{"line":23,"column":4},"end":{"line":27,"column":null}},"type":"if","locations":[{"start":{"line":23,"column":4},"end":{"line":27,"column":null}},{"start":{},"end":{}}],"line":23},"1":{"loc":{"start":{"line":36,"column":4},"end":{"line":38,"column":null}},"type":"if","locations":[{"start":{"line":36,"column":4},"end":{"line":38,"column":null}},{"start":{},"end":{}}],"line":36},"2":{"loc":{"start":{"line":52,"column":4},"end":{"line":58,"column":null}},"type":"if","locations":[{"start":{"line":52,"column":4},"end":{"line":58,"column":null}},{"start":{"line":55,"column":11},"end":{"line":58,"column":null}}],"line":52},"3":{"loc":{"start":{"line":111,"column":13},"end":{"line":114,"column":null}},"type":"binary-expr","locations":[{"start":{"line":111,"column":13},"end":{"line":111,"column":null}},{"start":{"line":112,"column":14},"end":{"line":114,"column":null}}],"line":111},"4":{"loc":{"start":{"line":117,"column":13},"end":{"line":120,"column":null}},"type":"binary-expr","locations":[{"start":{"line":117,"column":13},"end":{"line":117,"column":null}},{"start":{"line":118,"column":14},"end":{"line":120,"column":null}}],"line":117},"5":{"loc":{"start":{"line":129,"column":15},"end":{"line":129,"column":null}},"type":"cond-expr","locations":[{"start":{"line":129,"column":25},"end":{"line":129,"column":49}},{"start":{"line":129,"column":49},"end":{"line":129,"column":null}}],"line":129}},"s":{"0":1,"1":18,"2":18,"3":18,"4":18,"5":18,"6":18,"7":18,"8":18,"9":18,"10":5,"11":0,"12":0,"13":18,"14":5,"15":2,"16":18,"17":2,"18":2,"19":2,"20":2,"21":2,"22":2,"23":1,"24":1,"25":1,"26":1,"27":2,"28":18,"29":2,"30":2},"f":{"0":18,"1":5,"2":5,"3":2,"4":2,"5":2},"b":{"0":[0,5],"1":[2,3],"2":[1,1],"3":[18,0],"4":[18,1],"5":[4,14]},"meta":{"lastBranch":6,"lastFunction":6,"lastStatement":31,"seen":{"s:10:14:148:Infinity":0,"f:10:14:10:20":0,"s:11:24:11:Infinity":1,"s:12:30:12:Infinity":2,"s:13:24:13:Infinity":3,"s:14:28:14:Infinity":4,"s:15:28:15:Infinity":5,"s:17:22:17:Infinity":6,"s:18:8:18:Infinity":7,"s:19:8:19:Infinity":8,"s:21:2:28:Infinity":9,"f:21:12:21:18":1,"b:23:4:27:Infinity:undefined:undefined:undefined:undefined":0,"s:23:4:27:Infinity":10,"s:24:6:24:Infinity":11,"s:26:6:26:Infinity":12,"s:35:2:39:Infinity":13,"f:35:12:35:18":2,"b:36:4:38:Infinity:undefined:undefined:undefined:undefined":1,"s:36:4:38:Infinity":14,"s:37:6:37:Infinity":15,"s:44:23:61:Infinity":16,"f:44:23:44:30":3,"s:45:4:45:Infinity":17,"s:46:4:46:Infinity":18,"s:47:4:47:Infinity":19,"s:48:4:48:Infinity":20,"s:50:19:50:Infinity":21,"b:52:4:58:Infinity:55:11:58:Infinity":2,"s:52:4:58:Infinity":22,"s:53:6:53:Infinity":23,"s:54:6:54:Infinity":24,"s:56:6:56:Infinity":25,"s:57:6:57:Infinity":26,"s:60:4:60:Infinity":27,"s:63:2:146:Infinity":28,"f:85:24:85:25":4,"s:85:31:85:Infinity":29,"f:96:26:96:27":5,"s:96:33:96:Infinity":30,"b:111:13:111:Infinity:112:14:114:Infinity":3,"b:117:13:117:Infinity:118:14:120:Infinity":4,"b:129:25:129:49:129:49:129:Infinity":5}}}
,"C:\\Users\\nayen\\frontend-finanzas\\src\\pages\\Register.jsx": {"path":"C:\\Users\\nayen\\frontend-finanzas\\src\\pages\\Register.jsx","statementMap":{"0":{"start":{"line":10,"column":17},"end":{"line":125,"column":null}},"1":{"start":{"line":11,"column":22},"end":{"line":11,"column":null}},"2":{"start":{"line":12,"column":24},"end":{"line":12,"column":null}},"3":{"start":{"line":13,"column":30},"end":{"line":13,"column":null}},"4":{"start":{"line":14,"column":24},"end":{"line":14,"column":null}},"5":{"start":{"line":15,"column":28},"end":{"line":15,"column":null}},"6":{"start":{"line":17,"column":25},"end":{"line":17,"column":null}},"7":{"start":{"line":18,"column":8},"end":{"line":18,"column":null}},"8":{"start":{"line":21,"column":2},"end":{"line":25,"column":null}},"9":{"start":{"line":22,"column":4},"end":{"line":24,"column":null}},"10":{"start":{"line":23,"column":6},"end":{"line":23,"column":null}},"11":{"start":{"line":27,"column":23},"end":{"line":45,"column":null}},"12":{"start":{"line":28,"column":4},"end":{"line":28,"column":null}},"13":{"start":{"line":29,"column":4},"end":{"line":29,"column":null}},"14":{"start":{"line":30,"column":4},"end":{"line":30,"column":null}},"15":{"start":{"line":32,"column":19},"end":{"line":32,"column":null}},"16":{"start":{"line":34,"column":4},"end":{"line":42,"column":null}},"17":{"start":{"line":36,"column":6},"end":{"line":38,"column":null}},"18":{"start":{"line":40,"column":6},"end":{"line":40,"column":null}},"19":{"start":{"line":41,"column":6},"end":{"line":41,"column":null}},"20":{"start":{"line":44,"column":4},"end":{"line":44,"column":null}},"21":{"start":{"line":47,"column":2},"end":{"line":123,"column":null}},"22":{"start":{"line":69,"column":31},"end":{"line":69,"column":null}},"23":{"start":{"line":79,"column":31},"end":{"line":79,"column":null}},"24":{"start":{"line":89,"column":31},"end":{"line":89,"column":null}}},"fnMap":{"0":{"name":"(anonymous_0)","decl":{"start":{"line":10,"column":17},"end":{"line":10,"column":23}},"loc":{"start":{"line":10,"column":23},"end":{"line":125,"column":null}},"line":10},"1":{"name":"(anonymous_1)","decl":{"start":{"line":21,"column":12},"end":{"line":21,"column":18}},"loc":{"start":{"line":21,"column":18},"end":{"line":25,"column":5}},"line":21},"2":{"name":"(anonymous_2)","decl":{"start":{"line":27,"column":23},"end":{"line":27,"column":30}},"loc":{"start":{"line":27,"column":36},"end":{"line":45,"column":null}},"line":27},"3":{"name":"(anonymous_3)","decl":{"start":{"line":69,"column":24},"end":{"line":69,"column":25}},"loc":{"start":{"line":69,"column":31},"end":{"line":69,"column":null}},"line":69},"4":{"name":"(anonymous_4)","decl":{"start":{"line":79,"column":24},"end":{"line":79,"column":25}},"loc":{"start":{"line":79,"column":31},"end":{"line":79,"column":null}},"line":79},"5":{"name":"(anonymous_5)","decl":{"start":{"line":89,"column":24},"end":{"line":89,"column":25}},"loc":{"start":{"line":89,"column":31},"end":{"line":89,"column":null}},"line":89}},"branchMap":{"0":{"loc":{"start":{"line":22,"column":4},"end":{"line":24,"column":null}},"type":"if","locations":[{"start":{"line":22,"column":4},"end":{"line":24,"column":null}},{"start":{},"end":{}}],"line":22},"1":{"loc":{"start":{"line":34,"column":4},"end":{"line":42,"column":null}},"type":"if","locations":[{"start":{"line":34,"column":4},"end":{"line":42,"column":null}},{"start":{"line":39,"column":11},"end":{"line":42,"column":null}}],"line":34},"2":{"loc":{"start":{"line":94,"column":13},"end":{"line":97,"column":null}},"type":"binary-expr","locations":[{"start":{"line":94,"column":13},"end":{"line":94,"column":null}},{"start":{"line":95,"column":14},"end":{"line":97,"column":null}}],"line":94},"3":{"loc":{"start":{"line":106,"column":15},"end":{"line":106,"column":null}},"type":"cond-expr","locations":[{"start":{"line":106,"column":25},"end":{"line":106,"column":47}},{"start":{"line":106,"column":47},"end":{"line":106,"column":null}}],"line":106}},"s":{"0":1,"1":19,"2":19,"3":19,"4":19,"5":19,"6":19,"7":19,"8":19,"9":3,"10":0,"11":19,"12":2,"13":2,"14":2,"15":2,"16":2,"17":1,"18":1,"19":1,"20":2,"21":19,"22":2,"23":2,"24":2},"f":{"0":19,"1":3,"2":2,"3":2,"4":2,"5":2},"b":{"0":[0,3],"1":[1,1],"2":[19,1],"3":[4,15]},"meta":{"lastBranch":4,"lastFunction":6,"lastStatement":25,"seen":{"s:10:17:125:Infinity":0,"f:10:17:10:23":0,"s:11:22:11:Infinity":1,"s:12:24:12:Infinity":2,"s:13:30:13:Infinity":3,"s:14:24:14:Infinity":4,"s:15:28:15:Infinity":5,"s:17:25:17:Infinity":6,"s:18:8:18:Infinity":7,"s:21:2:25:Infinity":8,"f:21:12:21:18":1,"b:22:4:24:Infinity:undefined:undefined:undefined:undefined":0,"s:22:4:24:Infinity":9,"s:23:6:23:Infinity":10,"s:27:23:45:Infinity":11,"f:27:23:27:30":2,"s:28:4:28:Infinity":12,"s:29:4:29:Infinity":13,"s:30:4:30:Infinity":14,"s:32:19:32:Infinity":15,"b:34:4:42:Infinity:39:11:42:Infinity":1,"s:34:4:42:Infinity":16,"s:36:6:38:Infinity":17,"s:40:6:40:Infinity":18,"s:41:6:41:Infinity":19,"s:44:4:44:Infinity":20,"s:47:2:123:Infinity":21,"f:69:24:69:25":3,"s:69:31:69:Infinity":22,"f:79:24:79:25":4,"s:79:31:79:Infinity":23,"f:89:24:89:25":5,"s:89:31:89:Infinity":24,"b:94:13:94:Infinity:95:14:97:Infinity":2,"b:106:25:106:47:106:47:106:Infinity":3}}}
,"C:\\Users\\nayen\\frontend-finanzas\\src\\services\\categoryService.js": {"path":"C:\\Users\\nayen\\frontend-finanzas\\src\\services\\categoryService.js","statementMap":{"0":{"start":{"line":3,"column":22},"end":{"line":6,"column":1}},"1":{"start":{"line":4,"column":21},"end":{"line":4,"column":49}},"2":{"start":{"line":5,"column":4},"end":{"line":5,"column":16}},"3":{"start":{"line":8,"column":23},"end":{"line":16,"column":1}},"4":{"start":{"line":10,"column":20},"end":{"line":13,"column":5}},"5":{"start":{"line":14,"column":21},"end":{"line":14,"column":59}},"6":{"start":{"line":15,"column":4},"end":{"line":15,"column":16}},"7":{"start":{"line":18,"column":23},"end":{"line":25,"column":1}},"8":{"start":{"line":19,"column":20},"end":{"line":22,"column":5}},"9":{"start":{"line":23,"column":21},"end":{"line":23,"column":64}},"10":{"start":{"line":24,"column":4},"end":{"line":24,"column":16}},"11":{"start":{"line":27,"column":23},"end":{"line":30,"column":1}},"12":{"start":{"line":28,"column":21},"end":{"line":28,"column":58}},"13":{"start":{"line":29,"column":4},"end":{"line":29,"column":16}}},"fnMap":{"0":{"name":"(anonymous_0)","decl":{"start":{"line":3,"column":22},"end":{"line":3,"column":27}},"loc":{"start":{"line":3,"column":34},"end":{"line":6,"column":1}},"line":3},"1":{"name":"(anonymous_1)","decl":{"start":{"line":8,"column":23},"end":{"line":8,"column":28}},"loc":{"start":{"line":8,"column":47},"end":{"line":16,"column":1}},"line":8},"2":{"name":"(anonymous_2)","decl":{"start":{"line":18,"column":23},"end":{"line":18,"column":28}},"loc":{"start":{"line":18,"column":51},"end":{"line":25,"column":1}},"line":18},"3":{"name":"(anonymous_3)","decl":{"start":{"line":27,"column":23},"end":{"line":27,"column":28}},"loc":{"start":{"line":27,"column":37},"end":{"line":30,"column":1}},"line":27}},"branchMap":{"0":{"loc":{"start":{"line":12,"column":14},"end":{"line":12,"column":67}},"type":"cond-expr","locations":[{"start":{"line":12,"column":48},"end":{"line":12,"column":55}},{"start":{"line":12,"column":58},"end":{"line":12,"column":67}}],"line":12},"1":{"loc":{"start":{"line":21,"column":14},"end":{"line":21,"column":67}},"type":"cond-expr","locations":[{"start":{"line":21,"column":48},"end":{"line":21,"column":55}},{"start":{"line":21,"column":58},"end":{"line":21,"column":67}}],"line":21}},"s":{"0":1,"1":5,"2":4,"3":1,"4":1,"5":1,"6":1,"7":1,"8":1,"9":1,"10":1,"11":1,"12":1,"13":1},"f":{"0":5,"1":1,"2":1,"3":1},"b":{"0":[1,0],"1":[1,0]},"meta":{"lastBranch":2,"lastFunction":4,"lastStatement":14,"seen":{"s:3:22:6:1":0,"f:3:22:3:27":0,"s:4:21:4:49":1,"s:5:4:5:16":2,"s:8:23:16:1":3,"f:8:23:8:28":1,"s:10:20:13:5":4,"b:12:48:12:55:12:58:12:67":0,"s:14:21:14:59":5,"s:15:4:15:16":6,"s:18:23:25:1":7,"f:18:23:18:28":2,"s:19:20:22:5":8,"b:21:48:21:55:21:58:21:67":1,"s:23:21:23:64":9,"s:24:4:24:16":10,"s:27:23:30:1":11,"f:27:23:27:28":3,"s:28:21:28:58":12,"s:29:4:29:16":13}}}
,"C:\\Users\\nayen\\frontend-finanzas\\src\\services\\chatService.js": {"path":"C:\\Users\\nayen\\frontend-finanzas\\src\\services\\chatService.js","statementMap":{"0":{"start":{"line":4,"column":19},"end":{"line":6,"column":4}},"1":{"start":{"line":8,"column":2},"end":{"line":8,"column":23}}},"fnMap":{"0":{"name":"sendMessageToBot","decl":{"start":{"line":3,"column":22},"end":{"line":3,"column":38}},"loc":{"start":{"line":3,"column":48},"end":{"line":9,"column":1}},"line":3}},"branchMap":{},"s":{"0":2,"1":1},"f":{"0":2},"b":{},"meta":{"lastBranch":0,"lastFunction":1,"lastStatement":2,"seen":{"f:3:22:3:38":0,"s:4:19:6:4":0,"s:8:2:8:23":1}}}
,"C:\\Users\\nayen\\frontend-finanzas\\src\\services\\dashboardService.js": {"path":"C:\\Users\\nayen\\frontend-finanzas\\src\\services\\dashboardService.js","statementMap":{"0":{"start":{"line":4,"column":19},"end":{"line":4,"column":54}},"1":{"start":{"line":5,"column":2},"end":{"line":5,"column":23}},"2":{"start":{"line":9,"column":19},"end":{"line":9,"column":54}},"3":{"start":{"line":10,"column":2},"end":{"line":10,"column":23}}},"fnMap":{"0":{"name":"getDashboardSummary","decl":{"start":{"line":3,"column":22},"end":{"line":3,"column":41}},"loc":{"start":{"line":3,"column":44},"end":{"line":6,"column":1}},"line":3},"1":{"name":"getDashboardResumen","decl":{"start":{"line":8,"column":22},"end":{"line":8,"column":41}},"loc":{"start":{"line":8,"column":44},"end":{"line":11,"column":1}},"line":8}},"branchMap":{},"s":{"0":2,"1":1,"2":2,"3":1},"f":{"0":2,"1":2},"b":{},"meta":{"lastBranch":0,"lastFunction":2,"lastStatement":4,"seen":{"f:3:22:3:41":0,"s:4:19:4:54":0,"s:5:2:5:23":1,"f:8:22:8:41":1,"s:9:19:9:54":2,"s:10:2:10:23":3}}}
}
