{"C:\\Users\\ricar\\Proyecto\\Smartfin-front\\src\\components\\categories\\CategoryForm.jsx": {"path":"C:\\Users\\ricar\\Proyecto\\Smartfin-front\\src\\components\\categories\\CategoryForm.jsx","statementMap":{"0":{"start":{"line":12,"column":32},"end":{"line":16,"column":null}},"1":{"start":{"line":18,"column":4},"end":{"line":26,"column":null}},"2":{"start":{"line":19,"column":8},"end":{"line":25,"column":null}},"3":{"start":{"line":20,"column":12},"end":{"line":24,"column":null}},"4":{"start":{"line":28,"column":25},"end":{"line":31,"column":null}},"5":{"start":{"line":29,"column":32},"end":{"line":29,"column":null}},"6":{"start":{"line":30,"column":8},"end":{"line":30,"column":null}},"7":{"start":{"line":30,"column":29},"end":{"line":30,"column":56}},"8":{"start":{"line":33,"column":25},"end":{"line":36,"column":null}},"9":{"start":{"line":34,"column":8},"end":{"line":34,"column":null}},"10":{"start":{"line":35,"column":8},"end":{"line":35,"column":null}},"11":{"start":{"line":38,"column":4},"end":{"line":100,"column":null}},"12":{"start":{"line":50,"column":33},"end":{"line":50,"column":null}}},"fnMap":{"0":{"name":"CategoryForm","decl":{"start":{"line":6,"column":24},"end":{"line":6,"column":37}},"loc":{"start":{"line":11,"column":3},"end":{"line":102,"column":null}},"line":11},"1":{"name":"(anonymous_1)","decl":{"start":{"line":18,"column":14},"end":{"line":18,"column":20}},"loc":{"start":{"line":18,"column":20},"end":{"line":26,"column":7}},"line":18},"2":{"name":"(anonymous_2)","decl":{"start":{"line":28,"column":25},"end":{"line":28,"column":26}},"loc":{"start":{"line":28,"column":32},"end":{"line":31,"column":null}},"line":28},"3":{"name":"(anonymous_3)","decl":{"start":{"line":30,"column":20},"end":{"line":30,"column":29}},"loc":{"start":{"line":30,"column":29},"end":{"line":30,"column":56}},"line":30},"4":{"name":"(anonymous_4)","decl":{"start":{"line":33,"column":25},"end":{"line":33,"column":26}},"loc":{"start":{"line":33,"column":32},"end":{"line":36,"column":null}},"line":33},"5":{"name":"(anonymous_5)","decl":{"start":{"line":50,"column":26},"end":{"line":50,"column":27}},"loc":{"start":{"line":50,"column":33},"end":{"line":50,"column":null}},"line":50}},"branchMap":{"0":{"loc":{"start":{"line":7,"column":4},"end":{"line":7,"column":null}},"type":"default-arg","locations":[{"start":{"line":7,"column":18},"end":{"line":7,"column":null}}],"line":7},"1":{"loc":{"start":{"line":10,"column":4},"end":{"line":10,"column":null}},"type":"default-arg","locations":[{"start":{"line":10,"column":16},"end":{"line":10,"column":null}}],"line":10},"2":{"loc":{"start":{"line":19,"column":8},"end":{"line":25,"column":null}},"type":"if","locations":[{"start":{"line":19,"column":8},"end":{"line":25,"column":null}},{"start":{},"end":{}}],"line":19},"3":{"loc":{"start":{"line":21,"column":22},"end":{"line":21,"column":null}},"type":"binary-expr","locations":[{"start":{"line":21,"column":22},"end":{"line":21,"column":42}},{"start":{"line":21,"column":42},"end":{"line":21,"column":64}},{"start":{"line":21,"column":64},"end":{"line":21,"column":null}}],"line":21},"4":{"loc":{"start":{"line":22,"column":23},"end":{"line":22,"column":null}},"type":"cond-expr","locations":[{"start":{"line":22,"column":90},"end":{"line":22,"column":101}},{"start":{"line":22,"column":101},"end":{"line":22,"column":null}}],"line":22},"5":{"loc":{"start":{"line":22,"column":23},"end":{"line":22,"column":90}},"type":"binary-expr","locations":[{"start":{"line":22,"column":23},"end":{"line":22,"column":56}},{"start":{"line":22,"column":56},"end":{"line":22,"column":90}}],"line":22},"6":{"loc":{"start":{"line":23,"column":23},"end":{"line":23,"column":null}},"type":"binary-expr","locations":[{"start":{"line":23,"column":23},"end":{"line":23,"column":44}},{"start":{"line":23,"column":44},"end":{"line":23,"column":null}}],"line":23},"7":{"loc":{"start":{"line":42,"column":21},"end":{"line":42,"column":null}},"type":"cond-expr","locations":[{"start":{"line":42,"column":35},"end":{"line":42,"column":56}},{"start":{"line":42,"column":56},"end":{"line":42,"column":null}}],"line":42},"8":{"loc":{"start":{"line":97,"column":21},"end":{"line":97,"column":null}},"type":"cond-expr","locations":[{"start":{"line":97,"column":33},"end":{"line":97,"column":51}},{"start":{"line":97,"column":51},"end":{"line":97,"column":null}}],"line":97},"9":{"loc":{"start":{"line":97,"column":51},"end":{"line":97,"column":null}},"type":"cond-expr","locations":[{"start":{"line":97,"column":65},"end":{"line":97,"column":80}},{"start":{"line":97,"column":80},"end":{"line":97,"column":null}}],"line":97}},"s":{"0":8,"1":8,"2":5,"3":1,"4":8,"5":2,"6":2,"7":2,"8":8,"9":1,"10":1,"11":8,"12":1},"f":{"0":8,"1":5,"2":2,"3":2,"4":1,"5":1},"b":{"0":[8],"1":[8],"2":[1,4],"3":[1,0,0],"4":[0,1],"5":[1,1],"6":[1,0],"7":[2,6],"8":[0,8],"9":[2,6]},"meta":{"lastBranch":10,"lastFunction":6,"lastStatement":13,"seen":{"f:6:24:6:37":0,"b:7:18:7:Infinity":0,"b:10:16:10:Infinity":1,"s:12:32:16:Infinity":0,"s:18:4:26:Infinity":1,"f:18:14:18:20":1,"b:19:8:25:Infinity:undefined:undefined:undefined:undefined":2,"s:19:8:25:Infinity":2,"s:20:12:24:Infinity":3,"b:21:22:21:42:21:42:21:64:21:64:21:Infinity":3,"b:22:90:22:101:22:101:22:Infinity":4,"b:22:23:22:56:22:56:22:90":5,"b:23:23:23:44:23:44:23:Infinity":6,"s:28:25:31:Infinity":4,"f:28:25:28:26":2,"s:29:32:29:Infinity":5,"s:30:8:30:Infinity":6,"f:30:20:30:29":3,"s:30:29:30:56":7,"s:33:25:36:Infinity":8,"f:33:25:33:26":4,"s:34:8:34:Infinity":9,"s:35:8:35:Infinity":10,"s:38:4:100:Infinity":11,"b:42:35:42:56:42:56:42:Infinity":7,"f:50:26:50:27":5,"s:50:33:50:Infinity":12,"b:97:33:97:51:97:51:97:Infinity":8,"b:97:65:97:80:97:80:97:Infinity":9}}}
,"C:\\Users\\ricar\\Proyecto\\Smartfin-front\\src\\components\\categories\\CategoryList.jsx": {"path":"C:\\Users\\ricar\\Proyecto\\Smartfin-front\\src\\components\\categories\\CategoryList.jsx","statementMap":{"0":{"start":{"line":6,"column":4},"end":{"line":13,"column":null}},"1":{"start":{"line":7,"column":8},"end":{"line":11,"column":null}},"2":{"start":{"line":15,"column":4},"end":{"line":65,"column":null}},"3":{"start":{"line":18,"column":16},"end":{"line":63,"column":null}},"4":{"start":{"line":49,"column":43},"end":{"line":49,"column":null}},"5":{"start":{"line":56,"column":43},"end":{"line":56,"column":null}}},"fnMap":{"0":{"name":"CategoryList","decl":{"start":{"line":5,"column":24},"end":{"line":5,"column":37}},"loc":{"start":{"line":5,"column":71},"end":{"line":67,"column":null}},"line":5},"1":{"name":"(anonymous_1)","decl":{"start":{"line":17,"column":28},"end":{"line":17,"column":29}},"loc":{"start":{"line":18,"column":16},"end":{"line":63,"column":null}},"line":18},"2":{"name":"(anonymous_2)","decl":{"start":{"line":49,"column":37},"end":{"line":49,"column":43}},"loc":{"start":{"line":49,"column":43},"end":{"line":49,"column":null}},"line":49},"3":{"name":"(anonymous_3)","decl":{"start":{"line":56,"column":37},"end":{"line":56,"column":43}},"loc":{"start":{"line":56,"column":43},"end":{"line":56,"column":null}},"line":56}},"branchMap":{"0":{"loc":{"start":{"line":6,"column":4},"end":{"line":13,"column":null}},"type":"if","locations":[{"start":{"line":6,"column":4},"end":{"line":13,"column":null}},{"start":{},"end":{}}],"line":6},"1":{"loc":{"start":{"line":6,"column":8},"end":{"line":6,"column":48}},"type":"binary-expr","locations":[{"start":{"line":6,"column":8},"end":{"line":6,"column":23}},{"start":{"line":6,"column":23},"end":{"line":6,"column":48}}],"line":6},"2":{"loc":{"start":{"line":25,"column":54},"end":{"line":25,"column":82}},"type":"binary-expr","locations":[{"start":{"line":25,"column":54},"end":{"line":25,"column":72}},{"start":{"line":25,"column":72},"end":{"line":25,"column":82}}],"line":25},"3":{"loc":{"start":{"line":27,"column":30},"end":{"line":27,"column":71}},"type":"binary-expr","locations":[{"start":{"line":27,"column":30},"end":{"line":27,"column":47}},{"start":{"line":27,"column":47},"end":{"line":27,"column":66}},{"start":{"line":27,"column":66},"end":{"line":27,"column":71}}],"line":27},"4":{"loc":{"start":{"line":30,"column":73},"end":{"line":30,"column":106}},"type":"binary-expr","locations":[{"start":{"line":30,"column":73},"end":{"line":30,"column":90}},{"start":{"line":30,"column":90},"end":{"line":30,"column":106}}],"line":30},"5":{"loc":{"start":{"line":32,"column":34},"end":{"line":41,"column":null}},"type":"cond-expr","locations":[{"start":{"line":33,"column":36},"end":{"line":36,"column":null}},{"start":{"line":38,"column":36},"end":{"line":41,"column":null}}],"line":32},"6":{"loc":{"start":{"line":32,"column":34},"end":{"line":32,"column":null}},"type":"binary-expr","locations":[{"start":{"line":32,"column":34},"end":{"line":32,"column":64}},{"start":{"line":32,"column":64},"end":{"line":32,"column":null}}],"line":32},"7":{"loc":{"start":{"line":19,"column":25},"end":{"line":19,"column":null}},"type":"binary-expr","locations":[{"start":{"line":19,"column":25},"end":{"line":19,"column":50}},{"start":{"line":19,"column":50},"end":{"line":19,"column":65}},{"start":{"line":19,"column":65},"end":{"line":19,"column":null}}],"line":19}},"s":{"0":5,"1":1,"2":4,"3":8,"4":0,"5":0},"f":{"0":5,"1":8,"2":0,"3":0},"b":{"0":[1,4],"1":[5,5],"2":[8,0],"3":[8,0,0],"4":[8,0],"5":[4,4],"6":[8,8],"7":[8,0,0]},"meta":{"lastBranch":8,"lastFunction":4,"lastStatement":6,"seen":{"f:5:24:5:37":0,"b:6:4:13:Infinity:undefined:undefined:undefined:undefined":0,"s:6:4:13:Infinity":0,"b:6:8:6:23:6:23:6:48":1,"s:7:8:11:Infinity":1,"s:15:4:65:Infinity":2,"f:17:28:17:29":1,"s:18:16:63:Infinity":3,"b:25:54:25:72:25:72:25:82":2,"b:27:30:27:47:27:47:27:66:27:66:27:71":3,"b:30:73:30:90:30:90:30:106":4,"b:33:36:36:Infinity:38:36:41:Infinity":5,"b:32:34:32:64:32:64:32:Infinity":6,"f:49:37:49:43":2,"s:49:43:49:Infinity":4,"f:56:37:56:43":3,"s:56:43:56:Infinity":5,"b:19:25:19:50:19:50:19:65:19:65:19:Infinity":7}}}
,"C:\\Users\\ricar\\Proyecto\\Smartfin-front\\src\\components\\chat\\ChatInput.jsx": {"path":"C:\\Users\\ricar\\Proyecto\\Smartfin-front\\src\\components\\chat\\ChatInput.jsx","statementMap":{"0":{"start":{"line":5,"column":18},"end":{"line":36,"column":null}},"1":{"start":{"line":6,"column":24},"end":{"line":6,"column":null}},"2":{"start":{"line":8,"column":25},"end":{"line":13,"column":null}},"3":{"start":{"line":9,"column":8},"end":{"line":9,"column":null}},"4":{"start":{"line":10,"column":8},"end":{"line":10,"column":null}},"5":{"start":{"line":10,"column":26},"end":{"line":10,"column":null}},"6":{"start":{"line":11,"column":8},"end":{"line":11,"column":null}},"7":{"start":{"line":12,"column":8},"end":{"line":12,"column":null}},"8":{"start":{"line":15,"column":4},"end":{"line":34,"column":null}},"9":{"start":{"line":22,"column":33},"end":{"line":22,"column":null}}},"fnMap":{"0":{"name":"(anonymous_0)","decl":{"start":{"line":5,"column":18},"end":{"line":5,"column":19}},"loc":{"start":{"line":5,"column":34},"end":{"line":36,"column":null}},"line":5},"1":{"name":"(anonymous_1)","decl":{"start":{"line":8,"column":25},"end":{"line":8,"column":26}},"loc":{"start":{"line":8,"column":32},"end":{"line":13,"column":null}},"line":8},"2":{"name":"(anonymous_2)","decl":{"start":{"line":22,"column":26},"end":{"line":22,"column":27}},"loc":{"start":{"line":22,"column":33},"end":{"line":22,"column":null}},"line":22}},"branchMap":{"0":{"loc":{"start":{"line":10,"column":8},"end":{"line":10,"column":null}},"type":"if","locations":[{"start":{"line":10,"column":8},"end":{"line":10,"column":null}},{"start":{},"end":{}}],"line":10}},"s":{"0":1,"1":18,"2":18,"3":3,"4":3,"5":0,"6":3,"7":3,"8":18,"9":4},"f":{"0":18,"1":3,"2":4},"b":{"0":[0,3]},"meta":{"lastBranch":1,"lastFunction":3,"lastStatement":10,"seen":{"s:5:18:36:Infinity":0,"f:5:18:5:19":0,"s:6:24:6:Infinity":1,"s:8:25:13:Infinity":2,"f:8:25:8:26":1,"s:9:8:9:Infinity":3,"b:10:8:10:Infinity:undefined:undefined:undefined:undefined":0,"s:10:8:10:Infinity":4,"s:10:26:10:Infinity":5,"s:11:8:11:Infinity":6,"s:12:8:12:Infinity":7,"s:15:4:34:Infinity":8,"f:22:26:22:27":2,"s:22:33:22:Infinity":9}}}
,"C:\\Users\\ricar\\Proyecto\\Smartfin-front\\src\\components\\chat\\ChatWindow.jsx": {"path":"C:\\Users\\ricar\\Proyecto\\Smartfin-front\\src\\components\\chat\\ChatWindow.jsx","statementMap":{"0":{"start":{"line":4,"column":19},"end":{"line":21,"column":null}},"1":{"start":{"line":5,"column":8},"end":{"line":5,"column":null}},"2":{"start":{"line":7,"column":2},"end":{"line":9,"column":null}},"3":{"start":{"line":8,"column":4},"end":{"line":8,"column":null}},"4":{"start":{"line":11,"column":2},"end":{"line":19,"column":null}},"5":{"start":{"line":15,"column":10},"end":{"line":15,"column":null}}},"fnMap":{"0":{"name":"(anonymous_0)","decl":{"start":{"line":4,"column":19},"end":{"line":4,"column":20}},"loc":{"start":{"line":4,"column":37},"end":{"line":21,"column":null}},"line":4},"1":{"name":"(anonymous_1)","decl":{"start":{"line":7,"column":12},"end":{"line":7,"column":18}},"loc":{"start":{"line":7,"column":18},"end":{"line":9,"column":5}},"line":7},"2":{"name":"(anonymous_2)","decl":{"start":{"line":14,"column":22},"end":{"line":14,"column":23}},"loc":{"start":{"line":15,"column":10},"end":{"line":15,"column":null}},"line":15}},"branchMap":{},"s":{"0":1,"1":14,"2":14,"3":14,"4":14,"5":23},"f":{"0":14,"1":14,"2":23},"b":{},"meta":{"lastBranch":0,"lastFunction":3,"lastStatement":6,"seen":{"s:4:19:21:Infinity":0,"f:4:19:4:20":0,"s:5:8:5:Infinity":1,"s:7:2:9:Infinity":2,"f:7:12:7:18":1,"s:8:4:8:Infinity":3,"s:11:2:19:Infinity":4,"f:14:22:14:23":2,"s:15:10:15:Infinity":5}}}
,"C:\\Users\\ricar\\Proyecto\\Smartfin-front\\src\\components\\chat\\MessageBubble.jsx": {"path":"C:\\Users\\ricar\\Proyecto\\Smartfin-front\\src\\components\\chat\\MessageBubble.jsx","statementMap":{"0":{"start":{"line":1,"column":22},"end":{"line":16,"column":null}},"1":{"start":{"line":2,"column":17},"end":{"line":2,"column":null}},"2":{"start":{"line":4,"column":2},"end":{"line":14,"column":null}}},"fnMap":{"0":{"name":"(anonymous_0)","decl":{"start":{"line":1,"column":22},"end":{"line":1,"column":23}},"loc":{"start":{"line":1,"column":39},"end":{"line":16,"column":null}},"line":1}},"branchMap":{"0":{"loc":{"start":{"line":5,"column":28},"end":{"line":5,"column":68}},"type":"cond-expr","locations":[{"start":{"line":5,"column":37},"end":{"line":5,"column":53}},{"start":{"line":5,"column":53},"end":{"line":5,"column":68}}],"line":5},"1":{"loc":{"start":{"line":7,"column":92},"end":{"line":9,"column":null}},"type":"cond-expr","locations":[{"start":{"line":8,"column":14},"end":{"line":8,"column":null}},{"start":{"line":9,"column":14},"end":{"line":9,"column":null}}],"line":7}},"s":{"0":1,"1":23,"2":23},"f":{"0":23},"b":{"0":[6,17],"1":[6,17]},"meta":{"lastBranch":2,"lastFunction":1,"lastStatement":3,"seen":{"s:1:22:16:Infinity":0,"f:1:22:1:23":0,"s:2:17:2:Infinity":1,"s:4:2:14:Infinity":2,"b:5:37:5:53:5:53:5:68":0,"b:8:14:8:Infinity:9:14:9:Infinity":1}}}
,"C:\\Users\\ricar\\Proyecto\\Smartfin-front\\src\\components\\dashboard\\SavingsGoals.jsx": {"path":"C:\\Users\\ricar\\Proyecto\\Smartfin-front\\src\\components\\dashboard\\SavingsGoals.jsx","statementMap":{"0":{"start":{"line":7,"column":21},"end":{"line":180,"column":null}},"1":{"start":{"line":8,"column":24},"end":{"line":8,"column":null}},"2":{"start":{"line":9,"column":28},"end":{"line":9,"column":null}},"3":{"start":{"line":10,"column":30},"end":{"line":10,"column":null}},"4":{"start":{"line":12,"column":28},"end":{"line":15,"column":null}},"5":{"start":{"line":20,"column":2},"end":{"line":22,"column":null}},"6":{"start":{"line":21,"column":4},"end":{"line":21,"column":null}},"7":{"start":{"line":24,"column":20},"end":{"line":33,"column":null}},"8":{"start":{"line":25,"column":4},"end":{"line":32,"column":null}},"9":{"start":{"line":26,"column":18},"end":{"line":26,"column":null}},"10":{"start":{"line":27,"column":6},"end":{"line":27,"column":null}},"11":{"start":{"line":29,"column":6},"end":{"line":29,"column":null}},"12":{"start":{"line":31,"column":6},"end":{"line":31,"column":null}},"13":{"start":{"line":38,"column":23},"end":{"line":54,"column":null}},"14":{"start":{"line":39,"column":4},"end":{"line":39,"column":null}},"15":{"start":{"line":41,"column":4},"end":{"line":53,"column":null}},"16":{"start":{"line":42,"column":6},"end":{"line":45,"column":null}},"17":{"start":{"line":47,"column":6},"end":{"line":47,"column":null}},"18":{"start":{"line":48,"column":6},"end":{"line":48,"column":null}},"19":{"start":{"line":49,"column":6},"end":{"line":49,"column":null}},"20":{"start":{"line":51,"column":6},"end":{"line":51,"column":null}},"21":{"start":{"line":52,"column":6},"end":{"line":52,"column":null}},"22":{"start":{"line":59,"column":23},"end":{"line":68,"column":null}},"23":{"start":{"line":60,"column":4},"end":{"line":60,"column":null}},"24":{"start":{"line":60,"column":49},"end":{"line":60,"column":null}},"25":{"start":{"line":62,"column":4},"end":{"line":67,"column":null}},"26":{"start":{"line":63,"column":6},"end":{"line":63,"column":null}},"27":{"start":{"line":64,"column":6},"end":{"line":64,"column":null}},"28":{"start":{"line":66,"column":6},"end":{"line":66,"column":null}},"29":{"start":{"line":70,"column":19},"end":{"line":73,"column":null}},"30":{"start":{"line":71,"column":4},"end":{"line":71,"column":null}},"31":{"start":{"line":71,"column":19},"end":{"line":71,"column":null}},"32":{"start":{"line":72,"column":4},"end":{"line":72,"column":null}},"33":{"start":{"line":75,"column":2},"end":{"line":178,"column":null}},"34":{"start":{"line":86,"column":25},"end":{"line":86,"column":null}},"35":{"start":{"line":101,"column":14},"end":{"line":101,"column":null}},"36":{"start":{"line":111,"column":14},"end":{"line":114,"column":null}},"37":{"start":{"line":121,"column":49},"end":{"line":121,"column":69}},"38":{"start":{"line":139,"column":24},"end":{"line":142,"column":null}},"39":{"start":{"line":144,"column":12},"end":{"line":173,"column":null}},"40":{"start":{"line":157,"column":35},"end":{"line":157,"column":null}}},"fnMap":{"0":{"name":"(anonymous_0)","decl":{"start":{"line":7,"column":21},"end":{"line":7,"column":27}},"loc":{"start":{"line":7,"column":27},"end":{"line":180,"column":null}},"line":7},"1":{"name":"(anonymous_1)","decl":{"start":{"line":20,"column":12},"end":{"line":20,"column":18}},"loc":{"start":{"line":20,"column":18},"end":{"line":22,"column":5}},"line":20},"2":{"name":"(anonymous_2)","decl":{"start":{"line":24,"column":20},"end":{"line":24,"column":32}},"loc":{"start":{"line":24,"column":32},"end":{"line":33,"column":null}},"line":24},"3":{"name":"(anonymous_3)","decl":{"start":{"line":38,"column":23},"end":{"line":38,"column":30}},"loc":{"start":{"line":38,"column":36},"end":{"line":54,"column":null}},"line":38},"4":{"name":"(anonymous_4)","decl":{"start":{"line":59,"column":23},"end":{"line":59,"column":30}},"loc":{"start":{"line":59,"column":37},"end":{"line":68,"column":null}},"line":59},"5":{"name":"(anonymous_5)","decl":{"start":{"line":70,"column":19},"end":{"line":70,"column":20}},"loc":{"start":{"line":70,"column":41},"end":{"line":73,"column":null}},"line":70},"6":{"name":"(anonymous_6)","decl":{"start":{"line":86,"column":19},"end":{"line":86,"column":25}},"loc":{"start":{"line":86,"column":25},"end":{"line":86,"column":null}},"line":86},"7":{"name":"(anonymous_7)","decl":{"start":{"line":100,"column":22},"end":{"line":100,"column":23}},"loc":{"start":{"line":101,"column":14},"end":{"line":101,"column":null}},"line":101},"8":{"name":"(anonymous_8)","decl":{"start":{"line":110,"column":22},"end":{"line":110,"column":23}},"loc":{"start":{"line":111,"column":14},"end":{"line":114,"column":null}},"line":111},"9":{"name":"(anonymous_9)","decl":{"start":{"line":121,"column":43},"end":{"line":121,"column":49}},"loc":{"start":{"line":121,"column":49},"end":{"line":121,"column":69}},"line":121},"10":{"name":"(anonymous_10)","decl":{"start":{"line":138,"column":20},"end":{"line":138,"column":21}},"loc":{"start":{"line":138,"column":30},"end":{"line":175,"column":11}},"line":138},"11":{"name":"(anonymous_11)","decl":{"start":{"line":157,"column":29},"end":{"line":157,"column":35}},"loc":{"start":{"line":157,"column":35},"end":{"line":157,"column":null}},"line":157}},"branchMap":{"0":{"loc":{"start":{"line":27,"column":15},"end":{"line":27,"column":29}},"type":"binary-expr","locations":[{"start":{"line":27,"column":15},"end":{"line":27,"column":27}},{"start":{"line":27,"column":27},"end":{"line":27,"column":29}}],"line":27},"1":{"loc":{"start":{"line":60,"column":4},"end":{"line":60,"column":null}},"type":"if","locations":[{"start":{"line":60,"column":4},"end":{"line":60,"column":null}},{"start":{},"end":{}}],"line":60},"2":{"loc":{"start":{"line":71,"column":4},"end":{"line":71,"column":null}},"type":"if","locations":[{"start":{"line":71,"column":4},"end":{"line":71,"column":null}},{"start":{},"end":{}}],"line":71},"3":{"loc":{"start":{"line":94,"column":7},"end":{"line":125,"column":null}},"type":"binary-expr","locations":[{"start":{"line":94,"column":7},"end":{"line":94,"column":null}},{"start":{"line":95,"column":8},"end":{"line":125,"column":null}}],"line":94},"4":{"loc":{"start":{"line":130,"column":9},"end":{"line":175,"column":null}},"type":"cond-expr","locations":[{"start":{"line":131,"column":10},"end":{"line":131,"column":null}},{"start":{"line":132,"column":12},"end":{"line":175,"column":null}}],"line":130},"5":{"loc":{"start":{"line":132,"column":12},"end":{"line":175,"column":null}},"type":"cond-expr","locations":[{"start":{"line":133,"column":10},"end":{"line":136,"column":null}},{"start":{"line":138,"column":10},"end":{"line":175,"column":null}}],"line":132},"6":{"loc":{"start":{"line":140,"column":21},"end":{"line":140,"column":43}},"type":"binary-expr","locations":[{"start":{"line":140,"column":21},"end":{"line":140,"column":42}},{"start":{"line":140,"column":42},"end":{"line":140,"column":43}}],"line":140},"7":{"loc":{"start":{"line":150,"column":31},"end":{"line":150,"column":53}},"type":"binary-expr","locations":[{"start":{"line":150,"column":31},"end":{"line":150,"column":52}},{"start":{"line":150,"column":52},"end":{"line":150,"column":53}}],"line":150}},"s":{"0":2,"1":11,"2":11,"3":11,"4":11,"5":11,"6":4,"7":11,"8":5,"9":5,"10":4,"11":0,"12":4,"13":11,"14":1,"15":1,"16":1,"17":1,"18":1,"19":1,"20":0,"21":0,"22":11,"23":0,"24":0,"25":0,"26":0,"27":0,"28":0,"29":11,"30":1,"31":0,"32":1,"33":11,"34":1,"35":1,"36":1,"37":0,"38":1,"39":1,"40":0},"f":{"0":11,"1":4,"2":5,"3":1,"4":0,"5":1,"6":1,"7":1,"8":1,"9":0,"10":1,"11":0},"b":{"0":[4,0],"1":[0,0],"2":[0,1],"3":[11,3],"4":[7,4],"5":[3,1],"6":[1,0],"7":[1,0]},"meta":{"lastBranch":8,"lastFunction":12,"lastStatement":41,"seen":{"s:7:21:180:Infinity":0,"f:7:21:7:27":0,"s:8:24:8:Infinity":1,"s:9:28:9:Infinity":2,"s:10:30:10:Infinity":3,"s:12:28:15:Infinity":4,"s:20:2:22:Infinity":5,"f:20:12:20:18":1,"s:21:4:21:Infinity":6,"s:24:20:33:Infinity":7,"f:24:20:24:32":2,"s:25:4:32:Infinity":8,"s:26:18:26:Infinity":9,"s:27:6:27:Infinity":10,"b:27:15:27:27:27:27:27:29":0,"s:29:6:29:Infinity":11,"s:31:6:31:Infinity":12,"s:38:23:54:Infinity":13,"f:38:23:38:30":3,"s:39:4:39:Infinity":14,"s:41:4:53:Infinity":15,"s:42:6:45:Infinity":16,"s:47:6:47:Infinity":17,"s:48:6:48:Infinity":18,"s:49:6:49:Infinity":19,"s:51:6:51:Infinity":20,"s:52:6:52:Infinity":21,"s:59:23:68:Infinity":22,"f:59:23:59:30":4,"b:60:4:60:Infinity:undefined:undefined:undefined:undefined":1,"s:60:4:60:Infinity":23,"s:60:49:60:Infinity":24,"s:62:4:67:Infinity":25,"s:63:6:63:Infinity":26,"s:64:6:64:Infinity":27,"s:66:6:66:Infinity":28,"s:70:19:73:Infinity":29,"f:70:19:70:20":5,"b:71:4:71:Infinity:undefined:undefined:undefined:undefined":2,"s:71:4:71:Infinity":30,"s:71:19:71:Infinity":31,"s:72:4:72:Infinity":32,"s:75:2:178:Infinity":33,"f:86:19:86:25":6,"s:86:25:86:Infinity":34,"b:94:7:94:Infinity:95:8:125:Infinity":3,"f:100:22:100:23":7,"s:101:14:101:Infinity":35,"f:110:22:110:23":8,"s:111:14:114:Infinity":36,"f:121:43:121:49":9,"s:121:49:121:69":37,"b:131:10:131:Infinity:132:12:175:Infinity":4,"b:133:10:136:Infinity:138:10:175:Infinity":5,"f:138:20:138:21":10,"s:139:24:142:Infinity":38,"b:140:21:140:42:140:42:140:43":6,"s:144:12:173:Infinity":39,"b:150:31:150:52:150:52:150:53":7,"f:157:29:157:35":11,"s:157:35:157:Infinity":40}}}
,"C:\\Users\\ricar\\Proyecto\\Smartfin-front\\src\\components\\ui\\Button.jsx": {"path":"C:\\Users\\ricar\\Proyecto\\Smartfin-front\\src\\components\\ui\\Button.jsx","statementMap":{"0":{"start":{"line":3,"column":15},"end":{"line":33,"column":null}},"1":{"start":{"line":12,"column":4},"end":{"line":12,"column":null}},"2":{"start":{"line":14,"column":19},"end":{"line":21,"column":null}},"3":{"start":{"line":23,"column":2},"end":{"line":31,"column":null}}},"fnMap":{"0":{"name":"(anonymous_0)","decl":{"start":{"line":3,"column":15},"end":{"line":3,"column":16}},"loc":{"start":{"line":10,"column":6},"end":{"line":33,"column":null}},"line":10}},"branchMap":{"0":{"loc":{"start":{"line":6,"column":2},"end":{"line":6,"column":null}},"type":"default-arg","locations":[{"start":{"line":6,"column":9},"end":{"line":6,"column":null}}],"line":6},"1":{"loc":{"start":{"line":7,"column":2},"end":{"line":7,"column":null}},"type":"default-arg","locations":[{"start":{"line":7,"column":12},"end":{"line":7,"column":null}}],"line":7},"2":{"loc":{"start":{"line":8,"column":2},"end":{"line":8,"column":null}},"type":"default-arg","locations":[{"start":{"line":8,"column":14},"end":{"line":8,"column":null}}],"line":8},"3":{"loc":{"start":{"line":9,"column":2},"end":{"line":9,"column":null}},"type":"default-arg","locations":[{"start":{"line":9,"column":13},"end":{"line":9,"column":null}}],"line":9}},"s":{"0":4,"1":47,"2":47,"3":47},"f":{"0":47},"b":{"0":[47],"1":[47],"2":[47],"3":[47]},"meta":{"lastBranch":4,"lastFunction":1,"lastStatement":4,"seen":{"s:3:15:33:Infinity":0,"f:3:15:3:16":0,"b:6:9:6:Infinity":0,"b:7:12:7:Infinity":1,"b:8:14:8:Infinity":2,"b:9:13:9:Infinity":3,"s:12:4:12:Infinity":1,"s:14:19:21:Infinity":2,"s:23:2:31:Infinity":3}}}
,"C:\\Users\\ricar\\Proyecto\\Smartfin-front\\src\\components\\ui\\Card.jsx": {"path":"C:\\Users\\ricar\\Proyecto\\Smartfin-front\\src\\components\\ui\\Card.jsx","statementMap":{"0":{"start":{"line":3,"column":13},"end":{"line":16,"column":null}},"1":{"start":{"line":4,"column":2},"end":{"line":14,"column":null}}},"fnMap":{"0":{"name":"(anonymous_0)","decl":{"start":{"line":3,"column":13},"end":{"line":3,"column":14}},"loc":{"start":{"line":3,"column":54},"end":{"line":16,"column":null}},"line":3}},"branchMap":{"0":{"loc":{"start":{"line":3,"column":33},"end":{"line":3,"column":48}},"type":"default-arg","locations":[{"start":{"line":3,"column":45},"end":{"line":3,"column":48}}],"line":3},"1":{"loc":{"start":{"line":8,"column":7},"end":{"line":11,"column":null}},"type":"binary-expr","locations":[{"start":{"line":8,"column":7},"end":{"line":8,"column":null}},{"start":{"line":9,"column":8},"end":{"line":11,"column":null}}],"line":8}},"s":{"0":2,"1":20},"f":{"0":20},"b":{"0":[20],"1":[20,0]},"meta":{"lastBranch":2,"lastFunction":1,"lastStatement":2,"seen":{"s:3:13:16:Infinity":0,"f:3:13:3:14":0,"b:3:45:3:48":0,"s:4:2:14:Infinity":1,"b:8:7:8:Infinity:9:8:11:Infinity":1}}}
,"C:\\Users\\ricar\\Proyecto\\Smartfin-front\\src\\components\\ui\\Input.jsx": {"path":"C:\\Users\\ricar\\Proyecto\\Smartfin-front\\src\\components\\ui\\Input.jsx","statementMap":{"0":{"start":{"line":3,"column":14},"end":{"line":36,"column":null}},"1":{"start":{"line":13,"column":2},"end":{"line":34,"column":null}}},"fnMap":{"0":{"name":"(anonymous_0)","decl":{"start":{"line":3,"column":14},"end":{"line":3,"column":15}},"loc":{"start":{"line":12,"column":6},"end":{"line":36,"column":null}},"line":12}},"branchMap":{"0":{"loc":{"start":{"line":6,"column":2},"end":{"line":6,"column":null}},"type":"default-arg","locations":[{"start":{"line":6,"column":9},"end":{"line":6,"column":null}}],"line":6},"1":{"loc":{"start":{"line":10,"column":2},"end":{"line":10,"column":null}},"type":"default-arg","locations":[{"start":{"line":10,"column":13},"end":{"line":10,"column":null}}],"line":10},"2":{"loc":{"start":{"line":11,"column":2},"end":{"line":11,"column":null}},"type":"default-arg","locations":[{"start":{"line":11,"column":13},"end":{"line":11,"column":null}}],"line":11},"3":{"loc":{"start":{"line":15,"column":7},"end":{"line":21,"column":null}},"type":"binary-expr","locations":[{"start":{"line":15,"column":7},"end":{"line":15,"column":null}},{"start":{"line":16,"column":8},"end":{"line":21,"column":null}}],"line":15}},"s":{"0":4,"1":57},"f":{"0":57},"b":{"0":[57],"1":[57],"2":[57],"3":[57,57]},"meta":{"lastBranch":4,"lastFunction":1,"lastStatement":2,"seen":{"s:3:14:36:Infinity":0,"f:3:14:3:15":0,"b:6:9:6:Infinity":0,"b:10:13:10:Infinity":1,"b:11:13:11:Infinity":2,"s:13:2:34:Infinity":1,"b:15:7:15:Infinity:16:8:21:Infinity":3}}}
,"C:\\Users\\ricar\\Proyecto\\Smartfin-front\\src\\context\\AuthContext.jsx": {"path":"C:\\Users\\ricar\\Proyecto\\Smartfin-front\\src\\context\\AuthContext.jsx","statementMap":{"0":{"start":{"line":4,"column":6},"end":{"line":4,"column":null}},"1":{"start":{"line":7,"column":16},"end":{"line":7,"column":null}},"2":{"start":{"line":9,"column":28},"end":{"line":159,"column":null}},"3":{"start":{"line":10,"column":22},"end":{"line":10,"column":null}},"4":{"start":{"line":11,"column":28},"end":{"line":11,"column":null}},"5":{"start":{"line":16,"column":2},"end":{"line":61,"column":null}},"6":{"start":{"line":17,"column":18},"end":{"line":17,"column":null}},"7":{"start":{"line":18,"column":22},"end":{"line":18,"column":null}},"8":{"start":{"line":20,"column":4},"end":{"line":60,"column":null}},"9":{"start":{"line":22,"column":6},"end":{"line":27,"column":null}},"10":{"start":{"line":23,"column":8},"end":{"line":23,"column":null}},"11":{"start":{"line":25,"column":8},"end":{"line":25,"column":null}},"12":{"start":{"line":26,"column":8},"end":{"line":26,"column":null}},"13":{"start":{"line":30,"column":6},"end":{"line":43,"column":null}},"14":{"start":{"line":33,"column":27},"end":{"line":33,"column":null}},"15":{"start":{"line":34,"column":10},"end":{"line":34,"column":null}},"16":{"start":{"line":35,"column":10},"end":{"line":35,"column":null}},"17":{"start":{"line":39,"column":10},"end":{"line":39,"column":null}},"18":{"start":{"line":40,"column":10},"end":{"line":40,"column":null}},"19":{"start":{"line":41,"column":10},"end":{"line":41,"column":null}},"20":{"start":{"line":43,"column":23},"end":{"line":43,"column":40}},"21":{"start":{"line":44,"column":4},"end":{"line":60,"column":null}},"22":{"start":{"line":46,"column":6},"end":{"line":57,"column":null}},"23":{"start":{"line":49,"column":27},"end":{"line":49,"column":null}},"24":{"start":{"line":50,"column":10},"end":{"line":50,"column":null}},"25":{"start":{"line":51,"column":10},"end":{"line":51,"column":null}},"26":{"start":{"line":54,"column":10},"end":{"line":54,"column":null}},"27":{"start":{"line":55,"column":10},"end":{"line":55,"column":null}},"28":{"start":{"line":57,"column":23},"end":{"line":57,"column":40}},"29":{"start":{"line":59,"column":6},"end":{"line":59,"column":null}},"30":{"start":{"line":66,"column":19},"end":{"line":92,"column":null}},"31":{"start":{"line":68,"column":4},"end":{"line":71,"column":null}},"32":{"start":{"line":69,"column":6},"end":{"line":69,"column":null}},"33":{"start":{"line":70,"column":6},"end":{"line":70,"column":null}},"34":{"start":{"line":73,"column":21},"end":{"line":83,"column":null}},"35":{"start":{"line":85,"column":17},"end":{"line":85,"column":null}},"36":{"start":{"line":87,"column":4},"end":{"line":89,"column":null}},"37":{"start":{"line":88,"column":6},"end":{"line":88,"column":null}},"38":{"start":{"line":91,"column":4},"end":{"line":91,"column":null}},"39":{"start":{"line":97,"column":16},"end":{"line":135,"column":null}},"40":{"start":{"line":99,"column":4},"end":{"line":102,"column":null}},"41":{"start":{"line":100,"column":6},"end":{"line":100,"column":null}},"42":{"start":{"line":101,"column":6},"end":{"line":101,"column":null}},"43":{"start":{"line":104,"column":20},"end":{"line":104,"column":null}},"44":{"start":{"line":106,"column":21},"end":{"line":115,"column":null}},"45":{"start":{"line":117,"column":17},"end":{"line":117,"column":null}},"46":{"start":{"line":119,"column":4},"end":{"line":121,"column":null}},"47":{"start":{"line":120,"column":6},"end":{"line":120,"column":null}},"48":{"start":{"line":124,"column":4},"end":{"line":126,"column":null}},"49":{"start":{"line":125,"column":6},"end":{"line":125,"column":null}},"50":{"start":{"line":129,"column":4},"end":{"line":132,"column":null}},"51":{"start":{"line":130,"column":6},"end":{"line":130,"column":null}},"52":{"start":{"line":131,"column":6},"end":{"line":131,"column":null}},"53":{"start":{"line":134,"column":4},"end":{"line":134,"column":null}},"54":{"start":{"line":140,"column":17},"end":{"line":144,"column":null}},"55":{"start":{"line":141,"column":4},"end":{"line":141,"column":null}},"56":{"start":{"line":142,"column":4},"end":{"line":142,"column":null}},"57":{"start":{"line":143,"column":4},"end":{"line":143,"column":null}},"58":{"start":{"line":146,"column":2},"end":{"line":157,"column":null}},"59":{"start":{"line":161,"column":23},"end":{"line":161,"column":null}}},"fnMap":{"0":{"name":"(anonymous_0)","decl":{"start":{"line":9,"column":28},"end":{"line":9,"column":29}},"loc":{"start":{"line":9,"column":46},"end":{"line":159,"column":null}},"line":9},"1":{"name":"(anonymous_1)","decl":{"start":{"line":16,"column":12},"end":{"line":16,"column":18}},"loc":{"start":{"line":16,"column":18},"end":{"line":61,"column":5}},"line":16},"2":{"name":"(anonymous_2)","decl":{"start":{"line":32,"column":14},"end":{"line":32,"column":15}},"loc":{"start":{"line":32,"column":24},"end":{"line":36,"column":9}},"line":32},"3":{"name":"(anonymous_3)","decl":{"start":{"line":37,"column":15},"end":{"line":37,"column":21}},"loc":{"start":{"line":37,"column":21},"end":{"line":42,"column":9}},"line":37},"4":{"name":"(anonymous_4)","decl":{"start":{"line":43,"column":17},"end":{"line":43,"column":23}},"loc":{"start":{"line":43,"column":23},"end":{"line":43,"column":40}},"line":43},"5":{"name":"(anonymous_5)","decl":{"start":{"line":48,"column":14},"end":{"line":48,"column":15}},"loc":{"start":{"line":48,"column":24},"end":{"line":52,"column":9}},"line":48},"6":{"name":"(anonymous_6)","decl":{"start":{"line":53,"column":15},"end":{"line":53,"column":21}},"loc":{"start":{"line":53,"column":21},"end":{"line":56,"column":9}},"line":53},"7":{"name":"(anonymous_7)","decl":{"start":{"line":57,"column":17},"end":{"line":57,"column":23}},"loc":{"start":{"line":57,"column":23},"end":{"line":57,"column":40}},"line":57},"8":{"name":"(anonymous_8)","decl":{"start":{"line":66,"column":19},"end":{"line":66,"column":26}},"loc":{"start":{"line":66,"column":52},"end":{"line":92,"column":null}},"line":66},"9":{"name":"(anonymous_9)","decl":{"start":{"line":97,"column":16},"end":{"line":97,"column":23}},"loc":{"start":{"line":97,"column":43},"end":{"line":135,"column":null}},"line":97},"10":{"name":"(anonymous_10)","decl":{"start":{"line":140,"column":17},"end":{"line":140,"column":23}},"loc":{"start":{"line":140,"column":23},"end":{"line":144,"column":null}},"line":140},"11":{"name":"(anonymous_11)","decl":{"start":{"line":161,"column":23},"end":{"line":161,"column":29}},"loc":{"start":{"line":161,"column":23},"end":{"line":161,"column":null}},"line":161}},"branchMap":{"0":{"loc":{"start":{"line":7,"column":16},"end":{"line":7,"column":null}},"type":"binary-expr","locations":[{"start":{"line":7,"column":16},"end":{"line":7,"column":48}},{"start":{"line":7,"column":48},"end":{"line":7,"column":null}}],"line":7},"1":{"loc":{"start":{"line":20,"column":4},"end":{"line":60,"column":null}},"type":"if","locations":[{"start":{"line":20,"column":4},"end":{"line":60,"column":null}},{"start":{"line":44,"column":4},"end":{"line":60,"column":null}}],"line":20},"2":{"loc":{"start":{"line":20,"column":8},"end":{"line":20,"column":28}},"type":"binary-expr","locations":[{"start":{"line":20,"column":8},"end":{"line":20,"column":17}},{"start":{"line":20,"column":17},"end":{"line":20,"column":28}}],"line":20},"3":{"loc":{"start":{"line":33,"column":27},"end":{"line":33,"column":null}},"type":"binary-expr","locations":[{"start":{"line":33,"column":27},"end":{"line":33,"column":40}},{"start":{"line":33,"column":40},"end":{"line":33,"column":null}}],"line":33},"4":{"loc":{"start":{"line":44,"column":4},"end":{"line":60,"column":null}},"type":"if","locations":[{"start":{"line":44,"column":4},"end":{"line":60,"column":null}},{"start":{"line":58,"column":11},"end":{"line":60,"column":null}}],"line":44},"5":{"loc":{"start":{"line":49,"column":27},"end":{"line":49,"column":null}},"type":"binary-expr","locations":[{"start":{"line":49,"column":27},"end":{"line":49,"column":40}},{"start":{"line":49,"column":40},"end":{"line":49,"column":null}}],"line":49},"6":{"loc":{"start":{"line":68,"column":4},"end":{"line":71,"column":null}},"type":"if","locations":[{"start":{"line":68,"column":4},"end":{"line":71,"column":null}},{"start":{},"end":{}}],"line":68},"7":{"loc":{"start":{"line":68,"column":8},"end":{"line":68,"column":38}},"type":"binary-expr","locations":[{"start":{"line":68,"column":8},"end":{"line":68,"column":17}},{"start":{"line":68,"column":17},"end":{"line":68,"column":27}},{"start":{"line":68,"column":27},"end":{"line":68,"column":38}}],"line":68},"8":{"loc":{"start":{"line":87,"column":4},"end":{"line":89,"column":null}},"type":"if","locations":[{"start":{"line":87,"column":4},"end":{"line":89,"column":null}},{"start":{},"end":{}}],"line":87},"9":{"loc":{"start":{"line":88,"column":22},"end":{"line":88,"column":66}},"type":"binary-expr","locations":[{"start":{"line":88,"column":22},"end":{"line":88,"column":38}},{"start":{"line":88,"column":38},"end":{"line":88,"column":66}}],"line":88},"10":{"loc":{"start":{"line":99,"column":4},"end":{"line":102,"column":null}},"type":"if","locations":[{"start":{"line":99,"column":4},"end":{"line":102,"column":null}},{"start":{},"end":{}}],"line":99},"11":{"loc":{"start":{"line":99,"column":8},"end":{"line":99,"column":29}},"type":"binary-expr","locations":[{"start":{"line":99,"column":8},"end":{"line":99,"column":18}},{"start":{"line":99,"column":18},"end":{"line":99,"column":29}}],"line":99},"12":{"loc":{"start":{"line":119,"column":4},"end":{"line":121,"column":null}},"type":"if","locations":[{"start":{"line":119,"column":4},"end":{"line":121,"column":null}},{"start":{},"end":{}}],"line":119},"13":{"loc":{"start":{"line":120,"column":40},"end":{"line":120,"column":82}},"type":"binary-expr","locations":[{"start":{"line":120,"column":40},"end":{"line":120,"column":56}},{"start":{"line":120,"column":56},"end":{"line":120,"column":82}}],"line":120},"14":{"loc":{"start":{"line":124,"column":4},"end":{"line":126,"column":null}},"type":"if","locations":[{"start":{"line":124,"column":4},"end":{"line":126,"column":null}},{"start":{},"end":{}}],"line":124},"15":{"loc":{"start":{"line":129,"column":4},"end":{"line":132,"column":null}},"type":"if","locations":[{"start":{"line":129,"column":4},"end":{"line":132,"column":null}},{"start":{},"end":{}}],"line":129},"16":{"loc":{"start":{"line":156,"column":7},"end":{"line":156,"column":null}},"type":"binary-expr","locations":[{"start":{"line":156,"column":7},"end":{"line":156,"column":19}},{"start":{"line":156,"column":19},"end":{"line":156,"column":null}}],"line":156}},"s":{"0":6,"1":6,"2":6,"3":86,"4":86,"5":86,"6":31,"7":31,"8":31,"9":18,"10":18,"11":0,"12":0,"13":18,"14":2,"15":2,"16":2,"17":16,"18":16,"19":16,"20":18,"21":13,"22":0,"23":0,"24":0,"25":0,"26":0,"27":0,"28":0,"29":13,"30":86,"31":0,"32":0,"33":0,"34":0,"35":0,"36":0,"37":0,"38":0,"39":86,"40":1,"41":0,"42":0,"43":1,"44":1,"45":0,"46":0,"47":0,"48":0,"49":0,"50":0,"51":0,"52":0,"53":0,"54":86,"55":1,"56":1,"57":1,"58":86,"59":55},"f":{"0":86,"1":31,"2":2,"3":16,"4":18,"5":0,"6":0,"7":0,"8":0,"9":1,"10":1,"11":55},"b":{"0":[6,0],"1":[18,13],"2":[31,18],"3":[2,0],"4":[0,13],"5":[0,0],"6":[0,0],"7":[0,0,0],"8":[0,0],"9":[0,0],"10":[0,1],"11":[1,1],"12":[0,0],"13":[0,0],"14":[0,0],"15":[0,0],"16":[86,32]},"meta":{"lastBranch":17,"lastFunction":12,"lastStatement":60,"seen":{"s:4:6:4:Infinity":0,"s:7:16:7:Infinity":1,"b:7:16:7:48:7:48:7:Infinity":0,"s:9:28:159:Infinity":2,"f:9:28:9:29":0,"s:10:22:10:Infinity":3,"s:11:28:11:Infinity":4,"s:16:2:61:Infinity":5,"f:16:12:16:18":1,"s:17:18:17:Infinity":6,"s:18:22:18:Infinity":7,"b:20:4:60:Infinity:44:4:60:Infinity":1,"s:20:4:60:Infinity":8,"b:20:8:20:17:20:17:20:28":2,"s:22:6:27:Infinity":9,"s:23:8:23:Infinity":10,"s:25:8:25:Infinity":11,"s:26:8:26:Infinity":12,"s:30:6:43:Infinity":13,"f:32:14:32:15":2,"s:33:27:33:Infinity":14,"b:33:27:33:40:33:40:33:Infinity":3,"s:34:10:34:Infinity":15,"s:35:10:35:Infinity":16,"f:37:15:37:21":3,"s:39:10:39:Infinity":17,"s:40:10:40:Infinity":18,"s:41:10:41:Infinity":19,"f:43:17:43:23":4,"s:43:23:43:40":20,"b:44:4:60:Infinity:58:11:60:Infinity":4,"s:44:4:60:Infinity":21,"s:46:6:57:Infinity":22,"f:48:14:48:15":5,"s:49:27:49:Infinity":23,"b:49:27:49:40:49:40:49:Infinity":5,"s:50:10:50:Infinity":24,"s:51:10:51:Infinity":25,"f:53:15:53:21":6,"s:54:10:54:Infinity":26,"s:55:10:55:Infinity":27,"f:57:17:57:23":7,"s:57:23:57:40":28,"s:59:6:59:Infinity":29,"s:66:19:92:Infinity":30,"f:66:19:66:26":8,"b:68:4:71:Infinity:undefined:undefined:undefined:undefined":6,"s:68:4:71:Infinity":31,"b:68:8:68:17:68:17:68:27:68:27:68:38":7,"s:69:6:69:Infinity":32,"s:70:6:70:Infinity":33,"s:73:21:83:Infinity":34,"s:85:17:85:Infinity":35,"b:87:4:89:Infinity:undefined:undefined:undefined:undefined":8,"s:87:4:89:Infinity":36,"s:88:6:88:Infinity":37,"b:88:22:88:38:88:38:88:66":9,"s:91:4:91:Infinity":38,"s:97:16:135:Infinity":39,"f:97:16:97:23":9,"b:99:4:102:Infinity:undefined:undefined:undefined:undefined":10,"s:99:4:102:Infinity":40,"b:99:8:99:18:99:18:99:29":11,"s:100:6:100:Infinity":41,"s:101:6:101:Infinity":42,"s:104:20:104:Infinity":43,"s:106:21:115:Infinity":44,"s:117:17:117:Infinity":45,"b:119:4:121:Infinity:undefined:undefined:undefined:undefined":12,"s:119:4:121:Infinity":46,"s:120:6:120:Infinity":47,"b:120:40:120:56:120:56:120:82":13,"b:124:4:126:Infinity:undefined:undefined:undefined:undefined":14,"s:124:4:126:Infinity":48,"s:125:6:125:Infinity":49,"b:129:4:132:Infinity:undefined:undefined:undefined:undefined":15,"s:129:4:132:Infinity":50,"s:130:6:130:Infinity":51,"s:131:6:131:Infinity":52,"s:134:4:134:Infinity":53,"s:140:17:144:Infinity":54,"f:140:17:140:23":10,"s:141:4:141:Infinity":55,"s:142:4:142:Infinity":56,"s:143:4:143:Infinity":57,"s:146:2:157:Infinity":58,"b:156:7:156:19:156:19:156:Infinity":16,"s:161:23:161:Infinity":59,"f:161:23:161:29":11}}}
,"C:\\Users\\ricar\\Proyecto\\Smartfin-front\\src\\pages\\Categories.jsx": {"path":"C:\\Users\\ricar\\Proyecto\\Smartfin-front\\src\\pages\\Categories.jsx","statementMap":{"0":{"start":{"line":11,"column":17},"end":{"line":11,"column":null}},"1":{"start":{"line":12,"column":36},"end":{"line":12,"column":null}},"2":{"start":{"line":13,"column":30},"end":{"line":13,"column":null}},"3":{"start":{"line":14,"column":32},"end":{"line":14,"column":null}},"4":{"start":{"line":15,"column":46},"end":{"line":15,"column":null}},"5":{"start":{"line":16,"column":26},"end":{"line":16,"column":null}},"6":{"start":{"line":19,"column":28},"end":{"line":30,"column":null}},"7":{"start":{"line":20,"column":8},"end":{"line":29,"column":null}},"8":{"start":{"line":21,"column":12},"end":{"line":21,"column":null}},"9":{"start":{"line":22,"column":25},"end":{"line":22,"column":null}},"10":{"start":{"line":23,"column":12},"end":{"line":23,"column":null}},"11":{"start":{"line":25,"column":12},"end":{"line":25,"column":null}},"12":{"start":{"line":26,"column":12},"end":{"line":26,"column":null}},"13":{"start":{"line":28,"column":12},"end":{"line":28,"column":null}},"14":{"start":{"line":32,"column":4},"end":{"line":34,"column":null}},"15":{"start":{"line":33,"column":8},"end":{"line":33,"column":null}},"16":{"start":{"line":36,"column":25},"end":{"line":48,"column":null}},"17":{"start":{"line":37,"column":8},"end":{"line":47,"column":null}},"18":{"start":{"line":38,"column":30},"end":{"line":38,"column":null}},"19":{"start":{"line":41,"column":12},"end":{"line":41,"column":null}},"20":{"start":{"line":42,"column":12},"end":{"line":42,"column":null}},"21":{"start":{"line":43,"column":12},"end":{"line":43,"column":null}},"22":{"start":{"line":45,"column":12},"end":{"line":45,"column":null}},"23":{"start":{"line":46,"column":12},"end":{"line":46,"column":null}},"24":{"start":{"line":50,"column":25},"end":{"line":65,"column":null}},"25":{"start":{"line":51,"column":8},"end":{"line":64,"column":null}},"26":{"start":{"line":52,"column":23},"end":{"line":52,"column":null}},"27":{"start":{"line":53,"column":31},"end":{"line":53,"column":null}},"28":{"start":{"line":55,"column":12},"end":{"line":57,"column":null}},"29":{"start":{"line":56,"column":17},"end":{"line":56,"column":null}},"30":{"start":{"line":58,"column":12},"end":{"line":58,"column":null}},"31":{"start":{"line":59,"column":12},"end":{"line":59,"column":null}},"32":{"start":{"line":60,"column":12},"end":{"line":60,"column":null}},"33":{"start":{"line":62,"column":12},"end":{"line":62,"column":null}},"34":{"start":{"line":63,"column":12},"end":{"line":63,"column":null}},"35":{"start":{"line":67,"column":25},"end":{"line":79,"column":null}},"36":{"start":{"line":68,"column":8},"end":{"line":68,"column":null}},"37":{"start":{"line":68,"column":78},"end":{"line":68,"column":null}},"38":{"start":{"line":69,"column":8},"end":{"line":78,"column":null}},"39":{"start":{"line":70,"column":23},"end":{"line":70,"column":null}},"40":{"start":{"line":71,"column":12},"end":{"line":71,"column":null}},"41":{"start":{"line":73,"column":12},"end":{"line":73,"column":null}},"42":{"start":{"line":73,"column":44},"end":{"line":73,"column":89}},"43":{"start":{"line":74,"column":12},"end":{"line":74,"column":null}},"44":{"start":{"line":76,"column":12},"end":{"line":76,"column":null}},"45":{"start":{"line":77,"column":12},"end":{"line":77,"column":null}},"46":{"start":{"line":81,"column":21},"end":{"line":84,"column":null}},"47":{"start":{"line":82,"column":8},"end":{"line":82,"column":null}},"48":{"start":{"line":83,"column":8},"end":{"line":83,"column":null}},"49":{"start":{"line":86,"column":23},"end":{"line":89,"column":null}},"50":{"start":{"line":87,"column":8},"end":{"line":87,"column":null}},"51":{"start":{"line":88,"column":8},"end":{"line":88,"column":null}},"52":{"start":{"line":91,"column":22},"end":{"line":95,"column":null}},"53":{"start":{"line":92,"column":8},"end":{"line":92,"column":null}},"54":{"start":{"line":93,"column":8},"end":{"line":93,"column":null}},"55":{"start":{"line":94,"column":8},"end":{"line":94,"column":null}},"56":{"start":{"line":97,"column":4},"end":{"line":140,"column":null}}},"fnMap":{"0":{"name":"Categories","decl":{"start":{"line":10,"column":24},"end":{"line":10,"column":37}},"loc":{"start":{"line":10,"column":37},"end":{"line":142,"column":null}},"line":10},"1":{"name":"(anonymous_1)","decl":{"start":{"line":19,"column":28},"end":{"line":19,"column":40}},"loc":{"start":{"line":19,"column":40},"end":{"line":30,"column":null}},"line":19},"2":{"name":"(anonymous_2)","decl":{"start":{"line":32,"column":14},"end":{"line":32,"column":20}},"loc":{"start":{"line":32,"column":20},"end":{"line":34,"column":7}},"line":32},"3":{"name":"(anonymous_3)","decl":{"start":{"line":36,"column":25},"end":{"line":36,"column":32}},"loc":{"start":{"line":36,"column":45},"end":{"line":48,"column":null}},"line":36},"4":{"name":"(anonymous_4)","decl":{"start":{"line":50,"column":25},"end":{"line":50,"column":32}},"loc":{"start":{"line":50,"column":45},"end":{"line":65,"column":null}},"line":50},"5":{"name":"(anonymous_5)","decl":{"start":{"line":55,"column":41},"end":{"line":55,"column":null}},"loc":{"start":{"line":56,"column":17},"end":{"line":56,"column":null}},"line":56},"6":{"name":"(anonymous_6)","decl":{"start":{"line":67,"column":25},"end":{"line":67,"column":32}},"loc":{"start":{"line":67,"column":45},"end":{"line":79,"column":null}},"line":67},"7":{"name":"(anonymous_7)","decl":{"start":{"line":73,"column":44},"end":{"line":73,"column":50}},"loc":{"start":{"line":73,"column":44},"end":{"line":73,"column":89}},"line":73},"8":{"name":"(anonymous_8)","decl":{"start":{"line":81,"column":21},"end":{"line":81,"column":22}},"loc":{"start":{"line":81,"column":35},"end":{"line":84,"column":null}},"line":81},"9":{"name":"(anonymous_9)","decl":{"start":{"line":86,"column":23},"end":{"line":86,"column":29}},"loc":{"start":{"line":86,"column":29},"end":{"line":89,"column":null}},"line":86},"10":{"name":"(anonymous_10)","decl":{"start":{"line":91,"column":22},"end":{"line":91,"column":28}},"loc":{"start":{"line":91,"column":28},"end":{"line":95,"column":null}},"line":91}},"branchMap":{"0":{"loc":{"start":{"line":52,"column":23},"end":{"line":52,"column":null}},"type":"binary-expr","locations":[{"start":{"line":52,"column":23},"end":{"line":52,"column":55}},{"start":{"line":52,"column":55},"end":{"line":52,"column":77}},{"start":{"line":52,"column":77},"end":{"line":52,"column":null}}],"line":52},"1":{"loc":{"start":{"line":56,"column":17},"end":{"line":56,"column":null}},"type":"cond-expr","locations":[{"start":{"line":56,"column":63},"end":{"line":56,"column":76}},{"start":{"line":56,"column":76},"end":{"line":56,"column":null}}],"line":56},"2":{"loc":{"start":{"line":68,"column":8},"end":{"line":68,"column":null}},"type":"if","locations":[{"start":{"line":68,"column":8},"end":{"line":68,"column":null}},{"start":{},"end":{}}],"line":68},"3":{"loc":{"start":{"line":70,"column":23},"end":{"line":70,"column":null}},"type":"binary-expr","locations":[{"start":{"line":70,"column":23},"end":{"line":70,"column":48}},{"start":{"line":70,"column":48},"end":{"line":70,"column":63}},{"start":{"line":70,"column":63},"end":{"line":70,"column":null}}],"line":70},"4":{"loc":{"start":{"line":73,"column":50},"end":{"line":73,"column":87}},"type":"binary-expr","locations":[{"start":{"line":73,"column":50},"end":{"line":73,"column":68}},{"start":{"line":73,"column":68},"end":{"line":73,"column":76}},{"start":{"line":73,"column":76},"end":{"line":73,"column":87}}],"line":73},"5":{"loc":{"start":{"line":104,"column":17},"end":{"line":108,"column":null}},"type":"binary-expr","locations":[{"start":{"line":104,"column":17},"end":{"line":104,"column":null}},{"start":{"line":105,"column":20},"end":{"line":108,"column":null}}],"line":104},"6":{"loc":{"start":{"line":112,"column":13},"end":{"line":115,"column":null}},"type":"binary-expr","locations":[{"start":{"line":112,"column":13},"end":{"line":112,"column":null}},{"start":{"line":113,"column":16},"end":{"line":115,"column":null}}],"line":112},"7":{"loc":{"start":{"line":118,"column":13},"end":{"line":138,"column":null}},"type":"cond-expr","locations":[{"start":{"line":119,"column":16},"end":{"line":126,"column":null}},{"start":{"line":128,"column":16},"end":{"line":138,"column":null}}],"line":118},"8":{"loc":{"start":{"line":122,"column":34},"end":{"line":122,"column":null}},"type":"cond-expr","locations":[{"start":{"line":122,"column":52},"end":{"line":122,"column":67}},{"start":{"line":122,"column":67},"end":{"line":122,"column":null}}],"line":122},"9":{"loc":{"start":{"line":129,"column":21},"end":{"line":136,"column":null}},"type":"cond-expr","locations":[{"start":{"line":130,"column":24},"end":{"line":130,"column":null}},{"start":{"line":132,"column":24},"end":{"line":136,"column":null}}],"line":129}},"s":{"0":14,"1":14,"2":14,"3":14,"4":14,"5":14,"6":14,"7":6,"8":6,"9":6,"10":5,"11":1,"12":1,"13":6,"14":14,"15":6,"16":14,"17":0,"18":0,"19":0,"20":0,"21":0,"22":0,"23":0,"24":14,"25":0,"26":0,"27":0,"28":0,"29":0,"30":0,"31":0,"32":0,"33":0,"34":0,"35":14,"36":0,"37":0,"38":0,"39":0,"40":0,"41":0,"42":0,"43":0,"44":0,"45":0,"46":14,"47":0,"48":0,"49":14,"50":1,"51":1,"52":14,"53":0,"54":0,"55":0,"56":14},"f":{"0":14,"1":6,"2":6,"3":0,"4":0,"5":0,"6":0,"7":0,"8":0,"9":1,"10":0},"b":{"0":[0,0,0],"1":[0,0],"2":[0,0],"3":[0,0,0],"4":[0,0,0],"5":[14,13],"6":[14,2],"7":[1,13],"8":[0,1],"9":[6,7]},"meta":{"lastBranch":10,"lastFunction":11,"lastStatement":57,"seen":{"f:10:24:10:37":0,"s:11:17:11:Infinity":0,"s:12:36:12:Infinity":1,"s:13:30:13:Infinity":2,"s:14:32:14:Infinity":3,"s:15:46:15:Infinity":4,"s:16:26:16:Infinity":5,"s:19:28:30:Infinity":6,"f:19:28:19:40":1,"s:20:8:29:Infinity":7,"s:21:12:21:Infinity":8,"s:22:25:22:Infinity":9,"s:23:12:23:Infinity":10,"s:25:12:25:Infinity":11,"s:26:12:26:Infinity":12,"s:28:12:28:Infinity":13,"s:32:4:34:Infinity":14,"f:32:14:32:20":2,"s:33:8:33:Infinity":15,"s:36:25:48:Infinity":16,"f:36:25:36:32":3,"s:37:8:47:Infinity":17,"s:38:30:38:Infinity":18,"s:41:12:41:Infinity":19,"s:42:12:42:Infinity":20,"s:43:12:43:Infinity":21,"s:45:12:45:Infinity":22,"s:46:12:46:Infinity":23,"s:50:25:65:Infinity":24,"f:50:25:50:32":4,"s:51:8:64:Infinity":25,"s:52:23:52:Infinity":26,"b:52:23:52:55:52:55:52:77:52:77:52:Infinity":0,"s:53:31:53:Infinity":27,"s:55:12:57:Infinity":28,"f:55:41:55:Infinity":5,"s:56:17:56:Infinity":29,"b:56:63:56:76:56:76:56:Infinity":1,"s:58:12:58:Infinity":30,"s:59:12:59:Infinity":31,"s:60:12:60:Infinity":32,"s:62:12:62:Infinity":33,"s:63:12:63:Infinity":34,"s:67:25:79:Infinity":35,"f:67:25:67:32":6,"b:68:8:68:Infinity:undefined:undefined:undefined:undefined":2,"s:68:8:68:Infinity":36,"s:68:78:68:Infinity":37,"s:69:8:78:Infinity":38,"s:70:23:70:Infinity":39,"b:70:23:70:48:70:48:70:63:70:63:70:Infinity":3,"s:71:12:71:Infinity":40,"s:73:12:73:Infinity":41,"f:73:44:73:50":7,"s:73:44:73:89":42,"b:73:50:73:68:73:68:73:76:73:76:73:87":4,"s:74:12:74:Infinity":43,"s:76:12:76:Infinity":44,"s:77:12:77:Infinity":45,"s:81:21:84:Infinity":46,"f:81:21:81:22":8,"s:82:8:82:Infinity":47,"s:83:8:83:Infinity":48,"s:86:23:89:Infinity":49,"f:86:23:86:29":9,"s:87:8:87:Infinity":50,"s:88:8:88:Infinity":51,"s:91:22:95:Infinity":52,"f:91:22:91:28":10,"s:92:8:92:Infinity":53,"s:93:8:93:Infinity":54,"s:94:8:94:Infinity":55,"s:97:4:140:Infinity":56,"b:104:17:104:Infinity:105:20:108:Infinity":5,"b:112:13:112:Infinity:113:16:115:Infinity":6,"b:119:16:126:Infinity:128:16:138:Infinity":7,"b:122:52:122:67:122:67:122:Infinity":8,"b:130:24:130:Infinity:132:24:136:Infinity":9}}}
,"C:\\Users\\ricar\\Proyecto\\Smartfin-front\\src\\pages\\Chat.jsx": {"path":"C:\\Users\\ricar\\Proyecto\\Smartfin-front\\src\\pages\\Chat.jsx","statementMap":{"0":{"start":{"line":7,"column":13},"end":{"line":55,"column":null}},"1":{"start":{"line":8,"column":19},"end":{"line":8,"column":null}},"2":{"start":{"line":10,"column":30},"end":{"line":15,"column":null}},"3":{"start":{"line":17,"column":21},"end":{"line":41,"column":null}},"4":{"start":{"line":18,"column":4},"end":{"line":18,"column":null}},"5":{"start":{"line":18,"column":22},"end":{"line":18,"column":null}},"6":{"start":{"line":20,"column":4},"end":{"line":20,"column":null}},"7":{"start":{"line":20,"column":26},"end":{"line":20,"column":68}},"8":{"start":{"line":22,"column":4},"end":{"line":40,"column":null}},"9":{"start":{"line":23,"column":19},"end":{"line":23,"column":null}},"10":{"start":{"line":25,"column":6},"end":{"line":31,"column":null}},"11":{"start":{"line":25,"column":28},"end":{"line":31,"column":7}},"12":{"start":{"line":33,"column":6},"end":{"line":39,"column":null}},"13":{"start":{"line":33,"column":28},"end":{"line":39,"column":7}},"14":{"start":{"line":44,"column":2},"end":{"line":53,"column":null}}},"fnMap":{"0":{"name":"(anonymous_0)","decl":{"start":{"line":7,"column":13},"end":{"line":7,"column":19}},"loc":{"start":{"line":7,"column":19},"end":{"line":55,"column":null}},"line":7},"1":{"name":"(anonymous_1)","decl":{"start":{"line":17,"column":21},"end":{"line":17,"column":28}},"loc":{"start":{"line":17,"column":37},"end":{"line":41,"column":null}},"line":17},"2":{"name":"(anonymous_2)","decl":{"start":{"line":20,"column":16},"end":{"line":20,"column":17}},"loc":{"start":{"line":20,"column":26},"end":{"line":20,"column":68}},"line":20},"3":{"name":"(anonymous_3)","decl":{"start":{"line":25,"column":18},"end":{"line":25,"column":19}},"loc":{"start":{"line":25,"column":28},"end":{"line":31,"column":7}},"line":25},"4":{"name":"(anonymous_4)","decl":{"start":{"line":33,"column":18},"end":{"line":33,"column":19}},"loc":{"start":{"line":33,"column":28},"end":{"line":39,"column":7}},"line":33}},"branchMap":{"0":{"loc":{"start":{"line":18,"column":4},"end":{"line":18,"column":null}},"type":"if","locations":[{"start":{"line":18,"column":4},"end":{"line":18,"column":null}},{"start":{},"end":{}}],"line":18},"1":{"loc":{"start":{"line":29,"column":19},"end":{"line":29,"column":null}},"type":"binary-expr","locations":[{"start":{"line":29,"column":19},"end":{"line":29,"column":36}},{"start":{"line":29,"column":36},"end":{"line":29,"column":null}}],"line":29}},"s":{"0":1,"1":14,"2":14,"3":14,"4":3,"5":0,"6":3,"7":3,"8":3,"9":3,"10":2,"11":2,"12":1,"13":1,"14":14},"f":{"0":14,"1":3,"2":3,"3":2,"4":1},"b":{"0":[0,3],"1":[2,0]},"meta":{"lastBranch":2,"lastFunction":5,"lastStatement":15,"seen":{"s:7:13:55:Infinity":0,"f:7:13:7:19":0,"s:8:19:8:Infinity":1,"s:10:30:15:Infinity":2,"s:17:21:41:Infinity":3,"f:17:21:17:28":1,"b:18:4:18:Infinity:undefined:undefined:undefined:undefined":0,"s:18:4:18:Infinity":4,"s:18:22:18:Infinity":5,"s:20:4:20:Infinity":6,"f:20:16:20:17":2,"s:20:26:20:68":7,"s:22:4:40:Infinity":8,"s:23:19:23:Infinity":9,"s:25:6:31:Infinity":10,"f:25:18:25:19":3,"s:25:28:31:7":11,"b:29:19:29:36:29:36:29:Infinity":1,"s:33:6:39:Infinity":12,"f:33:18:33:19":4,"s:33:28:39:7":13,"s:44:2:53:Infinity":14}}}
,"C:\\Users\\ricar\\Proyecto\\Smartfin-front\\src\\pages\\Dashboard.jsx": {"path":"C:\\Users\\ricar\\Proyecto\\Smartfin-front\\src\\pages\\Dashboard.jsx","statementMap":{"0":{"start":{"line":22,"column":18},"end":{"line":198,"column":null}},"1":{"start":{"line":23,"column":15},"end":{"line":23,"column":null}},"2":{"start":{"line":25,"column":28},"end":{"line":29,"column":null}},"3":{"start":{"line":31,"column":44},"end":{"line":31,"column":null}},"4":{"start":{"line":32,"column":50},"end":{"line":32,"column":null}},"5":{"start":{"line":33,"column":28},"end":{"line":33,"column":null}},"6":{"start":{"line":35,"column":2},"end":{"line":62,"column":null}},"7":{"start":{"line":37,"column":6},"end":{"line":58,"column":null}},"8":{"start":{"line":38,"column":37},"end":{"line":41,"column":null}},"9":{"start":{"line":43,"column":8},"end":{"line":43,"column":null}},"10":{"start":{"line":44,"column":8},"end":{"line":44,"column":null}},"11":{"start":{"line":46,"column":8},"end":{"line":50,"column":null}},"12":{"start":{"line":52,"column":8},"end":{"line":52,"column":null}},"13":{"start":{"line":53,"column":8},"end":{"line":53,"column":null}},"14":{"start":{"line":55,"column":8},"end":{"line":55,"column":null}},"15":{"start":{"line":57,"column":8},"end":{"line":57,"column":null}},"16":{"start":{"line":61,"column":4},"end":{"line":61,"column":null}},"17":{"start":{"line":64,"column":2},"end":{"line":70,"column":null}},"18":{"start":{"line":65,"column":4},"end":{"line":68,"column":null}},"19":{"start":{"line":73,"column":28},"end":{"line":76,"column":null}},"20":{"start":{"line":73,"column":59},"end":{"line":76,"column":4}},"21":{"start":{"line":78,"column":2},"end":{"line":196,"column":null}},"22":{"start":{"line":165,"column":16},"end":{"line":184,"column":null}}},"fnMap":{"0":{"name":"(anonymous_0)","decl":{"start":{"line":22,"column":18},"end":{"line":22,"column":24}},"loc":{"start":{"line":22,"column":24},"end":{"line":198,"column":null}},"line":22},"1":{"name":"(anonymous_1)","decl":{"start":{"line":35,"column":12},"end":{"line":35,"column":18}},"loc":{"start":{"line":35,"column":18},"end":{"line":62,"column":5}},"line":35},"2":{"name":"loadDashboard","decl":{"start":{"line":36,"column":19},"end":{"line":36,"column":35}},"loc":{"start":{"line":36,"column":35},"end":{"line":59,"column":null}},"line":36},"3":{"name":"(anonymous_3)","decl":{"start":{"line":73,"column":48},"end":{"line":73,"column":49}},"loc":{"start":{"line":73,"column":59},"end":{"line":76,"column":4}},"line":73},"4":{"name":"(anonymous_4)","decl":{"start":{"line":164,"column":38},"end":{"line":164,"column":39}},"loc":{"start":{"line":165,"column":16},"end":{"line":184,"column":null}},"line":165}},"branchMap":{"0":{"loc":{"start":{"line":47,"column":20},"end":{"line":47,"column":null}},"type":"binary-expr","locations":[{"start":{"line":47,"column":20},"end":{"line":47,"column":37}},{"start":{"line":47,"column":37},"end":{"line":47,"column":null}}],"line":47},"1":{"loc":{"start":{"line":48,"column":18},"end":{"line":48,"column":null}},"type":"binary-expr","locations":[{"start":{"line":48,"column":18},"end":{"line":48,"column":33}},{"start":{"line":48,"column":33},"end":{"line":48,"column":null}}],"line":48},"2":{"loc":{"start":{"line":49,"column":19},"end":{"line":49,"column":null}},"type":"binary-expr","locations":[{"start":{"line":49,"column":19},"end":{"line":49,"column":35}},{"start":{"line":49,"column":35},"end":{"line":49,"column":null}}],"line":49},"3":{"loc":{"start":{"line":52,"column":27},"end":{"line":52,"column":51}},"type":"binary-expr","locations":[{"start":{"line":52,"column":27},"end":{"line":52,"column":49}},{"start":{"line":52,"column":49},"end":{"line":52,"column":51}}],"line":52},"4":{"loc":{"start":{"line":64,"column":2},"end":{"line":70,"column":null}},"type":"if","locations":[{"start":{"line":64,"column":2},"end":{"line":70,"column":null}},{"start":{},"end":{}}],"line":64},"5":{"loc":{"start":{"line":86,"column":15},"end":{"line":86,"column":null}},"type":"binary-expr","locations":[{"start":{"line":86,"column":15},"end":{"line":86,"column":31}},{"start":{"line":86,"column":31},"end":{"line":86,"column":61}},{"start":{"line":86,"column":61},"end":{"line":86,"column":null}}],"line":86},"6":{"loc":{"start":{"line":96,"column":32},"end":{"line":96,"column":null}},"type":"binary-expr","locations":[{"start":{"line":96,"column":32},"end":{"line":96,"column":78}},{"start":{"line":96,"column":78},"end":{"line":96,"column":null}}],"line":96},"7":{"loc":{"start":{"line":162,"column":11},"end":{"line":192,"column":null}},"type":"cond-expr","locations":[{"start":{"line":163,"column":12},"end":{"line":186,"column":null}},{"start":{"line":188,"column":12},"end":{"line":192,"column":null}}],"line":162},"8":{"loc":{"start":{"line":167,"column":54},"end":{"line":167,"column":113}},"type":"cond-expr","locations":[{"start":{"line":167,"column":77},"end":{"line":167,"column":98}},{"start":{"line":167,"column":98},"end":{"line":167,"column":113}}],"line":167},"9":{"loc":{"start":{"line":168,"column":23},"end":{"line":170,"column":null}},"type":"cond-expr","locations":[{"start":{"line":169,"column":24},"end":{"line":169,"column":null}},{"start":{"line":170,"column":24},"end":{"line":170,"column":null}}],"line":168},"10":{"loc":{"start":{"line":174,"column":61},"end":{"line":174,"column":97}},"type":"binary-expr","locations":[{"start":{"line":174,"column":61},"end":{"line":174,"column":79}},{"start":{"line":174,"column":79},"end":{"line":174,"column":97}}],"line":174},"11":{"loc":{"start":{"line":179,"column":47},"end":{"line":179,"column":104}},"type":"cond-expr","locations":[{"start":{"line":179,"column":70},"end":{"line":179,"column":90}},{"start":{"line":179,"column":90},"end":{"line":179,"column":104}}],"line":179},"12":{"loc":{"start":{"line":180,"column":23},"end":{"line":180,"column":56}},"type":"cond-expr","locations":[{"start":{"line":180,"column":46},"end":{"line":180,"column":52}},{"start":{"line":180,"column":52},"end":{"line":180,"column":56}}],"line":180},"13":{"loc":{"start":{"line":182,"column":21},"end":{"line":182,"column":null}},"type":"binary-expr","locations":[{"start":{"line":182,"column":21},"end":{"line":182,"column":37}},{"start":{"line":182,"column":37},"end":{"line":182,"column":null}}],"line":182}},"s":{"0":1,"1":3,"2":3,"3":3,"4":3,"5":3,"6":3,"7":2,"8":2,"9":2,"10":2,"11":2,"12":2,"13":2,"14":0,"15":2,"16":2,"17":3,"18":2,"19":1,"20":0,"21":1,"22":0},"f":{"0":3,"1":2,"2":2,"3":0,"4":0},"b":{"0":[2,0],"1":[2,0],"2":[2,0],"3":[2,0],"4":[2,1],"5":[1,1,1],"6":[3,0],"7":[0,1],"8":[0,0],"9":[0,0],"10":[0,0],"11":[0,0],"12":[0,0],"13":[0,0]},"meta":{"lastBranch":14,"lastFunction":5,"lastStatement":23,"seen":{"s:22:18:198:Infinity":0,"f:22:18:22:24":0,"s:23:15:23:Infinity":1,"s:25:28:29:Infinity":2,"s:31:44:31:Infinity":3,"s:32:50:32:Infinity":4,"s:33:28:33:Infinity":5,"s:35:2:62:Infinity":6,"f:35:12:35:18":1,"f:36:19:36:35":2,"s:37:6:58:Infinity":7,"s:38:37:41:Infinity":8,"s:43:8:43:Infinity":9,"s:44:8:44:Infinity":10,"s:46:8:50:Infinity":11,"b:47:20:47:37:47:37:47:Infinity":0,"b:48:18:48:33:48:33:48:Infinity":1,"b:49:19:49:35:49:35:49:Infinity":2,"s:52:8:52:Infinity":12,"b:52:27:52:49:52:49:52:51":3,"s:53:8:53:Infinity":13,"s:55:8:55:Infinity":14,"s:57:8:57:Infinity":15,"s:61:4:61:Infinity":16,"b:64:2:70:Infinity:undefined:undefined:undefined:undefined":4,"s:64:2:70:Infinity":17,"s:65:4:68:Infinity":18,"s:73:28:76:Infinity":19,"f:73:48:73:49":3,"s:73:59:76:4":20,"s:78:2:196:Infinity":21,"b:86:15:86:31:86:31:86:61:86:61:86:Infinity":5,"b:96:32:96:78:96:78:96:Infinity":6,"b:163:12:186:Infinity:188:12:192:Infinity":7,"f:164:38:164:39":4,"s:165:16:184:Infinity":22,"b:167:77:167:98:167:98:167:113":8,"b:169:24:169:Infinity:170:24:170:Infinity":9,"b:174:61:174:79:174:79:174:97":10,"b:179:70:179:90:179:90:179:104":11,"b:180:46:180:52:180:52:180:56":12,"b:182:21:182:37:182:37:182:Infinity":13}}}
,"C:\\Users\\ricar\\Proyecto\\Smartfin-front\\src\\pages\\Login.jsx": {"path":"C:\\Users\\ricar\\Proyecto\\Smartfin-front\\src\\pages\\Login.jsx","statementMap":{"0":{"start":{"line":9,"column":14},"end":{"line":149,"column":null}},"1":{"start":{"line":10,"column":24},"end":{"line":10,"column":null}},"2":{"start":{"line":11,"column":30},"end":{"line":11,"column":null}},"3":{"start":{"line":12,"column":24},"end":{"line":12,"column":null}},"4":{"start":{"line":13,"column":28},"end":{"line":13,"column":null}},"5":{"start":{"line":14,"column":28},"end":{"line":14,"column":null}},"6":{"start":{"line":16,"column":33},"end":{"line":16,"column":null}},"7":{"start":{"line":17,"column":8},"end":{"line":17,"column":null}},"8":{"start":{"line":18,"column":8},"end":{"line":18,"column":null}},"9":{"start":{"line":20,"column":2},"end":{"line":27,"column":null}},"10":{"start":{"line":22,"column":4},"end":{"line":26,"column":null}},"11":{"start":{"line":23,"column":6},"end":{"line":23,"column":null}},"12":{"start":{"line":25,"column":6},"end":{"line":25,"column":null}},"13":{"start":{"line":34,"column":2},"end":{"line":38,"column":null}},"14":{"start":{"line":35,"column":4},"end":{"line":37,"column":null}},"15":{"start":{"line":36,"column":6},"end":{"line":36,"column":null}},"16":{"start":{"line":43,"column":23},"end":{"line":62,"column":null}},"17":{"start":{"line":44,"column":4},"end":{"line":44,"column":null}},"18":{"start":{"line":45,"column":4},"end":{"line":45,"column":null}},"19":{"start":{"line":46,"column":4},"end":{"line":46,"column":null}},"20":{"start":{"line":47,"column":4},"end":{"line":47,"column":null}},"21":{"start":{"line":49,"column":4},"end":{"line":61,"column":null}},"22":{"start":{"line":50,"column":21},"end":{"line":50,"column":null}},"23":{"start":{"line":52,"column":6},"end":{"line":56,"column":null}},"24":{"start":{"line":53,"column":8},"end":{"line":53,"column":null}},"25":{"start":{"line":55,"column":8},"end":{"line":55,"column":null}},"26":{"start":{"line":58,"column":6},"end":{"line":58,"column":null}},"27":{"start":{"line":60,"column":6},"end":{"line":60,"column":null}},"28":{"start":{"line":64,"column":2},"end":{"line":147,"column":null}},"29":{"start":{"line":86,"column":31},"end":{"line":86,"column":null}},"30":{"start":{"line":97,"column":33},"end":{"line":97,"column":null}}},"fnMap":{"0":{"name":"(anonymous_0)","decl":{"start":{"line":9,"column":14},"end":{"line":9,"column":20}},"loc":{"start":{"line":9,"column":20},"end":{"line":149,"column":null}},"line":9},"1":{"name":"(anonymous_1)","decl":{"start":{"line":20,"column":12},"end":{"line":20,"column":18}},"loc":{"start":{"line":20,"column":18},"end":{"line":27,"column":5}},"line":20},"2":{"name":"(anonymous_2)","decl":{"start":{"line":34,"column":12},"end":{"line":34,"column":18}},"loc":{"start":{"line":34,"column":18},"end":{"line":38,"column":5}},"line":34},"3":{"name":"(anonymous_3)","decl":{"start":{"line":43,"column":23},"end":{"line":43,"column":30}},"loc":{"start":{"line":43,"column":36},"end":{"line":62,"column":null}},"line":43},"4":{"name":"(anonymous_4)","decl":{"start":{"line":86,"column":24},"end":{"line":86,"column":25}},"loc":{"start":{"line":86,"column":31},"end":{"line":86,"column":null}},"line":86},"5":{"name":"(anonymous_5)","decl":{"start":{"line":97,"column":26},"end":{"line":97,"column":27}},"loc":{"start":{"line":97,"column":33},"end":{"line":97,"column":null}},"line":97}},"branchMap":{"0":{"loc":{"start":{"line":22,"column":4},"end":{"line":26,"column":null}},"type":"if","locations":[{"start":{"line":22,"column":4},"end":{"line":26,"column":null}},{"start":{},"end":{}}],"line":22},"1":{"loc":{"start":{"line":35,"column":4},"end":{"line":37,"column":null}},"type":"if","locations":[{"start":{"line":35,"column":4},"end":{"line":37,"column":null}},{"start":{},"end":{}}],"line":35},"2":{"loc":{"start":{"line":52,"column":6},"end":{"line":56,"column":null}},"type":"if","locations":[{"start":{"line":52,"column":6},"end":{"line":56,"column":null}},{"start":{"line":54,"column":13},"end":{"line":56,"column":null}}],"line":52},"3":{"loc":{"start":{"line":58,"column":15},"end":{"line":58,"column":55}},"type":"binary-expr","locations":[{"start":{"line":58,"column":15},"end":{"line":58,"column":30}},{"start":{"line":58,"column":30},"end":{"line":58,"column":55}}],"line":58},"4":{"loc":{"start":{"line":112,"column":13},"end":{"line":115,"column":null}},"type":"binary-expr","locations":[{"start":{"line":112,"column":13},"end":{"line":112,"column":null}},{"start":{"line":113,"column":14},"end":{"line":115,"column":null}}],"line":112},"5":{"loc":{"start":{"line":118,"column":13},"end":{"line":121,"column":null}},"type":"binary-expr","locations":[{"start":{"line":118,"column":13},"end":{"line":118,"column":null}},{"start":{"line":119,"column":14},"end":{"line":121,"column":null}}],"line":118},"6":{"loc":{"start":{"line":130,"column":15},"end":{"line":130,"column":null}},"type":"cond-expr","locations":[{"start":{"line":130,"column":25},"end":{"line":130,"column":49}},{"start":{"line":130,"column":49},"end":{"line":130,"column":null}}],"line":130}},"s":{"0":1,"1":11,"2":11,"3":11,"4":11,"5":11,"6":11,"7":11,"8":11,"9":11,"10":6,"11":0,"12":0,"13":11,"14":6,"15":0,"16":11,"17":1,"18":1,"19":1,"20":1,"21":1,"22":1,"23":0,"24":0,"25":0,"26":0,"27":0,"28":11,"29":2,"30":2},"f":{"0":11,"1":6,"2":6,"3":1,"4":2,"5":2},"b":{"0":[0,6],"1":[0,6],"2":[0,0],"3":[0,0],"4":[11,0],"5":[11,0],"6":[1,10]},"meta":{"lastBranch":7,"lastFunction":6,"lastStatement":31,"seen":{"s:9:14:149:Infinity":0,"f:9:14:9:20":0,"s:10:24:10:Infinity":1,"s:11:30:11:Infinity":2,"s:12:24:12:Infinity":3,"s:13:28:13:Infinity":4,"s:14:28:14:Infinity":5,"s:16:33:16:Infinity":6,"s:17:8:17:Infinity":7,"s:18:8:18:Infinity":8,"s:20:2:27:Infinity":9,"f:20:12:20:18":1,"b:22:4:26:Infinity:undefined:undefined:undefined:undefined":0,"s:22:4:26:Infinity":10,"s:23:6:23:Infinity":11,"s:25:6:25:Infinity":12,"s:34:2:38:Infinity":13,"f:34:12:34:18":2,"b:35:4:37:Infinity:undefined:undefined:undefined:undefined":1,"s:35:4:37:Infinity":14,"s:36:6:36:Infinity":15,"s:43:23:62:Infinity":16,"f:43:23:43:30":3,"s:44:4:44:Infinity":17,"s:45:4:45:Infinity":18,"s:46:4:46:Infinity":19,"s:47:4:47:Infinity":20,"s:49:4:61:Infinity":21,"s:50:21:50:Infinity":22,"b:52:6:56:Infinity:54:13:56:Infinity":2,"s:52:6:56:Infinity":23,"s:53:8:53:Infinity":24,"s:55:8:55:Infinity":25,"s:58:6:58:Infinity":26,"b:58:15:58:30:58:30:58:55":3,"s:60:6:60:Infinity":27,"s:64:2:147:Infinity":28,"f:86:24:86:25":4,"s:86:31:86:Infinity":29,"f:97:26:97:27":5,"s:97:33:97:Infinity":30,"b:112:13:112:Infinity:113:14:115:Infinity":4,"b:118:13:118:Infinity:119:14:121:Infinity":5,"b:130:25:130:49:130:49:130:Infinity":6}}}
,"C:\\Users\\ricar\\Proyecto\\Smartfin-front\\src\\pages\\Register.jsx": {"path":"C:\\Users\\ricar\\Proyecto\\Smartfin-front\\src\\pages\\Register.jsx","statementMap":{"0":{"start":{"line":8,"column":17},"end":{"line":131,"column":null}},"1":{"start":{"line":9,"column":22},"end":{"line":9,"column":null}},"2":{"start":{"line":10,"column":24},"end":{"line":10,"column":null}},"3":{"start":{"line":11,"column":30},"end":{"line":11,"column":null}},"4":{"start":{"line":12,"column":24},"end":{"line":12,"column":null}},"5":{"start":{"line":13,"column":28},"end":{"line":13,"column":null}},"6":{"start":{"line":15,"column":39},"end":{"line":15,"column":null}},"7":{"start":{"line":16,"column":8},"end":{"line":16,"column":null}},"8":{"start":{"line":19,"column":2},"end":{"line":23,"column":null}},"9":{"start":{"line":20,"column":4},"end":{"line":22,"column":null}},"10":{"start":{"line":21,"column":6},"end":{"line":21,"column":null}},"11":{"start":{"line":25,"column":23},"end":{"line":49,"column":null}},"12":{"start":{"line":26,"column":4},"end":{"line":26,"column":null}},"13":{"start":{"line":27,"column":4},"end":{"line":27,"column":null}},"14":{"start":{"line":28,"column":4},"end":{"line":28,"column":null}},"15":{"start":{"line":30,"column":4},"end":{"line":48,"column":null}},"16":{"start":{"line":32,"column":21},"end":{"line":32,"column":null}},"17":{"start":{"line":34,"column":6},"end":{"line":43,"column":null}},"18":{"start":{"line":36,"column":8},"end":{"line":40,"column":null}},"19":{"start":{"line":42,"column":8},"end":{"line":42,"column":null}},"20":{"start":{"line":45,"column":6},"end":{"line":45,"column":null}},"21":{"start":{"line":47,"column":6},"end":{"line":47,"column":null}},"22":{"start":{"line":51,"column":2},"end":{"line":129,"column":null}},"23":{"start":{"line":75,"column":31},"end":{"line":75,"column":null}},"24":{"start":{"line":85,"column":31},"end":{"line":85,"column":null}},"25":{"start":{"line":95,"column":31},"end":{"line":95,"column":null}}},"fnMap":{"0":{"name":"(anonymous_0)","decl":{"start":{"line":8,"column":17},"end":{"line":8,"column":23}},"loc":{"start":{"line":8,"column":23},"end":{"line":131,"column":null}},"line":8},"1":{"name":"(anonymous_1)","decl":{"start":{"line":19,"column":12},"end":{"line":19,"column":18}},"loc":{"start":{"line":19,"column":18},"end":{"line":23,"column":5}},"line":19},"2":{"name":"(anonymous_2)","decl":{"start":{"line":25,"column":23},"end":{"line":25,"column":30}},"loc":{"start":{"line":25,"column":36},"end":{"line":49,"column":null}},"line":25},"3":{"name":"(anonymous_3)","decl":{"start":{"line":75,"column":24},"end":{"line":75,"column":25}},"loc":{"start":{"line":75,"column":31},"end":{"line":75,"column":null}},"line":75},"4":{"name":"(anonymous_4)","decl":{"start":{"line":85,"column":24},"end":{"line":85,"column":25}},"loc":{"start":{"line":85,"column":31},"end":{"line":85,"column":null}},"line":85},"5":{"name":"(anonymous_5)","decl":{"start":{"line":95,"column":24},"end":{"line":95,"column":25}},"loc":{"start":{"line":95,"column":31},"end":{"line":95,"column":null}},"line":95}},"branchMap":{"0":{"loc":{"start":{"line":20,"column":4},"end":{"line":22,"column":null}},"type":"if","locations":[{"start":{"line":20,"column":4},"end":{"line":22,"column":null}},{"start":{},"end":{}}],"line":20},"1":{"loc":{"start":{"line":34,"column":6},"end":{"line":43,"column":null}},"type":"if","locations":[{"start":{"line":34,"column":6},"end":{"line":43,"column":null}},{"start":{"line":41,"column":13},"end":{"line":43,"column":null}}],"line":34},"2":{"loc":{"start":{"line":42,"column":17},"end":{"line":42,"column":57}},"type":"binary-expr","locations":[{"start":{"line":42,"column":17},"end":{"line":42,"column":35}},{"start":{"line":42,"column":35},"end":{"line":42,"column":57}}],"line":42},"3":{"loc":{"start":{"line":45,"column":15},"end":{"line":45,"column":52}},"type":"binary-expr","locations":[{"start":{"line":45,"column":15},"end":{"line":45,"column":30}},{"start":{"line":45,"column":30},"end":{"line":45,"column":52}}],"line":45},"4":{"loc":{"start":{"line":100,"column":13},"end":{"line":103,"column":null}},"type":"binary-expr","locations":[{"start":{"line":100,"column":13},"end":{"line":100,"column":null}},{"start":{"line":101,"column":14},"end":{"line":103,"column":null}}],"line":100},"5":{"loc":{"start":{"line":112,"column":15},"end":{"line":112,"column":null}},"type":"cond-expr","locations":[{"start":{"line":112,"column":25},"end":{"line":112,"column":47}},{"start":{"line":112,"column":47},"end":{"line":112,"column":null}}],"line":112}},"s":{"0":1,"1":9,"2":9,"3":9,"4":9,"5":9,"6":9,"7":9,"8":9,"9":6,"10":0,"11":9,"12":0,"13":0,"14":0,"15":0,"16":0,"17":0,"18":0,"19":0,"20":0,"21":0,"22":9,"23":1,"24":1,"25":1},"f":{"0":9,"1":6,"2":0,"3":1,"4":1,"5":1},"b":{"0":[0,6],"1":[0,0],"2":[0,0],"3":[0,0],"4":[9,0],"5":[0,9]},"meta":{"lastBranch":6,"lastFunction":6,"lastStatement":26,"seen":{"s:8:17:131:Infinity":0,"f:8:17:8:23":0,"s:9:22:9:Infinity":1,"s:10:24:10:Infinity":2,"s:11:30:11:Infinity":3,"s:12:24:12:Infinity":4,"s:13:28:13:Infinity":5,"s:15:39:15:Infinity":6,"s:16:8:16:Infinity":7,"s:19:2:23:Infinity":8,"f:19:12:19:18":1,"b:20:4:22:Infinity:undefined:undefined:undefined:undefined":0,"s:20:4:22:Infinity":9,"s:21:6:21:Infinity":10,"s:25:23:49:Infinity":11,"f:25:23:25:30":2,"s:26:4:26:Infinity":12,"s:27:4:27:Infinity":13,"s:28:4:28:Infinity":14,"s:30:4:48:Infinity":15,"s:32:21:32:Infinity":16,"b:34:6:43:Infinity:41:13:43:Infinity":1,"s:34:6:43:Infinity":17,"s:36:8:40:Infinity":18,"s:42:8:42:Infinity":19,"b:42:17:42:35:42:35:42:57":2,"s:45:6:45:Infinity":20,"b:45:15:45:30:45:30:45:52":3,"s:47:6:47:Infinity":21,"s:51:2:129:Infinity":22,"f:75:24:75:25":3,"s:75:31:75:Infinity":23,"f:85:24:85:25":4,"s:85:31:85:Infinity":24,"f:95:24:95:25":5,"s:95:31:95:Infinity":25,"b:100:13:100:Infinity:101:14:103:Infinity":4,"b:112:25:112:47:112:47:112:Infinity":5}}}
,"C:\\Users\\ricar\\Proyecto\\Smartfin-front\\src\\services\\api.js": {"path":"C:\\Users\\ricar\\Proyecto\\Smartfin-front\\src\\services\\api.js","statementMap":{"0":{"start":{"line":3,"column":16},"end":{"line":3,"column":108}},"1":{"start":{"line":5,"column":12},"end":{"line":7,"column":2}},"2":{"start":{"line":9,"column":0},"end":{"line":15,"column":3}},"3":{"start":{"line":10,"column":16},"end":{"line":10,"column":45}},"4":{"start":{"line":11,"column":2},"end":{"line":13,"column":3}},"5":{"start":{"line":12,"column":4},"end":{"line":12,"column":53}},"6":{"start":{"line":14,"column":2},"end":{"line":14,"column":16}}},"fnMap":{"0":{"name":"(anonymous_0)","decl":{"start":{"line":9,"column":29},"end":{"line":9,"column":30}},"loc":{"start":{"line":9,"column":41},"end":{"line":15,"column":1}},"line":9}},"branchMap":{"0":{"loc":{"start":{"line":3,"column":16},"end":{"line":3,"column":108}},"type":"binary-expr","locations":[{"start":{"line":3,"column":16},"end":{"line":3,"column":44}},{"start":{"line":3,"column":48},"end":{"line":3,"column":108}}],"line":3},"1":{"loc":{"start":{"line":11,"column":2},"end":{"line":13,"column":3}},"type":"if","locations":[{"start":{"line":11,"column":2},"end":{"line":13,"column":3}},{"start":{},"end":{}}],"line":11}},"s":{"0":1,"1":1,"2":1,"3":1,"4":1,"5":0,"6":1},"f":{"0":1},"b":{"0":[1,0],"1":[0,1]},"meta":{"lastBranch":2,"lastFunction":1,"lastStatement":7,"seen":{"s:3:16:3:108":0,"b:3:16:3:44:3:48:3:108":0,"s:5:12:7:2":1,"s:9:0:15:3":2,"f:9:29:9:30":0,"s:10:16:10:45":3,"b:11:2:13:3:undefined:undefined:undefined:undefined":1,"s:11:2:13:3":4,"s:12:4:12:53":5,"s:14:2:14:16":6}}}
,"C:\\Users\\ricar\\Proyecto\\Smartfin-front\\src\\services\\authService.js": {"path":"C:\\Users\\ricar\\Proyecto\\Smartfin-front\\src\\services\\authService.js","statementMap":{"0":{"start":{"line":4,"column":16},"end":{"line":4,"column":108}},"1":{"start":{"line":11,"column":2},"end":{"line":14,"column":3}},"2":{"start":{"line":12,"column":4},"end":{"line":12,"column":44}},"3":{"start":{"line":13,"column":4},"end":{"line":13,"column":76}},"4":{"start":{"line":16,"column":2},"end":{"line":16,"column":53}},"5":{"start":{"line":18,"column":19},"end":{"line":27,"column":4}},"6":{"start":{"line":29,"column":15},"end":{"line":29,"column":36}},"7":{"start":{"line":31,"column":2},"end":{"line":37,"column":3}},"8":{"start":{"line":33,"column":4},"end":{"line":36,"column":6}},"9":{"start":{"line":39,"column":2},"end":{"line":42,"column":3}},"10":{"start":{"line":40,"column":4},"end":{"line":40,"column":46}},"11":{"start":{"line":41,"column":4},"end":{"line":41,"column":60}},"12":{"start":{"line":44,"column":2},"end":{"line":44,"column":36}},"13":{"start":{"line":52,"column":2},"end":{"line":55,"column":3}},"14":{"start":{"line":53,"column":4},"end":{"line":53,"column":44}},"15":{"start":{"line":54,"column":4},"end":{"line":54,"column":76}},"16":{"start":{"line":57,"column":2},"end":{"line":57,"column":56}},"17":{"start":{"line":59,"column":19},"end":{"line":69,"column":4}},"18":{"start":{"line":71,"column":15},"end":{"line":71,"column":36}},"19":{"start":{"line":73,"column":2},"end":{"line":79,"column":3}},"20":{"start":{"line":74,"column":4},"end":{"line":74,"column":43}},"21":{"start":{"line":75,"column":4},"end":{"line":78,"column":6}},"22":{"start":{"line":81,"column":2},"end":{"line":81,"column":36}},"23":{"start":{"line":88,"column":16},"end":{"line":88,"column":45}},"24":{"start":{"line":90,"column":2},"end":{"line":92,"column":3}},"25":{"start":{"line":91,"column":4},"end":{"line":91,"column":38}},"26":{"start":{"line":94,"column":19},"end":{"line":98,"column":4}},"27":{"start":{"line":100,"column":2},"end":{"line":102,"column":3}},"28":{"start":{"line":101,"column":4},"end":{"line":101,"column":47}},"29":{"start":{"line":104,"column":2},"end":{"line":104,"column":25}}},"fnMap":{"0":{"name":"login","decl":{"start":{"line":9,"column":22},"end":{"line":9,"column":27}},"loc":{"start":{"line":9,"column":45},"end":{"line":45,"column":1}},"line":9},"1":{"name":"register","decl":{"start":{"line":50,"column":22},"end":{"line":50,"column":30}},"loc":{"start":{"line":50,"column":48},"end":{"line":82,"column":1}},"line":50},"2":{"name":"getProfile","decl":{"start":{"line":87,"column":22},"end":{"line":87,"column":32}},"loc":{"start":{"line":87,"column":35},"end":{"line":105,"column":1}},"line":87}},"branchMap":{"0":{"loc":{"start":{"line":4,"column":16},"end":{"line":4,"column":108}},"type":"binary-expr","locations":[{"start":{"line":4,"column":16},"end":{"line":4,"column":44}},{"start":{"line":4,"column":48},"end":{"line":4,"column":108}}],"line":4},"1":{"loc":{"start":{"line":11,"column":2},"end":{"line":14,"column":3}},"type":"if","locations":[{"start":{"line":11,"column":2},"end":{"line":14,"column":3}},{"start":{},"end":{}}],"line":11},"2":{"loc":{"start":{"line":11,"column":6},"end":{"line":11,"column":25}},"type":"binary-expr","locations":[{"start":{"line":11,"column":6},"end":{"line":11,"column":12}},{"start":{"line":11,"column":16},"end":{"line":11,"column":25}}],"line":11},"3":{"loc":{"start":{"line":31,"column":2},"end":{"line":37,"column":3}},"type":"if","locations":[{"start":{"line":31,"column":2},"end":{"line":37,"column":3}},{"start":{},"end":{}}],"line":31},"4":{"loc":{"start":{"line":35,"column":15},"end":{"line":35,"column":56}},"type":"binary-expr","locations":[{"start":{"line":35,"column":15},"end":{"line":35,"column":27}},{"start":{"line":35,"column":31},"end":{"line":35,"column":56}}],"line":35},"5":{"loc":{"start":{"line":39,"column":2},"end":{"line":42,"column":3}},"type":"if","locations":[{"start":{"line":39,"column":2},"end":{"line":42,"column":3}},{"start":{},"end":{}}],"line":39},"6":{"loc":{"start":{"line":52,"column":2},"end":{"line":55,"column":3}},"type":"if","locations":[{"start":{"line":52,"column":2},"end":{"line":55,"column":3}},{"start":{},"end":{}}],"line":52},"7":{"loc":{"start":{"line":52,"column":6},"end":{"line":52,"column":25}},"type":"binary-expr","locations":[{"start":{"line":52,"column":6},"end":{"line":52,"column":12}},{"start":{"line":52,"column":16},"end":{"line":52,"column":25}}],"line":52},"8":{"loc":{"start":{"line":73,"column":2},"end":{"line":79,"column":3}},"type":"if","locations":[{"start":{"line":73,"column":2},"end":{"line":79,"column":3}},{"start":{},"end":{}}],"line":73},"9":{"loc":{"start":{"line":77,"column":15},"end":{"line":77,"column":53}},"type":"binary-expr","locations":[{"start":{"line":77,"column":15},"end":{"line":77,"column":27}},{"start":{"line":77,"column":31},"end":{"line":77,"column":53}}],"line":77},"10":{"loc":{"start":{"line":90,"column":2},"end":{"line":92,"column":3}},"type":"if","locations":[{"start":{"line":90,"column":2},"end":{"line":92,"column":3}},{"start":{},"end":{}}],"line":90},"11":{"loc":{"start":{"line":100,"column":2},"end":{"line":102,"column":3}},"type":"if","locations":[{"start":{"line":100,"column":2},"end":{"line":102,"column":3}},{"start":{},"end":{}}],"line":100}},"s":{"0":1,"1":5,"2":2,"3":2,"4":3,"5":3,"6":3,"7":3,"8":2,"9":1,"10":1,"11":1,"12":1,"13":5,"14":2,"15":2,"16":3,"17":3,"18":3,"19":3,"20":2,"21":2,"22":1,"23":3,"24":3,"25":1,"26":2,"27":2,"28":1,"29":1},"f":{"0":5,"1":5,"2":3},"b":{"0":[1,0],"1":[2,3],"2":[5,4],"3":[2,1],"4":[2,1],"5":[1,0],"6":[2,3],"7":[5,4],"8":[2,1],"9":[2,1],"10":[1,2],"11":[1,1]},"meta":{"lastBranch":12,"lastFunction":3,"lastStatement":30,"seen":{"s:4:16:4:108":0,"b:4:16:4:44:4:48:4:108":0,"f:9:22:9:27":0,"b:11:2:14:3:undefined:undefined:undefined:undefined":1,"s:11:2:14:3":1,"b:11:6:11:12:11:16:11:25":2,"s:12:4:12:44":2,"s:13:4:13:76":3,"s:16:2:16:53":4,"s:18:19:27:4":5,"s:29:15:29:36":6,"b:31:2:37:3:undefined:undefined:undefined:undefined":3,"s:31:2:37:3":7,"s:33:4:36:6":8,"b:35:15:35:27:35:31:35:56":4,"b:39:2:42:3:undefined:undefined:undefined:undefined":5,"s:39:2:42:3":9,"s:40:4:40:46":10,"s:41:4:41:60":11,"s:44:2:44:36":12,"f:50:22:50:30":1,"b:52:2:55:3:undefined:undefined:undefined:undefined":6,"s:52:2:55:3":13,"b:52:6:52:12:52:16:52:25":7,"s:53:4:53:44":14,"s:54:4:54:76":15,"s:57:2:57:56":16,"s:59:19:69:4":17,"s:71:15:71:36":18,"b:73:2:79:3:undefined:undefined:undefined:undefined":8,"s:73:2:79:3":19,"s:74:4:74:43":20,"s:75:4:78:6":21,"b:77:15:77:27:77:31:77:53":9,"s:81:2:81:36":22,"f:87:22:87:32":2,"s:88:16:88:45":23,"b:90:2:92:3:undefined:undefined:undefined:undefined":10,"s:90:2:92:3":24,"s:91:4:91:38":25,"s:94:19:98:4":26,"b:100:2:102:3:undefined:undefined:undefined:undefined":11,"s:100:2:102:3":27,"s:101:4:101:47":28,"s:104:2:104:25":29}}}
,"C:\\Users\\ricar\\Proyecto\\Smartfin-front\\src\\services\\chatService.js": {"path":"C:\\Users\\ricar\\Proyecto\\Smartfin-front\\src\\services\\chatService.js","statementMap":{"0":{"start":{"line":4,"column":19},"end":{"line":6,"column":4}},"1":{"start":{"line":8,"column":2},"end":{"line":8,"column":23}}},"fnMap":{"0":{"name":"sendMessageToBot","decl":{"start":{"line":3,"column":22},"end":{"line":3,"column":38}},"loc":{"start":{"line":3,"column":48},"end":{"line":9,"column":1}},"line":3}},"branchMap":{},"s":{"0":5,"1":4},"f":{"0":5},"b":{},"meta":{"lastBranch":0,"lastFunction":1,"lastStatement":2,"seen":{"f:3:22:3:38":0,"s:4:19:6:4":0,"s:8:2:8:23":1}}}
,"C:\\Users\\ricar\\Proyecto\\Smartfin-front\\src\\styles\\dashboard.css": {"path":"C:\\Users\\ricar\\Proyecto\\Smartfin-front\\src\\styles\\dashboard.css","statementMap":{},"fnMap":{},"branchMap":{},"s":{},"f":{},"b":{},"meta":{"lastBranch":0,"lastFunction":0,"lastStatement":0,"seen":{}}}
}
